[2023-12-28 23:34:35] INFO uvicorn.error serve() L76   call_trace=E:\∏¥œ∞\fastApiProject\venv\lib\site-packages\uvicorn\server.py L76   in server: Started server process [14032]
[2023-12-28 23:34:35] INFO uvicorn.error startup() L46   call_trace=E:\∏¥œ∞\fastApiProject\venv\lib\site-packages\uvicorn\lifespan\on.py L46   in on: Waiting for application startup.
[2023-12-28 23:34:35] INFO uvicorn.error startup() L60   call_trace=E:\∏¥œ∞\fastApiProject\venv\lib\site-packages\uvicorn\lifespan\on.py L60   in on: Application startup complete.
[2023-12-28 23:37:08] INFO uvicorn.error shutdown() L264  call_trace=E:\∏¥œ∞\fastApiProject\venv\lib\site-packages\uvicorn\server.py L264  in server: Shutting down
[2023-12-29 08:47:51] INFO uvicorn.error serve() L76   call_trace=D:\Project\Automated_Testing_FastApi\.venv\lib\site-packages\uvicorn\server.py L76   in server: Started server process [2600]
[2023-12-29 08:47:51] INFO uvicorn.error startup() L46   call_trace=D:\Project\Automated_Testing_FastApi\.venv\lib\site-packages\uvicorn\lifespan\on.py L46   in on: Waiting for application startup.
[2023-12-29 08:47:51] INFO uvicorn.error startup() L60   call_trace=D:\Project\Automated_Testing_FastApi\.venv\lib\site-packages\uvicorn\lifespan\on.py L60   in on: Application startup complete.
[2023-12-29 09:58:58] INFO uvicorn.error shutdown() L264  call_trace=D:\Project\Automated_Testing_FastApi\.venv\lib\site-packages\uvicorn\server.py L264  in server: Shutting down
[2023-12-29 09:58:58] INFO uvicorn.error shutdown() L65   call_trace=D:\Project\Automated_Testing_FastApi\.venv\lib\site-packages\uvicorn\lifespan\on.py L65   in on: Waiting for application shutdown.
[2023-12-29 09:58:58] INFO uvicorn.error shutdown() L76   call_trace=D:\Project\Automated_Testing_FastApi\.venv\lib\site-packages\uvicorn\lifespan\on.py L76   in on: Application shutdown complete.
[2023-12-29 09:58:58] INFO uvicorn.error serve() L86   call_trace=D:\Project\Automated_Testing_FastApi\.venv\lib\site-packages\uvicorn\server.py L86   in server: Finished server process [2600]
[2023-12-29 09:59:01] INFO uvicorn.error serve() L76   call_trace=D:\Project\Automated_Testing_FastApi\.venv\lib\site-packages\uvicorn\server.py L76   in server: Started server process [4460]
[2023-12-29 09:59:01] INFO uvicorn.error startup() L46   call_trace=D:\Project\Automated_Testing_FastApi\.venv\lib\site-packages\uvicorn\lifespan\on.py L46   in on: Waiting for application startup.
[2023-12-29 09:59:01] INFO uvicorn.error startup() L60   call_trace=D:\Project\Automated_Testing_FastApi\.venv\lib\site-packages\uvicorn\lifespan\on.py L60   in on: Application startup complete.
[2023-12-29 10:38:32] INFO uvicorn.error serve() L76   call_trace=D:\Project\Automated_Testing_FastApi\.venv\lib\site-packages\uvicorn\server.py L76   in server: Started server process [9788]
[2023-12-29 10:38:32] INFO uvicorn.error startup() L46   call_trace=D:\Project\Automated_Testing_FastApi\.venv\lib\site-packages\uvicorn\lifespan\on.py L46   in on: Waiting for application startup.
[2023-12-29 10:38:32] INFO uvicorn.error startup() L60   call_trace=D:\Project\Automated_Testing_FastApi\.venv\lib\site-packages\uvicorn\lifespan\on.py L60   in on: Application startup complete.
[2023-12-29 10:42:51] INFO uvicorn.error shutdown() L264  call_trace=D:\Project\Automated_Testing_FastApi\.venv\lib\site-packages\uvicorn\server.py L264  in server: Shutting down
[2023-12-29 10:42:51] INFO uvicorn.error shutdown() L65   call_trace=D:\Project\Automated_Testing_FastApi\.venv\lib\site-packages\uvicorn\lifespan\on.py L65   in on: Waiting for application shutdown.
[2023-12-29 10:42:51] INFO uvicorn.error shutdown() L76   call_trace=D:\Project\Automated_Testing_FastApi\.venv\lib\site-packages\uvicorn\lifespan\on.py L76   in on: Application shutdown complete.
[2023-12-29 10:42:51] INFO uvicorn.error serve() L86   call_trace=D:\Project\Automated_Testing_FastApi\.venv\lib\site-packages\uvicorn\server.py L86   in server: Finished server process [9788]
[2023-12-29 10:42:52] INFO uvicorn.error serve() L76   call_trace=D:\Project\Automated_Testing_FastApi\.venv\lib\site-packages\uvicorn\server.py L76   in server: Started server process [11756]
[2023-12-29 10:42:52] INFO uvicorn.error startup() L46   call_trace=D:\Project\Automated_Testing_FastApi\.venv\lib\site-packages\uvicorn\lifespan\on.py L46   in on: Waiting for application startup.
[2023-12-29 10:42:52] INFO uvicorn.error startup() L60   call_trace=D:\Project\Automated_Testing_FastApi\.venv\lib\site-packages\uvicorn\lifespan\on.py L60   in on: Application startup complete.
[2023-12-29 10:43:24] ERROR uvicorn.error run_asgi() L431  call_trace=D:\Project\Automated_Testing_FastApi\.venv\lib\site-packages\uvicorn\protocols\http\httptools_impl.py L431  in httptools_impl: Exception in ASGI application
Traceback (most recent call last):
  File "D:\Project\Automated_Testing_FastApi\.venv\lib\site-packages\sqlalchemy\engine\base.py", line 1969, in _exec_single_context
    self.dialect.do_execute(
  File "D:\Project\Automated_Testing_FastApi\.venv\lib\site-packages\sqlalchemy\engine\default.py", line 922, in do_execute
    cursor.execute(statement, parameters)
  File "D:\Project\Automated_Testing_FastApi\.venv\lib\site-packages\pymysql\cursors.py", line 153, in execute
    result = self._query(query)
  File "D:\Project\Automated_Testing_FastApi\.venv\lib\site-packages\pymysql\cursors.py", line 322, in _query
    conn.query(q)
  File "D:\Project\Automated_Testing_FastApi\.venv\lib\site-packages\pymysql\connections.py", line 558, in query
    self._affected_rows = self._read_query_result(unbuffered=unbuffered)
  File "D:\Project\Automated_Testing_FastApi\.venv\lib\site-packages\pymysql\connections.py", line 822, in _read_query_result
    result.read()
  File "D:\Project\Automated_Testing_FastApi\.venv\lib\site-packages\pymysql\connections.py", line 1200, in read
    first_packet = self.connection._read_packet()
  File "D:\Project\Automated_Testing_FastApi\.venv\lib\site-packages\pymysql\connections.py", line 772, in _read_packet
    packet.raise_for_error()
  File "D:\Project\Automated_Testing_FastApi\.venv\lib\site-packages\pymysql\protocol.py", line 221, in raise_for_error
    err.raise_mysql_exception(self._data)
  File "D:\Project\Automated_Testing_FastApi\.venv\lib\site-packages\pymysql\err.py", line 143, in raise_mysql_exception
    raise errorclass(errno, errval)
pymysql.err.IntegrityError: (1048, "Column 'Project_creation_time' cannot be null")

The above exception was the direct cause of the following exception:

Traceback (most recent call last):
  File "D:\Project\Automated_Testing_FastApi\.venv\lib\site-packages\uvicorn\protocols\http\httptools_impl.py", line 426, in run_asgi
    result = await app(  # type: ignore[func-returns-value]
  File "D:\Project\Automated_Testing_FastApi\.venv\lib\site-packages\uvicorn\middleware\proxy_headers.py", line 84, in __call__
    return await self.app(scope, receive, send)
  File "D:\Project\Automated_Testing_FastApi\.venv\lib\site-packages\fastapi\applications.py", line 1054, in __call__
    await super().__call__(scope, receive, send)
  File "D:\Project\Automated_Testing_FastApi\.venv\lib\site-packages\starlette\applications.py", line 116, in __call__
    await self.middleware_stack(scope, receive, send)
  File "D:\Project\Automated_Testing_FastApi\.venv\lib\site-packages\starlette\middleware\errors.py", line 186, in __call__
    raise exc
  File "D:\Project\Automated_Testing_FastApi\.venv\lib\site-packages\starlette\middleware\errors.py", line 164, in __call__
    await self.app(scope, receive, _send)
  File "D:\Project\Automated_Testing_FastApi\.venv\lib\site-packages\starlette\middleware\cors.py", line 91, in __call__
    await self.simple_response(scope, receive, send, request_headers=headers)
  File "D:\Project\Automated_Testing_FastApi\.venv\lib\site-packages\starlette\middleware\cors.py", line 146, in simple_response
    await self.app(scope, receive, send)
  File "D:\Project\Automated_Testing_FastApi\.venv\lib\site-packages\starlette\middleware\exceptions.py", line 62, in __call__
    await wrap_app_handling_exceptions(self.app, conn)(scope, receive, send)
  File "D:\Project\Automated_Testing_FastApi\.venv\lib\site-packages\starlette\_exception_handler.py", line 55, in wrapped_app
    raise exc
  File "D:\Project\Automated_Testing_FastApi\.venv\lib\site-packages\starlette\_exception_handler.py", line 44, in wrapped_app
    await app(scope, receive, sender)
  File "D:\Project\Automated_Testing_FastApi\.venv\lib\site-packages\starlette\routing.py", line 746, in __call__
    await route.handle(scope, receive, send)
  File "D:\Project\Automated_Testing_FastApi\.venv\lib\site-packages\starlette\routing.py", line 288, in handle
    await self.app(scope, receive, send)
  File "D:\Project\Automated_Testing_FastApi\.venv\lib\site-packages\starlette\routing.py", line 75, in app
    await wrap_app_handling_exceptions(app, request)(scope, receive, send)
  File "D:\Project\Automated_Testing_FastApi\.venv\lib\site-packages\starlette\_exception_handler.py", line 55, in wrapped_app
    raise exc
  File "D:\Project\Automated_Testing_FastApi\.venv\lib\site-packages\starlette\_exception_handler.py", line 44, in wrapped_app
    await app(scope, receive, sender)
  File "D:\Project\Automated_Testing_FastApi\.venv\lib\site-packages\starlette\routing.py", line 70, in app
    response = await func(request)
  File "D:\Project\Automated_Testing_FastApi\.venv\lib\site-packages\fastapi\routing.py", line 299, in app
    raise e
  File "D:\Project\Automated_Testing_FastApi\.venv\lib\site-packages\fastapi\routing.py", line 294, in app
    raw_response = await run_endpoint_function(
  File "D:\Project\Automated_Testing_FastApi\.venv\lib\site-packages\fastapi\routing.py", line 193, in run_endpoint_function
    return await run_in_threadpool(dependant.call, **values)
  File "D:\Project\Automated_Testing_FastApi\.venv\lib\site-packages\starlette\concurrency.py", line 35, in run_in_threadpool
    return await anyio.to_thread.run_sync(func, *args)
  File "D:\Project\Automated_Testing_FastApi\.venv\lib\site-packages\anyio\to_thread.py", line 56, in run_sync
    return await get_async_backend().run_sync_in_worker_thread(
  File "D:\Project\Automated_Testing_FastApi\.venv\lib\site-packages\anyio\_backends\_asyncio.py", line 2134, in run_sync_in_worker_thread
    return await future
  File "D:\Project\Automated_Testing_FastApi\.venv\lib\site-packages\anyio\_backends\_asyncio.py", line 851, in run
    result = context.run(func, *args)
  File "D:\Project\Automated_Testing_FastApi\routers\Project.py", line 23, in create_user
    db.commit()
  File "D:\Project\Automated_Testing_FastApi\.venv\lib\site-packages\sqlalchemy\orm\session.py", line 1969, in commit
    trans.commit(_to_root=True)
  File "<string>", line 2, in commit
  File "D:\Project\Automated_Testing_FastApi\.venv\lib\site-packages\sqlalchemy\orm\state_changes.py", line 139, in _go
    ret_value = fn(self, *arg, **kw)
  File "D:\Project\Automated_Testing_FastApi\.venv\lib\site-packages\sqlalchemy\orm\session.py", line 1256, in commit
    self._prepare_impl()
  File "<string>", line 2, in _prepare_impl
  File "D:\Project\Automated_Testing_FastApi\.venv\lib\site-packages\sqlalchemy\orm\state_changes.py", line 139, in _go
    ret_value = fn(self, *arg, **kw)
  File "D:\Project\Automated_Testing_FastApi\.venv\lib\site-packages\sqlalchemy\orm\session.py", line 1231, in _prepare_impl
    self.session.flush()
  File "D:\Project\Automated_Testing_FastApi\.venv\lib\site-packages\sqlalchemy\orm\session.py", line 4312, in flush
    self._flush(objects)
  File "D:\Project\Automated_Testing_FastApi\.venv\lib\site-packages\sqlalchemy\orm\session.py", line 4447, in _flush
    with util.safe_reraise():
  File "D:\Project\Automated_Testing_FastApi\.venv\lib\site-packages\sqlalchemy\util\langhelpers.py", line 146, in __exit__
    raise exc_value.with_traceback(exc_tb)
  File "D:\Project\Automated_Testing_FastApi\.venv\lib\site-packages\sqlalchemy\orm\session.py", line 4408, in _flush
    flush_context.execute()
  File "D:\Project\Automated_Testing_FastApi\.venv\lib\site-packages\sqlalchemy\orm\unitofwork.py", line 466, in execute
    rec.execute(self)
  File "D:\Project\Automated_Testing_FastApi\.venv\lib\site-packages\sqlalchemy\orm\unitofwork.py", line 642, in execute
    util.preloaded.orm_persistence.save_obj(
  File "D:\Project\Automated_Testing_FastApi\.venv\lib\site-packages\sqlalchemy\orm\persistence.py", line 93, in save_obj
    _emit_insert_statements(
  File "D:\Project\Automated_Testing_FastApi\.venv\lib\site-packages\sqlalchemy\orm\persistence.py", line 1227, in _emit_insert_statements
    result = connection.execute(
  File "D:\Project\Automated_Testing_FastApi\.venv\lib\site-packages\sqlalchemy\engine\base.py", line 1416, in execute
    return meth(
  File "D:\Project\Automated_Testing_FastApi\.venv\lib\site-packages\sqlalchemy\sql\elements.py", line 517, in _execute_on_connection
    return connection._execute_clauseelement(
  File "D:\Project\Automated_Testing_FastApi\.venv\lib\site-packages\sqlalchemy\engine\base.py", line 1639, in _execute_clauseelement
    ret = self._execute_context(
  File "D:\Project\Automated_Testing_FastApi\.venv\lib\site-packages\sqlalchemy\engine\base.py", line 1848, in _execute_context
    return self._exec_single_context(
  File "D:\Project\Automated_Testing_FastApi\.venv\lib\site-packages\sqlalchemy\engine\base.py", line 1988, in _exec_single_context
    self._handle_dbapi_exception(
  File "D:\Project\Automated_Testing_FastApi\.venv\lib\site-packages\sqlalchemy\engine\base.py", line 2344, in _handle_dbapi_exception
    raise sqlalchemy_exception.with_traceback(exc_info[2]) from e
  File "D:\Project\Automated_Testing_FastApi\.venv\lib\site-packages\sqlalchemy\engine\base.py", line 1969, in _exec_single_context
    self.dialect.do_execute(
  File "D:\Project\Automated_Testing_FastApi\.venv\lib\site-packages\sqlalchemy\engine\default.py", line 922, in do_execute
    cursor.execute(statement, parameters)
  File "D:\Project\Automated_Testing_FastApi\.venv\lib\site-packages\pymysql\cursors.py", line 153, in execute
    result = self._query(query)
  File "D:\Project\Automated_Testing_FastApi\.venv\lib\site-packages\pymysql\cursors.py", line 322, in _query
    conn.query(q)
  File "D:\Project\Automated_Testing_FastApi\.venv\lib\site-packages\pymysql\connections.py", line 558, in query
    self._affected_rows = self._read_query_result(unbuffered=unbuffered)
  File "D:\Project\Automated_Testing_FastApi\.venv\lib\site-packages\pymysql\connections.py", line 822, in _read_query_result
    result.read()
  File "D:\Project\Automated_Testing_FastApi\.venv\lib\site-packages\pymysql\connections.py", line 1200, in read
    first_packet = self.connection._read_packet()
  File "D:\Project\Automated_Testing_FastApi\.venv\lib\site-packages\pymysql\connections.py", line 772, in _read_packet
    packet.raise_for_error()
  File "D:\Project\Automated_Testing_FastApi\.venv\lib\site-packages\pymysql\protocol.py", line 221, in raise_for_error
    err.raise_mysql_exception(self._data)
  File "D:\Project\Automated_Testing_FastApi\.venv\lib\site-packages\pymysql\err.py", line 143, in raise_mysql_exception
    raise errorclass(errno, errval)
sqlalchemy.exc.IntegrityError: (pymysql.err.IntegrityError) (1048, "Column 'Project_creation_time' cannot be null")
[SQL: INSERT INTO project (project_name, `Project_creator`, `Project_creation_time`) VALUES (%(project_name)s, %(Project_creator)s, %(Project_creation_time)s)]
[parameters: {'project_name': '≤‚ ‘3', 'Project_creator': 'ΩªΩª', 'Project_creation_time': None}]
(Background on this error at: https://sqlalche.me/e/20/gkpj)
[2023-12-29 10:44:07] INFO uvicorn.error serve() L76   call_trace=D:\Project\Automated_Testing_FastApi\.venv\lib\site-packages\uvicorn\server.py L76   in server: Started server process [11276]
[2023-12-29 10:44:07] INFO uvicorn.error startup() L46   call_trace=D:\Project\Automated_Testing_FastApi\.venv\lib\site-packages\uvicorn\lifespan\on.py L46   in on: Waiting for application startup.
[2023-12-29 10:44:07] INFO uvicorn.error startup() L60   call_trace=D:\Project\Automated_Testing_FastApi\.venv\lib\site-packages\uvicorn\lifespan\on.py L60   in on: Application startup complete.
[2023-12-29 10:53:53] INFO uvicorn.error shutdown() L264  call_trace=D:\Project\Automated_Testing_FastApi\.venv\lib\site-packages\uvicorn\server.py L264  in server: Shutting down
[2023-12-29 10:53:53] INFO uvicorn.error shutdown() L65   call_trace=D:\Project\Automated_Testing_FastApi\.venv\lib\site-packages\uvicorn\lifespan\on.py L65   in on: Waiting for application shutdown.
[2023-12-29 10:53:53] INFO uvicorn.error shutdown() L76   call_trace=D:\Project\Automated_Testing_FastApi\.venv\lib\site-packages\uvicorn\lifespan\on.py L76   in on: Application shutdown complete.
[2023-12-29 10:53:53] INFO uvicorn.error serve() L86   call_trace=D:\Project\Automated_Testing_FastApi\.venv\lib\site-packages\uvicorn\server.py L86   in server: Finished server process [11276]
[2023-12-29 10:53:55] INFO uvicorn.error serve() L76   call_trace=D:\Project\Automated_Testing_FastApi\.venv\lib\site-packages\uvicorn\server.py L76   in server: Started server process [24260]
[2023-12-29 10:53:55] INFO uvicorn.error startup() L46   call_trace=D:\Project\Automated_Testing_FastApi\.venv\lib\site-packages\uvicorn\lifespan\on.py L46   in on: Waiting for application startup.
[2023-12-29 10:53:55] INFO uvicorn.error startup() L60   call_trace=D:\Project\Automated_Testing_FastApi\.venv\lib\site-packages\uvicorn\lifespan\on.py L60   in on: Application startup complete.
[2023-12-29 10:59:53] INFO uvicorn.error serve() L76   call_trace=D:\Project\Automated_Testing_FastApi\.venv\lib\site-packages\uvicorn\server.py L76   in server: Started server process [15528]
[2023-12-29 10:59:53] INFO uvicorn.error startup() L46   call_trace=D:\Project\Automated_Testing_FastApi\.venv\lib\site-packages\uvicorn\lifespan\on.py L46   in on: Waiting for application startup.
[2023-12-29 10:59:53] INFO uvicorn.error startup() L60   call_trace=D:\Project\Automated_Testing_FastApi\.venv\lib\site-packages\uvicorn\lifespan\on.py L60   in on: Application startup complete.
[2023-12-29 11:00:05] ERROR uvicorn.error run_asgi() L431  call_trace=D:\Project\Automated_Testing_FastApi\.venv\lib\site-packages\uvicorn\protocols\http\httptools_impl.py L431  in httptools_impl: Exception in ASGI application
Traceback (most recent call last):
  File "D:\Project\Automated_Testing_FastApi\.venv\lib\site-packages\uvicorn\protocols\http\httptools_impl.py", line 426, in run_asgi
    result = await app(  # type: ignore[func-returns-value]
  File "D:\Project\Automated_Testing_FastApi\.venv\lib\site-packages\uvicorn\middleware\proxy_headers.py", line 84, in __call__
    return await self.app(scope, receive, send)
  File "D:\Project\Automated_Testing_FastApi\.venv\lib\site-packages\fastapi\applications.py", line 1054, in __call__
    await super().__call__(scope, receive, send)
  File "D:\Project\Automated_Testing_FastApi\.venv\lib\site-packages\starlette\applications.py", line 116, in __call__
    await self.middleware_stack(scope, receive, send)
  File "D:\Project\Automated_Testing_FastApi\.venv\lib\site-packages\starlette\middleware\errors.py", line 186, in __call__
    raise exc
  File "D:\Project\Automated_Testing_FastApi\.venv\lib\site-packages\starlette\middleware\errors.py", line 164, in __call__
    await self.app(scope, receive, _send)
  File "D:\Project\Automated_Testing_FastApi\.venv\lib\site-packages\starlette\middleware\cors.py", line 83, in __call__
    await self.app(scope, receive, send)
  File "D:\Project\Automated_Testing_FastApi\.venv\lib\site-packages\starlette\middleware\exceptions.py", line 62, in __call__
    await wrap_app_handling_exceptions(self.app, conn)(scope, receive, send)
  File "D:\Project\Automated_Testing_FastApi\.venv\lib\site-packages\starlette\_exception_handler.py", line 55, in wrapped_app
    raise exc
  File "D:\Project\Automated_Testing_FastApi\.venv\lib\site-packages\starlette\_exception_handler.py", line 44, in wrapped_app
    await app(scope, receive, sender)
  File "D:\Project\Automated_Testing_FastApi\.venv\lib\site-packages\starlette\routing.py", line 746, in __call__
    await route.handle(scope, receive, send)
  File "D:\Project\Automated_Testing_FastApi\.venv\lib\site-packages\starlette\routing.py", line 288, in handle
    await self.app(scope, receive, send)
  File "D:\Project\Automated_Testing_FastApi\.venv\lib\site-packages\starlette\routing.py", line 75, in app
    await wrap_app_handling_exceptions(app, request)(scope, receive, send)
  File "D:\Project\Automated_Testing_FastApi\.venv\lib\site-packages\starlette\_exception_handler.py", line 55, in wrapped_app
    raise exc
  File "D:\Project\Automated_Testing_FastApi\.venv\lib\site-packages\starlette\_exception_handler.py", line 44, in wrapped_app
    await app(scope, receive, sender)
  File "D:\Project\Automated_Testing_FastApi\.venv\lib\site-packages\starlette\routing.py", line 70, in app
    response = await func(request)
  File "D:\Project\Automated_Testing_FastApi\.venv\lib\site-packages\fastapi\routing.py", line 299, in app
    raise e
  File "D:\Project\Automated_Testing_FastApi\.venv\lib\site-packages\fastapi\routing.py", line 294, in app
    raw_response = await run_endpoint_function(
  File "D:\Project\Automated_Testing_FastApi\.venv\lib\site-packages\fastapi\routing.py", line 193, in run_endpoint_function
    return await run_in_threadpool(dependant.call, **values)
  File "D:\Project\Automated_Testing_FastApi\.venv\lib\site-packages\starlette\concurrency.py", line 35, in run_in_threadpool
    return await anyio.to_thread.run_sync(func, *args)
  File "D:\Project\Automated_Testing_FastApi\.venv\lib\site-packages\anyio\to_thread.py", line 56, in run_sync
    return await get_async_backend().run_sync_in_worker_thread(
  File "D:\Project\Automated_Testing_FastApi\.venv\lib\site-packages\anyio\_backends\_asyncio.py", line 2134, in run_sync_in_worker_thread
    return await future
  File "D:\Project\Automated_Testing_FastApi\.venv\lib\site-packages\anyio\_backends\_asyncio.py", line 851, in run
    result = context.run(func, *args)
  File "D:\Project\Automated_Testing_FastApi\routers\Project.py", line 19, in get_all_projects
    db.query(db_project).filter(db_project.id == project_id).first()
  File "D:\Project\Automated_Testing_FastApi\.venv\lib\site-packages\sqlalchemy\orm\session.py", line 2912, in query
    return self._query_cls(entities, self, **kwargs)
  File "D:\Project\Automated_Testing_FastApi\.venv\lib\site-packages\sqlalchemy\orm\query.py", line 276, in __init__
    self._set_entities(entities)
  File "D:\Project\Automated_Testing_FastApi\.venv\lib\site-packages\sqlalchemy\orm\query.py", line 288, in _set_entities
    self._raw_columns = [
  File "D:\Project\Automated_Testing_FastApi\.venv\lib\site-packages\sqlalchemy\orm\query.py", line 289, in <listcomp>
    coercions.expect(
  File "D:\Project\Automated_Testing_FastApi\.venv\lib\site-packages\sqlalchemy\sql\coercions.py", line 406, in expect
    insp._post_inspect
AttributeError: 'InstanceState' object has no attribute '_post_inspect'
[2023-12-29 11:04:25] INFO uvicorn.error shutdown() L264  call_trace=D:\Project\Automated_Testing_FastApi\.venv\lib\site-packages\uvicorn\server.py L264  in server: Shutting down
[2023-12-29 11:04:25] INFO uvicorn.error shutdown() L65   call_trace=D:\Project\Automated_Testing_FastApi\.venv\lib\site-packages\uvicorn\lifespan\on.py L65   in on: Waiting for application shutdown.
[2023-12-29 11:04:25] INFO uvicorn.error shutdown() L76   call_trace=D:\Project\Automated_Testing_FastApi\.venv\lib\site-packages\uvicorn\lifespan\on.py L76   in on: Application shutdown complete.
[2023-12-29 11:04:25] INFO uvicorn.error serve() L86   call_trace=D:\Project\Automated_Testing_FastApi\.venv\lib\site-packages\uvicorn\server.py L86   in server: Finished server process [15528]
[2023-12-29 11:06:12] INFO uvicorn.error serve() L76   call_trace=D:\Project\Automated_Testing_FastApi\.venv\lib\site-packages\uvicorn\server.py L76   in server: Started server process [8388]
[2023-12-29 11:06:12] INFO uvicorn.error startup() L46   call_trace=D:\Project\Automated_Testing_FastApi\.venv\lib\site-packages\uvicorn\lifespan\on.py L46   in on: Waiting for application startup.
[2023-12-29 11:06:12] INFO uvicorn.error startup() L60   call_trace=D:\Project\Automated_Testing_FastApi\.venv\lib\site-packages\uvicorn\lifespan\on.py L60   in on: Application startup complete.
[2023-12-29 11:06:23] ERROR uvicorn.error run_asgi() L431  call_trace=D:\Project\Automated_Testing_FastApi\.venv\lib\site-packages\uvicorn\protocols\http\httptools_impl.py L431  in httptools_impl: Exception in ASGI application
  + Exception Group Traceback (most recent call last):
  |   File "D:\Project\Automated_Testing_FastApi\.venv\lib\site-packages\starlette\_utils.py", line 82, in collapse_excgroups
  |     yield
  |   File "D:\Project\Automated_Testing_FastApi\.venv\lib\site-packages\starlette\middleware\base.py", line 190, in __call__
  |     async with anyio.create_task_group() as task_group:
  |   File "D:\Project\Automated_Testing_FastApi\.venv\lib\site-packages\anyio\_backends\_asyncio.py", line 678, in __aexit__
  |     raise BaseExceptionGroup(
  | exceptiongroup.ExceptionGroup: unhandled errors in a TaskGroup (1 sub-exception)
  +-+---------------- 1 ----------------
    | Traceback (most recent call last):
    |   File "D:\Project\Automated_Testing_FastApi\.venv\lib\site-packages\uvicorn\protocols\http\httptools_impl.py", line 426, in run_asgi
    |     result = await app(  # type: ignore[func-returns-value]
    |   File "D:\Project\Automated_Testing_FastApi\.venv\lib\site-packages\uvicorn\middleware\proxy_headers.py", line 84, in __call__
    |     return await self.app(scope, receive, send)
    |   File "D:\Project\Automated_Testing_FastApi\.venv\lib\site-packages\fastapi\applications.py", line 1054, in __call__
    |     await super().__call__(scope, receive, send)
    |   File "D:\Project\Automated_Testing_FastApi\.venv\lib\site-packages\starlette\applications.py", line 116, in __call__
    |     await self.middleware_stack(scope, receive, send)
    |   File "D:\Project\Automated_Testing_FastApi\.venv\lib\site-packages\starlette\middleware\errors.py", line 186, in __call__
    |     raise exc
    |   File "D:\Project\Automated_Testing_FastApi\.venv\lib\site-packages\starlette\middleware\errors.py", line 164, in __call__
    |     await self.app(scope, receive, _send)
    |   File "D:\Project\Automated_Testing_FastApi\.venv\lib\site-packages\starlette\middleware\cors.py", line 83, in __call__
    |     await self.app(scope, receive, send)
    |   File "D:\Project\Automated_Testing_FastApi\.venv\lib\site-packages\starlette\middleware\base.py", line 189, in __call__
    |     with collapse_excgroups():
    |   File "C:\Users\Thinkpad\AppData\Local\Programs\Python\Python310\lib\contextlib.py", line 153, in __exit__
    |     self.gen.throw(typ, value, traceback)
    |   File "D:\Project\Automated_Testing_FastApi\.venv\lib\site-packages\starlette\_utils.py", line 88, in collapse_excgroups
    |     raise exc
    |   File "D:\Project\Automated_Testing_FastApi\.venv\lib\site-packages\starlette\middleware\base.py", line 191, in __call__
    |     response = await self.dispatch_func(request, call_next)
    |   File "D:\Project\Automated_Testing_FastApi\main.py", line 27, in db_session_middleware
    |     response = await call_next(request)
    |   File "D:\Project\Automated_Testing_FastApi\.venv\lib\site-packages\starlette\middleware\base.py", line 165, in call_next
    |     raise app_exc
    |   File "D:\Project\Automated_Testing_FastApi\.venv\lib\site-packages\starlette\middleware\base.py", line 151, in coro
    |     await self.app(scope, receive_or_disconnect, send_no_error)
    |   File "D:\Project\Automated_Testing_FastApi\.venv\lib\site-packages\starlette\middleware\exceptions.py", line 62, in __call__
    |     await wrap_app_handling_exceptions(self.app, conn)(scope, receive, send)
    |   File "D:\Project\Automated_Testing_FastApi\.venv\lib\site-packages\starlette\_exception_handler.py", line 55, in wrapped_app
    |     raise exc
    |   File "D:\Project\Automated_Testing_FastApi\.venv\lib\site-packages\starlette\_exception_handler.py", line 44, in wrapped_app
    |     await app(scope, receive, sender)
    |   File "D:\Project\Automated_Testing_FastApi\.venv\lib\site-packages\starlette\routing.py", line 746, in __call__
    |     await route.handle(scope, receive, send)
    |   File "D:\Project\Automated_Testing_FastApi\.venv\lib\site-packages\starlette\routing.py", line 288, in handle
    |     await self.app(scope, receive, send)
    |   File "D:\Project\Automated_Testing_FastApi\.venv\lib\site-packages\starlette\routing.py", line 75, in app
    |     await wrap_app_handling_exceptions(app, request)(scope, receive, send)
    |   File "D:\Project\Automated_Testing_FastApi\.venv\lib\site-packages\starlette\_exception_handler.py", line 55, in wrapped_app
    |     raise exc
    |   File "D:\Project\Automated_Testing_FastApi\.venv\lib\site-packages\starlette\_exception_handler.py", line 44, in wrapped_app
    |     await app(scope, receive, sender)
    |   File "D:\Project\Automated_Testing_FastApi\.venv\lib\site-packages\starlette\routing.py", line 70, in app
    |     response = await func(request)
    |   File "D:\Project\Automated_Testing_FastApi\.venv\lib\site-packages\fastapi\routing.py", line 299, in app
    |     raise e
    |   File "D:\Project\Automated_Testing_FastApi\.venv\lib\site-packages\fastapi\routing.py", line 294, in app
    |     raw_response = await run_endpoint_function(
    |   File "D:\Project\Automated_Testing_FastApi\.venv\lib\site-packages\fastapi\routing.py", line 193, in run_endpoint_function
    |     return await run_in_threadpool(dependant.call, **values)
    |   File "D:\Project\Automated_Testing_FastApi\.venv\lib\site-packages\starlette\concurrency.py", line 35, in run_in_threadpool
    |     return await anyio.to_thread.run_sync(func, *args)
    |   File "D:\Project\Automated_Testing_FastApi\.venv\lib\site-packages\anyio\to_thread.py", line 56, in run_sync
    |     return await get_async_backend().run_sync_in_worker_thread(
    |   File "D:\Project\Automated_Testing_FastApi\.venv\lib\site-packages\anyio\_backends\_asyncio.py", line 2134, in run_sync_in_worker_thread
    |     return await future
    |   File "D:\Project\Automated_Testing_FastApi\.venv\lib\site-packages\anyio\_backends\_asyncio.py", line 851, in run
    |     result = context.run(func, *args)
    |   File "D:\Project\Automated_Testing_FastApi\routers\Project.py", line 19, in get_all_projects
    |     db.query(db_project).filter(db_project.id == project_id).first()
    |   File "D:\Project\Automated_Testing_FastApi\.venv\lib\site-packages\sqlalchemy\orm\session.py", line 2912, in query
    |     return self._query_cls(entities, self, **kwargs)
    |   File "D:\Project\Automated_Testing_FastApi\.venv\lib\site-packages\sqlalchemy\orm\query.py", line 276, in __init__
    |     self._set_entities(entities)
    |   File "D:\Project\Automated_Testing_FastApi\.venv\lib\site-packages\sqlalchemy\orm\query.py", line 288, in _set_entities
    |     self._raw_columns = [
    |   File "D:\Project\Automated_Testing_FastApi\.venv\lib\site-packages\sqlalchemy\orm\query.py", line 289, in <listcomp>
    |     coercions.expect(
    |   File "D:\Project\Automated_Testing_FastApi\.venv\lib\site-packages\sqlalchemy\sql\coercions.py", line 406, in expect
    |     insp._post_inspect
    | AttributeError: 'InstanceState' object has no attribute '_post_inspect'
    +------------------------------------

During handling of the above exception, another exception occurred:

Traceback (most recent call last):
  File "D:\Project\Automated_Testing_FastApi\.venv\lib\site-packages\uvicorn\protocols\http\httptools_impl.py", line 426, in run_asgi
    result = await app(  # type: ignore[func-returns-value]
  File "D:\Project\Automated_Testing_FastApi\.venv\lib\site-packages\uvicorn\middleware\proxy_headers.py", line 84, in __call__
    return await self.app(scope, receive, send)
  File "D:\Project\Automated_Testing_FastApi\.venv\lib\site-packages\fastapi\applications.py", line 1054, in __call__
    await super().__call__(scope, receive, send)
  File "D:\Project\Automated_Testing_FastApi\.venv\lib\site-packages\starlette\applications.py", line 116, in __call__
    await self.middleware_stack(scope, receive, send)
  File "D:\Project\Automated_Testing_FastApi\.venv\lib\site-packages\starlette\middleware\errors.py", line 186, in __call__
    raise exc
  File "D:\Project\Automated_Testing_FastApi\.venv\lib\site-packages\starlette\middleware\errors.py", line 164, in __call__
    await self.app(scope, receive, _send)
  File "D:\Project\Automated_Testing_FastApi\.venv\lib\site-packages\starlette\middleware\cors.py", line 83, in __call__
    await self.app(scope, receive, send)
  File "D:\Project\Automated_Testing_FastApi\.venv\lib\site-packages\starlette\middleware\base.py", line 189, in __call__
    with collapse_excgroups():
  File "C:\Users\Thinkpad\AppData\Local\Programs\Python\Python310\lib\contextlib.py", line 153, in __exit__
    self.gen.throw(typ, value, traceback)
  File "D:\Project\Automated_Testing_FastApi\.venv\lib\site-packages\starlette\_utils.py", line 88, in collapse_excgroups
    raise exc
  File "D:\Project\Automated_Testing_FastApi\.venv\lib\site-packages\starlette\middleware\base.py", line 191, in __call__
    response = await self.dispatch_func(request, call_next)
  File "D:\Project\Automated_Testing_FastApi\main.py", line 27, in db_session_middleware
    response = await call_next(request)
  File "D:\Project\Automated_Testing_FastApi\.venv\lib\site-packages\starlette\middleware\base.py", line 165, in call_next
    raise app_exc
  File "D:\Project\Automated_Testing_FastApi\.venv\lib\site-packages\starlette\middleware\base.py", line 151, in coro
    await self.app(scope, receive_or_disconnect, send_no_error)
  File "D:\Project\Automated_Testing_FastApi\.venv\lib\site-packages\starlette\middleware\exceptions.py", line 62, in __call__
    await wrap_app_handling_exceptions(self.app, conn)(scope, receive, send)
  File "D:\Project\Automated_Testing_FastApi\.venv\lib\site-packages\starlette\_exception_handler.py", line 55, in wrapped_app
    raise exc
  File "D:\Project\Automated_Testing_FastApi\.venv\lib\site-packages\starlette\_exception_handler.py", line 44, in wrapped_app
    await app(scope, receive, sender)
  File "D:\Project\Automated_Testing_FastApi\.venv\lib\site-packages\starlette\routing.py", line 746, in __call__
    await route.handle(scope, receive, send)
  File "D:\Project\Automated_Testing_FastApi\.venv\lib\site-packages\starlette\routing.py", line 288, in handle
    await self.app(scope, receive, send)
  File "D:\Project\Automated_Testing_FastApi\.venv\lib\site-packages\starlette\routing.py", line 75, in app
    await wrap_app_handling_exceptions(app, request)(scope, receive, send)
  File "D:\Project\Automated_Testing_FastApi\.venv\lib\site-packages\starlette\_exception_handler.py", line 55, in wrapped_app
    raise exc
  File "D:\Project\Automated_Testing_FastApi\.venv\lib\site-packages\starlette\_exception_handler.py", line 44, in wrapped_app
    await app(scope, receive, sender)
  File "D:\Project\Automated_Testing_FastApi\.venv\lib\site-packages\starlette\routing.py", line 70, in app
    response = await func(request)
  File "D:\Project\Automated_Testing_FastApi\.venv\lib\site-packages\fastapi\routing.py", line 299, in app
    raise e
  File "D:\Project\Automated_Testing_FastApi\.venv\lib\site-packages\fastapi\routing.py", line 294, in app
    raw_response = await run_endpoint_function(
  File "D:\Project\Automated_Testing_FastApi\.venv\lib\site-packages\fastapi\routing.py", line 193, in run_endpoint_function
    return await run_in_threadpool(dependant.call, **values)
  File "D:\Project\Automated_Testing_FastApi\.venv\lib\site-packages\starlette\concurrency.py", line 35, in run_in_threadpool
    return await anyio.to_thread.run_sync(func, *args)
  File "D:\Project\Automated_Testing_FastApi\.venv\lib\site-packages\anyio\to_thread.py", line 56, in run_sync
    return await get_async_backend().run_sync_in_worker_thread(
  File "D:\Project\Automated_Testing_FastApi\.venv\lib\site-packages\anyio\_backends\_asyncio.py", line 2134, in run_sync_in_worker_thread
    return await future
  File "D:\Project\Automated_Testing_FastApi\.venv\lib\site-packages\anyio\_backends\_asyncio.py", line 851, in run
    result = context.run(func, *args)
  File "D:\Project\Automated_Testing_FastApi\routers\Project.py", line 19, in get_all_projects
    db.query(db_project).filter(db_project.id == project_id).first()
  File "D:\Project\Automated_Testing_FastApi\.venv\lib\site-packages\sqlalchemy\orm\session.py", line 2912, in query
    return self._query_cls(entities, self, **kwargs)
  File "D:\Project\Automated_Testing_FastApi\.venv\lib\site-packages\sqlalchemy\orm\query.py", line 276, in __init__
    self._set_entities(entities)
  File "D:\Project\Automated_Testing_FastApi\.venv\lib\site-packages\sqlalchemy\orm\query.py", line 288, in _set_entities
    self._raw_columns = [
  File "D:\Project\Automated_Testing_FastApi\.venv\lib\site-packages\sqlalchemy\orm\query.py", line 289, in <listcomp>
    coercions.expect(
  File "D:\Project\Automated_Testing_FastApi\.venv\lib\site-packages\sqlalchemy\sql\coercions.py", line 406, in expect
    insp._post_inspect
AttributeError: 'InstanceState' object has no attribute '_post_inspect'
[2023-12-29 11:09:25] INFO uvicorn.error shutdown() L264  call_trace=D:\Project\Automated_Testing_FastApi\.venv\lib\site-packages\uvicorn\server.py L264  in server: Shutting down
[2023-12-29 11:09:28] INFO uvicorn.error serve() L76   call_trace=D:\Project\Automated_Testing_FastApi\.venv\lib\site-packages\uvicorn\server.py L76   in server: Started server process [8016]
[2023-12-29 11:09:28] INFO uvicorn.error startup() L46   call_trace=D:\Project\Automated_Testing_FastApi\.venv\lib\site-packages\uvicorn\lifespan\on.py L46   in on: Waiting for application startup.
[2023-12-29 11:09:28] INFO uvicorn.error startup() L60   call_trace=D:\Project\Automated_Testing_FastApi\.venv\lib\site-packages\uvicorn\lifespan\on.py L60   in on: Application startup complete.
[2023-12-29 11:23:31] INFO uvicorn.error shutdown() L264  call_trace=D:\Project\Automated_Testing_FastApi\.venv\lib\site-packages\uvicorn\server.py L264  in server: Shutting down
[2023-12-29 11:23:32] INFO uvicorn.error shutdown() L65   call_trace=D:\Project\Automated_Testing_FastApi\.venv\lib\site-packages\uvicorn\lifespan\on.py L65   in on: Waiting for application shutdown.
[2023-12-29 11:23:32] INFO uvicorn.error shutdown() L76   call_trace=D:\Project\Automated_Testing_FastApi\.venv\lib\site-packages\uvicorn\lifespan\on.py L76   in on: Application shutdown complete.
[2023-12-29 11:23:32] INFO uvicorn.error serve() L86   call_trace=D:\Project\Automated_Testing_FastApi\.venv\lib\site-packages\uvicorn\server.py L86   in server: Finished server process [8016]
[2023-12-29 11:23:33] INFO uvicorn.error serve() L76   call_trace=D:\Project\Automated_Testing_FastApi\.venv\lib\site-packages\uvicorn\server.py L76   in server: Started server process [21380]
[2023-12-29 11:23:33] INFO uvicorn.error startup() L46   call_trace=D:\Project\Automated_Testing_FastApi\.venv\lib\site-packages\uvicorn\lifespan\on.py L46   in on: Waiting for application startup.
[2023-12-29 11:23:33] INFO uvicorn.error startup() L60   call_trace=D:\Project\Automated_Testing_FastApi\.venv\lib\site-packages\uvicorn\lifespan\on.py L60   in on: Application startup complete.
[2023-12-29 11:23:51] INFO uvicorn.error serve() L76   call_trace=D:\Project\Automated_Testing_FastApi\.venv\lib\site-packages\uvicorn\server.py L76   in server: Started server process [13564]
[2023-12-29 11:23:51] INFO uvicorn.error startup() L46   call_trace=D:\Project\Automated_Testing_FastApi\.venv\lib\site-packages\uvicorn\lifespan\on.py L46   in on: Waiting for application startup.
[2023-12-29 11:23:51] INFO uvicorn.error startup() L60   call_trace=D:\Project\Automated_Testing_FastApi\.venv\lib\site-packages\uvicorn\lifespan\on.py L60   in on: Application startup complete.
[2023-12-29 11:28:15] INFO uvicorn.error shutdown() L264  call_trace=D:\Project\Automated_Testing_FastApi\.venv\lib\site-packages\uvicorn\server.py L264  in server: Shutting down
[2023-12-29 11:28:18] INFO uvicorn.error serve() L76   call_trace=D:\Project\Automated_Testing_FastApi\.venv\lib\site-packages\uvicorn\server.py L76   in server: Started server process [23224]
[2023-12-29 11:28:18] INFO uvicorn.error startup() L46   call_trace=D:\Project\Automated_Testing_FastApi\.venv\lib\site-packages\uvicorn\lifespan\on.py L46   in on: Waiting for application startup.
[2023-12-29 11:28:18] INFO uvicorn.error startup() L60   call_trace=D:\Project\Automated_Testing_FastApi\.venv\lib\site-packages\uvicorn\lifespan\on.py L60   in on: Application startup complete.
[2023-12-29 11:29:50] INFO uvicorn.error shutdown() L264  call_trace=D:\Project\Automated_Testing_FastApi\.venv\lib\site-packages\uvicorn\server.py L264  in server: Shutting down
[2023-12-29 11:29:53] INFO uvicorn.error serve() L76   call_trace=D:\Project\Automated_Testing_FastApi\.venv\lib\site-packages\uvicorn\server.py L76   in server: Started server process [3464]
[2023-12-29 11:29:53] INFO uvicorn.error startup() L46   call_trace=D:\Project\Automated_Testing_FastApi\.venv\lib\site-packages\uvicorn\lifespan\on.py L46   in on: Waiting for application startup.
[2023-12-29 11:29:53] INFO uvicorn.error startup() L60   call_trace=D:\Project\Automated_Testing_FastApi\.venv\lib\site-packages\uvicorn\lifespan\on.py L60   in on: Application startup complete.
[2023-12-29 11:33:54] INFO uvicorn.error shutdown() L264  call_trace=D:\Project\Automated_Testing_FastApi\.venv\lib\site-packages\uvicorn\server.py L264  in server: Shutting down
[2023-12-29 11:51:34] INFO uvicorn.error serve() L76   call_trace=D:\Project\Automated_Testing_FastApi\.venv\lib\site-packages\uvicorn\server.py L76   in server: Started server process [23268]
[2023-12-29 11:51:34] INFO uvicorn.error startup() L46   call_trace=D:\Project\Automated_Testing_FastApi\.venv\lib\site-packages\uvicorn\lifespan\on.py L46   in on: Waiting for application startup.
[2023-12-29 11:51:34] INFO uvicorn.error startup() L60   call_trace=D:\Project\Automated_Testing_FastApi\.venv\lib\site-packages\uvicorn\lifespan\on.py L60   in on: Application startup complete.
[2023-12-29 11:54:17] INFO uvicorn.error shutdown() L264  call_trace=D:\Project\Automated_Testing_FastApi\.venv\lib\site-packages\uvicorn\server.py L264  in server: Shutting down
[2023-12-29 11:54:17] INFO uvicorn.error shutdown() L65   call_trace=D:\Project\Automated_Testing_FastApi\.venv\lib\site-packages\uvicorn\lifespan\on.py L65   in on: Waiting for application shutdown.
[2023-12-29 11:54:17] INFO uvicorn.error shutdown() L76   call_trace=D:\Project\Automated_Testing_FastApi\.venv\lib\site-packages\uvicorn\lifespan\on.py L76   in on: Application shutdown complete.
[2023-12-29 11:54:17] INFO uvicorn.error serve() L86   call_trace=D:\Project\Automated_Testing_FastApi\.venv\lib\site-packages\uvicorn\server.py L86   in server: Finished server process [23268]
[2023-12-29 11:55:19] INFO uvicorn.error serve() L76   call_trace=D:\Project\Automated_Testing_FastApi\.venv\lib\site-packages\uvicorn\server.py L76   in server: Started server process [9300]
[2023-12-29 11:55:19] INFO uvicorn.error startup() L46   call_trace=D:\Project\Automated_Testing_FastApi\.venv\lib\site-packages\uvicorn\lifespan\on.py L46   in on: Waiting for application startup.
[2023-12-29 11:55:19] INFO uvicorn.error startup() L60   call_trace=D:\Project\Automated_Testing_FastApi\.venv\lib\site-packages\uvicorn\lifespan\on.py L60   in on: Application startup complete.
[2023-12-29 11:55:27] INFO uvicorn.error serve() L76   call_trace=D:\Project\Automated_Testing_FastApi\.venv\lib\site-packages\uvicorn\server.py L76   in server: Started server process [22012]
[2023-12-29 11:55:27] INFO uvicorn.error startup() L46   call_trace=D:\Project\Automated_Testing_FastApi\.venv\lib\site-packages\uvicorn\lifespan\on.py L46   in on: Waiting for application startup.
[2023-12-29 11:55:27] INFO uvicorn.error startup() L60   call_trace=D:\Project\Automated_Testing_FastApi\.venv\lib\site-packages\uvicorn\lifespan\on.py L60   in on: Application startup complete.
[2023-12-29 12:03:47] INFO uvicorn.error shutdown() L264  call_trace=D:\Project\Automated_Testing_FastApi\.venv\lib\site-packages\uvicorn\server.py L264  in server: Shutting down
[2023-12-29 12:03:48] INFO uvicorn.error shutdown() L65   call_trace=D:\Project\Automated_Testing_FastApi\.venv\lib\site-packages\uvicorn\lifespan\on.py L65   in on: Waiting for application shutdown.
[2023-12-29 12:03:48] INFO uvicorn.error shutdown() L76   call_trace=D:\Project\Automated_Testing_FastApi\.venv\lib\site-packages\uvicorn\lifespan\on.py L76   in on: Application shutdown complete.
[2023-12-29 12:03:48] INFO uvicorn.error serve() L86   call_trace=D:\Project\Automated_Testing_FastApi\.venv\lib\site-packages\uvicorn\server.py L86   in server: Finished server process [22012]
[2023-12-29 12:04:47] INFO uvicorn.error serve() L76   call_trace=D:\Project\Automated_Testing_FastApi\.venv\lib\site-packages\uvicorn\server.py L76   in server: Started server process [14976]
[2023-12-29 12:04:47] INFO uvicorn.error startup() L46   call_trace=D:\Project\Automated_Testing_FastApi\.venv\lib\site-packages\uvicorn\lifespan\on.py L46   in on: Waiting for application startup.
[2023-12-29 12:04:47] INFO uvicorn.error startup() L60   call_trace=D:\Project\Automated_Testing_FastApi\.venv\lib\site-packages\uvicorn\lifespan\on.py L60   in on: Application startup complete.
[2023-12-29 12:07:33] INFO uvicorn.error shutdown() L264  call_trace=D:\Project\Automated_Testing_FastApi\.venv\lib\site-packages\uvicorn\server.py L264  in server: Shutting down
[2023-12-29 12:07:33] INFO uvicorn.error shutdown() L65   call_trace=D:\Project\Automated_Testing_FastApi\.venv\lib\site-packages\uvicorn\lifespan\on.py L65   in on: Waiting for application shutdown.
[2023-12-29 12:07:33] INFO uvicorn.error shutdown() L76   call_trace=D:\Project\Automated_Testing_FastApi\.venv\lib\site-packages\uvicorn\lifespan\on.py L76   in on: Application shutdown complete.
[2023-12-29 12:07:33] INFO uvicorn.error serve() L86   call_trace=D:\Project\Automated_Testing_FastApi\.venv\lib\site-packages\uvicorn\server.py L86   in server: Finished server process [14976]
[2023-12-29 12:07:36] INFO uvicorn.error serve() L76   call_trace=D:\Project\Automated_Testing_FastApi\.venv\lib\site-packages\uvicorn\server.py L76   in server: Started server process [23172]
[2023-12-29 12:07:36] INFO uvicorn.error startup() L46   call_trace=D:\Project\Automated_Testing_FastApi\.venv\lib\site-packages\uvicorn\lifespan\on.py L46   in on: Waiting for application startup.
[2023-12-29 12:07:36] INFO uvicorn.error startup() L60   call_trace=D:\Project\Automated_Testing_FastApi\.venv\lib\site-packages\uvicorn\lifespan\on.py L60   in on: Application startup complete.
[2023-12-29 12:07:45] ERROR uvicorn.error run_asgi() L431  call_trace=D:\Project\Automated_Testing_FastApi\.venv\lib\site-packages\uvicorn\protocols\http\httptools_impl.py L431  in httptools_impl: Exception in ASGI application
  + Exception Group Traceback (most recent call last):
  |   File "D:\Project\Automated_Testing_FastApi\.venv\lib\site-packages\starlette\_utils.py", line 82, in collapse_excgroups
  |     yield
  |   File "D:\Project\Automated_Testing_FastApi\.venv\lib\site-packages\starlette\middleware\base.py", line 190, in __call__
  |     async with anyio.create_task_group() as task_group:
  |   File "D:\Project\Automated_Testing_FastApi\.venv\lib\site-packages\anyio\_backends\_asyncio.py", line 678, in __aexit__
  |     raise BaseExceptionGroup(
  | exceptiongroup.ExceptionGroup: unhandled errors in a TaskGroup (1 sub-exception)
  +-+---------------- 1 ----------------
    | Traceback (most recent call last):
    |   File "D:\Project\Automated_Testing_FastApi\.venv\lib\site-packages\uvicorn\protocols\http\httptools_impl.py", line 426, in run_asgi
    |     result = await app(  # type: ignore[func-returns-value]
    |   File "D:\Project\Automated_Testing_FastApi\.venv\lib\site-packages\uvicorn\middleware\proxy_headers.py", line 84, in __call__
    |     return await self.app(scope, receive, send)
    |   File "D:\Project\Automated_Testing_FastApi\.venv\lib\site-packages\fastapi\applications.py", line 1054, in __call__
    |     await super().__call__(scope, receive, send)
    |   File "D:\Project\Automated_Testing_FastApi\.venv\lib\site-packages\starlette\applications.py", line 116, in __call__
    |     await self.middleware_stack(scope, receive, send)
    |   File "D:\Project\Automated_Testing_FastApi\.venv\lib\site-packages\starlette\middleware\errors.py", line 186, in __call__
    |     raise exc
    |   File "D:\Project\Automated_Testing_FastApi\.venv\lib\site-packages\starlette\middleware\errors.py", line 164, in __call__
    |     await self.app(scope, receive, _send)
    |   File "D:\Project\Automated_Testing_FastApi\.venv\lib\site-packages\starlette\middleware\cors.py", line 83, in __call__
    |     await self.app(scope, receive, send)
    |   File "D:\Project\Automated_Testing_FastApi\.venv\lib\site-packages\starlette\middleware\base.py", line 189, in __call__
    |     with collapse_excgroups():
    |   File "C:\Users\Thinkpad\AppData\Local\Programs\Python\Python310\lib\contextlib.py", line 153, in __exit__
    |     self.gen.throw(typ, value, traceback)
    |   File "D:\Project\Automated_Testing_FastApi\.venv\lib\site-packages\starlette\_utils.py", line 88, in collapse_excgroups
    |     raise exc
    |   File "D:\Project\Automated_Testing_FastApi\.venv\lib\site-packages\starlette\middleware\base.py", line 191, in __call__
    |     response = await self.dispatch_func(request, call_next)
    |   File "D:\Project\Automated_Testing_FastApi\main.py", line 27, in db_session_middleware
    |     response = await call_next(request)
    |   File "D:\Project\Automated_Testing_FastApi\.venv\lib\site-packages\starlette\middleware\base.py", line 165, in call_next
    |     raise app_exc
    |   File "D:\Project\Automated_Testing_FastApi\.venv\lib\site-packages\starlette\middleware\base.py", line 151, in coro
    |     await self.app(scope, receive_or_disconnect, send_no_error)
    |   File "D:\Project\Automated_Testing_FastApi\.venv\lib\site-packages\starlette\middleware\exceptions.py", line 62, in __call__
    |     await wrap_app_handling_exceptions(self.app, conn)(scope, receive, send)
    |   File "D:\Project\Automated_Testing_FastApi\.venv\lib\site-packages\starlette\_exception_handler.py", line 55, in wrapped_app
    |     raise exc
    |   File "D:\Project\Automated_Testing_FastApi\.venv\lib\site-packages\starlette\_exception_handler.py", line 44, in wrapped_app
    |     await app(scope, receive, sender)
    |   File "D:\Project\Automated_Testing_FastApi\.venv\lib\site-packages\starlette\routing.py", line 746, in __call__
    |     await route.handle(scope, receive, send)
    |   File "D:\Project\Automated_Testing_FastApi\.venv\lib\site-packages\starlette\routing.py", line 288, in handle
    |     await self.app(scope, receive, send)
    |   File "D:\Project\Automated_Testing_FastApi\.venv\lib\site-packages\starlette\routing.py", line 75, in app
    |     await wrap_app_handling_exceptions(app, request)(scope, receive, send)
    |   File "D:\Project\Automated_Testing_FastApi\.venv\lib\site-packages\starlette\_exception_handler.py", line 55, in wrapped_app
    |     raise exc
    |   File "D:\Project\Automated_Testing_FastApi\.venv\lib\site-packages\starlette\_exception_handler.py", line 44, in wrapped_app
    |     await app(scope, receive, sender)
    |   File "D:\Project\Automated_Testing_FastApi\.venv\lib\site-packages\starlette\routing.py", line 70, in app
    |     response = await func(request)
    |   File "D:\Project\Automated_Testing_FastApi\.venv\lib\site-packages\fastapi\routing.py", line 299, in app
    |     raise e
    |   File "D:\Project\Automated_Testing_FastApi\.venv\lib\site-packages\fastapi\routing.py", line 294, in app
    |     raw_response = await run_endpoint_function(
    |   File "D:\Project\Automated_Testing_FastApi\.venv\lib\site-packages\fastapi\routing.py", line 193, in run_endpoint_function
    |     return await run_in_threadpool(dependant.call, **values)
    |   File "D:\Project\Automated_Testing_FastApi\.venv\lib\site-packages\starlette\concurrency.py", line 35, in run_in_threadpool
    |     return await anyio.to_thread.run_sync(func, *args)
    |   File "D:\Project\Automated_Testing_FastApi\.venv\lib\site-packages\anyio\to_thread.py", line 56, in run_sync
    |     return await get_async_backend().run_sync_in_worker_thread(
    |   File "D:\Project\Automated_Testing_FastApi\.venv\lib\site-packages\anyio\_backends\_asyncio.py", line 2134, in run_sync_in_worker_thread
    |     return await future
    |   File "D:\Project\Automated_Testing_FastApi\.venv\lib\site-packages\anyio\_backends\_asyncio.py", line 851, in run
    |     result = context.run(func, *args)
    |   File "D:\Project\Automated_Testing_FastApi\routers\Project.py", line 21, in get_all_projects
    |     return ProjectsResponse(projects=db_projects, message="≥…π¶≤È—ØµΩÀ˘”–œÓƒø–≈œ¢")
    |   File "D:\Project\Automated_Testing_FastApi\.venv\lib\site-packages\pydantic\main.py", line 164, in __init__
    |     __pydantic_self__.__pydantic_validator__.validate_python(data, self_instance=__pydantic_self__)
    | pydantic_core._pydantic_core.ValidationError: 3 validation errors for ProjectsResponse
    | projects.0
    |   Input should be a valid dictionary or instance of Project [type=model_type, input_value=<model.models.Project obj...t at 0x000001B73C9084C0>, input_type=Project]
    |     For further information visit https://errors.pydantic.dev/2.5/v/model_type
    | projects.1
    |   Input should be a valid dictionary or instance of Project [type=model_type, input_value=<model.models.Project obj...t at 0x000001B73C908BB0>, input_type=Project]
    |     For further information visit https://errors.pydantic.dev/2.5/v/model_type
    | projects.2
    |   Input should be a valid dictionary or instance of Project [type=model_type, input_value=<model.models.Project obj...t at 0x000001B73C908C70>, input_type=Project]
    |     For further information visit https://errors.pydantic.dev/2.5/v/model_type
    +------------------------------------

During handling of the above exception, another exception occurred:

Traceback (most recent call last):
  File "D:\Project\Automated_Testing_FastApi\.venv\lib\site-packages\uvicorn\protocols\http\httptools_impl.py", line 426, in run_asgi
    result = await app(  # type: ignore[func-returns-value]
  File "D:\Project\Automated_Testing_FastApi\.venv\lib\site-packages\uvicorn\middleware\proxy_headers.py", line 84, in __call__
    return await self.app(scope, receive, send)
  File "D:\Project\Automated_Testing_FastApi\.venv\lib\site-packages\fastapi\applications.py", line 1054, in __call__
    await super().__call__(scope, receive, send)
  File "D:\Project\Automated_Testing_FastApi\.venv\lib\site-packages\starlette\applications.py", line 116, in __call__
    await self.middleware_stack(scope, receive, send)
  File "D:\Project\Automated_Testing_FastApi\.venv\lib\site-packages\starlette\middleware\errors.py", line 186, in __call__
    raise exc
  File "D:\Project\Automated_Testing_FastApi\.venv\lib\site-packages\starlette\middleware\errors.py", line 164, in __call__
    await self.app(scope, receive, _send)
  File "D:\Project\Automated_Testing_FastApi\.venv\lib\site-packages\starlette\middleware\cors.py", line 83, in __call__
    await self.app(scope, receive, send)
  File "D:\Project\Automated_Testing_FastApi\.venv\lib\site-packages\starlette\middleware\base.py", line 189, in __call__
    with collapse_excgroups():
  File "C:\Users\Thinkpad\AppData\Local\Programs\Python\Python310\lib\contextlib.py", line 153, in __exit__
    self.gen.throw(typ, value, traceback)
  File "D:\Project\Automated_Testing_FastApi\.venv\lib\site-packages\starlette\_utils.py", line 88, in collapse_excgroups
    raise exc
  File "D:\Project\Automated_Testing_FastApi\.venv\lib\site-packages\starlette\middleware\base.py", line 191, in __call__
    response = await self.dispatch_func(request, call_next)
  File "D:\Project\Automated_Testing_FastApi\main.py", line 27, in db_session_middleware
    response = await call_next(request)
  File "D:\Project\Automated_Testing_FastApi\.venv\lib\site-packages\starlette\middleware\base.py", line 165, in call_next
    raise app_exc
  File "D:\Project\Automated_Testing_FastApi\.venv\lib\site-packages\starlette\middleware\base.py", line 151, in coro
    await self.app(scope, receive_or_disconnect, send_no_error)
  File "D:\Project\Automated_Testing_FastApi\.venv\lib\site-packages\starlette\middleware\exceptions.py", line 62, in __call__
    await wrap_app_handling_exceptions(self.app, conn)(scope, receive, send)
  File "D:\Project\Automated_Testing_FastApi\.venv\lib\site-packages\starlette\_exception_handler.py", line 55, in wrapped_app
    raise exc
  File "D:\Project\Automated_Testing_FastApi\.venv\lib\site-packages\starlette\_exception_handler.py", line 44, in wrapped_app
    await app(scope, receive, sender)
  File "D:\Project\Automated_Testing_FastApi\.venv\lib\site-packages\starlette\routing.py", line 746, in __call__
    await route.handle(scope, receive, send)
  File "D:\Project\Automated_Testing_FastApi\.venv\lib\site-packages\starlette\routing.py", line 288, in handle
    await self.app(scope, receive, send)
  File "D:\Project\Automated_Testing_FastApi\.venv\lib\site-packages\starlette\routing.py", line 75, in app
    await wrap_app_handling_exceptions(app, request)(scope, receive, send)
  File "D:\Project\Automated_Testing_FastApi\.venv\lib\site-packages\starlette\_exception_handler.py", line 55, in wrapped_app
    raise exc
  File "D:\Project\Automated_Testing_FastApi\.venv\lib\site-packages\starlette\_exception_handler.py", line 44, in wrapped_app
    await app(scope, receive, sender)
  File "D:\Project\Automated_Testing_FastApi\.venv\lib\site-packages\starlette\routing.py", line 70, in app
    response = await func(request)
  File "D:\Project\Automated_Testing_FastApi\.venv\lib\site-packages\fastapi\routing.py", line 299, in app
    raise e
  File "D:\Project\Automated_Testing_FastApi\.venv\lib\site-packages\fastapi\routing.py", line 294, in app
    raw_response = await run_endpoint_function(
  File "D:\Project\Automated_Testing_FastApi\.venv\lib\site-packages\fastapi\routing.py", line 193, in run_endpoint_function
    return await run_in_threadpool(dependant.call, **values)
  File "D:\Project\Automated_Testing_FastApi\.venv\lib\site-packages\starlette\concurrency.py", line 35, in run_in_threadpool
    return await anyio.to_thread.run_sync(func, *args)
  File "D:\Project\Automated_Testing_FastApi\.venv\lib\site-packages\anyio\to_thread.py", line 56, in run_sync
    return await get_async_backend().run_sync_in_worker_thread(
  File "D:\Project\Automated_Testing_FastApi\.venv\lib\site-packages\anyio\_backends\_asyncio.py", line 2134, in run_sync_in_worker_thread
    return await future
  File "D:\Project\Automated_Testing_FastApi\.venv\lib\site-packages\anyio\_backends\_asyncio.py", line 851, in run
    result = context.run(func, *args)
  File "D:\Project\Automated_Testing_FastApi\routers\Project.py", line 21, in get_all_projects
    return ProjectsResponse(projects=db_projects, message="≥…π¶≤È—ØµΩÀ˘”–œÓƒø–≈œ¢")
  File "D:\Project\Automated_Testing_FastApi\.venv\lib\site-packages\pydantic\main.py", line 164, in __init__
    __pydantic_self__.__pydantic_validator__.validate_python(data, self_instance=__pydantic_self__)
pydantic_core._pydantic_core.ValidationError: 3 validation errors for ProjectsResponse
projects.0
  Input should be a valid dictionary or instance of Project [type=model_type, input_value=<model.models.Project obj...t at 0x000001B73C9084C0>, input_type=Project]
    For further information visit https://errors.pydantic.dev/2.5/v/model_type
projects.1
  Input should be a valid dictionary or instance of Project [type=model_type, input_value=<model.models.Project obj...t at 0x000001B73C908BB0>, input_type=Project]
    For further information visit https://errors.pydantic.dev/2.5/v/model_type
projects.2
  Input should be a valid dictionary or instance of Project [type=model_type, input_value=<model.models.Project obj...t at 0x000001B73C908C70>, input_type=Project]
    For further information visit https://errors.pydantic.dev/2.5/v/model_type
[2023-12-29 12:09:03] INFO uvicorn.error shutdown() L264  call_trace=D:\Project\Automated_Testing_FastApi\.venv\lib\site-packages\uvicorn\server.py L264  in server: Shutting down
[2023-12-29 12:09:03] INFO uvicorn.error shutdown() L65   call_trace=D:\Project\Automated_Testing_FastApi\.venv\lib\site-packages\uvicorn\lifespan\on.py L65   in on: Waiting for application shutdown.
[2023-12-29 12:09:03] INFO uvicorn.error shutdown() L76   call_trace=D:\Project\Automated_Testing_FastApi\.venv\lib\site-packages\uvicorn\lifespan\on.py L76   in on: Application shutdown complete.
[2023-12-29 12:09:03] INFO uvicorn.error serve() L86   call_trace=D:\Project\Automated_Testing_FastApi\.venv\lib\site-packages\uvicorn\server.py L86   in server: Finished server process [23172]
[2023-12-29 12:09:07] INFO uvicorn.error serve() L76   call_trace=D:\Project\Automated_Testing_FastApi\.venv\lib\site-packages\uvicorn\server.py L76   in server: Started server process [14020]
[2023-12-29 12:09:07] INFO uvicorn.error startup() L46   call_trace=D:\Project\Automated_Testing_FastApi\.venv\lib\site-packages\uvicorn\lifespan\on.py L46   in on: Waiting for application startup.
[2023-12-29 12:09:07] INFO uvicorn.error startup() L60   call_trace=D:\Project\Automated_Testing_FastApi\.venv\lib\site-packages\uvicorn\lifespan\on.py L60   in on: Application startup complete.
[2023-12-29 12:09:13] ERROR uvicorn.error run_asgi() L431  call_trace=D:\Project\Automated_Testing_FastApi\.venv\lib\site-packages\uvicorn\protocols\http\httptools_impl.py L431  in httptools_impl: Exception in ASGI application
  + Exception Group Traceback (most recent call last):
  |   File "D:\Project\Automated_Testing_FastApi\.venv\lib\site-packages\starlette\_utils.py", line 82, in collapse_excgroups
  |     yield
  |   File "D:\Project\Automated_Testing_FastApi\.venv\lib\site-packages\starlette\middleware\base.py", line 190, in __call__
  |     async with anyio.create_task_group() as task_group:
  |   File "D:\Project\Automated_Testing_FastApi\.venv\lib\site-packages\anyio\_backends\_asyncio.py", line 678, in __aexit__
  |     raise BaseExceptionGroup(
  | exceptiongroup.ExceptionGroup: unhandled errors in a TaskGroup (1 sub-exception)
  +-+---------------- 1 ----------------
    | Traceback (most recent call last):
    |   File "D:\Project\Automated_Testing_FastApi\.venv\lib\site-packages\uvicorn\protocols\http\httptools_impl.py", line 426, in run_asgi
    |     result = await app(  # type: ignore[func-returns-value]
    |   File "D:\Project\Automated_Testing_FastApi\.venv\lib\site-packages\uvicorn\middleware\proxy_headers.py", line 84, in __call__
    |     return await self.app(scope, receive, send)
    |   File "D:\Project\Automated_Testing_FastApi\.venv\lib\site-packages\fastapi\applications.py", line 1054, in __call__
    |     await super().__call__(scope, receive, send)
    |   File "D:\Project\Automated_Testing_FastApi\.venv\lib\site-packages\starlette\applications.py", line 116, in __call__
    |     await self.middleware_stack(scope, receive, send)
    |   File "D:\Project\Automated_Testing_FastApi\.venv\lib\site-packages\starlette\middleware\errors.py", line 186, in __call__
    |     raise exc
    |   File "D:\Project\Automated_Testing_FastApi\.venv\lib\site-packages\starlette\middleware\errors.py", line 164, in __call__
    |     await self.app(scope, receive, _send)
    |   File "D:\Project\Automated_Testing_FastApi\.venv\lib\site-packages\starlette\middleware\cors.py", line 83, in __call__
    |     await self.app(scope, receive, send)
    |   File "D:\Project\Automated_Testing_FastApi\.venv\lib\site-packages\starlette\middleware\base.py", line 189, in __call__
    |     with collapse_excgroups():
    |   File "C:\Users\Thinkpad\AppData\Local\Programs\Python\Python310\lib\contextlib.py", line 153, in __exit__
    |     self.gen.throw(typ, value, traceback)
    |   File "D:\Project\Automated_Testing_FastApi\.venv\lib\site-packages\starlette\_utils.py", line 88, in collapse_excgroups
    |     raise exc
    |   File "D:\Project\Automated_Testing_FastApi\.venv\lib\site-packages\starlette\middleware\base.py", line 191, in __call__
    |     response = await self.dispatch_func(request, call_next)
    |   File "D:\Project\Automated_Testing_FastApi\main.py", line 27, in db_session_middleware
    |     response = await call_next(request)
    |   File "D:\Project\Automated_Testing_FastApi\.venv\lib\site-packages\starlette\middleware\base.py", line 165, in call_next
    |     raise app_exc
    |   File "D:\Project\Automated_Testing_FastApi\.venv\lib\site-packages\starlette\middleware\base.py", line 151, in coro
    |     await self.app(scope, receive_or_disconnect, send_no_error)
    |   File "D:\Project\Automated_Testing_FastApi\.venv\lib\site-packages\starlette\middleware\exceptions.py", line 62, in __call__
    |     await wrap_app_handling_exceptions(self.app, conn)(scope, receive, send)
    |   File "D:\Project\Automated_Testing_FastApi\.venv\lib\site-packages\starlette\_exception_handler.py", line 55, in wrapped_app
    |     raise exc
    |   File "D:\Project\Automated_Testing_FastApi\.venv\lib\site-packages\starlette\_exception_handler.py", line 44, in wrapped_app
    |     await app(scope, receive, sender)
    |   File "D:\Project\Automated_Testing_FastApi\.venv\lib\site-packages\starlette\routing.py", line 746, in __call__
    |     await route.handle(scope, receive, send)
    |   File "D:\Project\Automated_Testing_FastApi\.venv\lib\site-packages\starlette\routing.py", line 288, in handle
    |     await self.app(scope, receive, send)
    |   File "D:\Project\Automated_Testing_FastApi\.venv\lib\site-packages\starlette\routing.py", line 75, in app
    |     await wrap_app_handling_exceptions(app, request)(scope, receive, send)
    |   File "D:\Project\Automated_Testing_FastApi\.venv\lib\site-packages\starlette\_exception_handler.py", line 55, in wrapped_app
    |     raise exc
    |   File "D:\Project\Automated_Testing_FastApi\.venv\lib\site-packages\starlette\_exception_handler.py", line 44, in wrapped_app
    |     await app(scope, receive, sender)
    |   File "D:\Project\Automated_Testing_FastApi\.venv\lib\site-packages\starlette\routing.py", line 70, in app
    |     response = await func(request)
    |   File "D:\Project\Automated_Testing_FastApi\.venv\lib\site-packages\fastapi\routing.py", line 299, in app
    |     raise e
    |   File "D:\Project\Automated_Testing_FastApi\.venv\lib\site-packages\fastapi\routing.py", line 294, in app
    |     raw_response = await run_endpoint_function(
    |   File "D:\Project\Automated_Testing_FastApi\.venv\lib\site-packages\fastapi\routing.py", line 193, in run_endpoint_function
    |     return await run_in_threadpool(dependant.call, **values)
    |   File "D:\Project\Automated_Testing_FastApi\.venv\lib\site-packages\starlette\concurrency.py", line 35, in run_in_threadpool
    |     return await anyio.to_thread.run_sync(func, *args)
    |   File "D:\Project\Automated_Testing_FastApi\.venv\lib\site-packages\anyio\to_thread.py", line 56, in run_sync
    |     return await get_async_backend().run_sync_in_worker_thread(
    |   File "D:\Project\Automated_Testing_FastApi\.venv\lib\site-packages\anyio\_backends\_asyncio.py", line 2134, in run_sync_in_worker_thread
    |     return await future
    |   File "D:\Project\Automated_Testing_FastApi\.venv\lib\site-packages\anyio\_backends\_asyncio.py", line 851, in run
    |     result = context.run(func, *args)
    |   File "D:\Project\Automated_Testing_FastApi\routers\Project.py", line 21, in get_all_projects
    |     return ProjectsResponse(projects=db_projects, message="≥…π¶≤È—ØµΩÀ˘”–œÓƒø–≈œ¢")
    |   File "D:\Project\Automated_Testing_FastApi\.venv\lib\site-packages\pydantic\main.py", line 164, in __init__
    |     __pydantic_self__.__pydantic_validator__.validate_python(data, self_instance=__pydantic_self__)
    | pydantic_core._pydantic_core.ValidationError: 3 validation errors for ProjectsResponse
    | projects.0
    |   Input should be a valid dictionary or instance of Project [type=model_type, input_value=<model.models.Project obj...t at 0x000001382AB63C40>, input_type=Project]
    |     For further information visit https://errors.pydantic.dev/2.5/v/model_type
    | projects.1
    |   Input should be a valid dictionary or instance of Project [type=model_type, input_value=<model.models.Project obj...t at 0x000001382AB612A0>, input_type=Project]
    |     For further information visit https://errors.pydantic.dev/2.5/v/model_type
    | projects.2
    |   Input should be a valid dictionary or instance of Project [type=model_type, input_value=<model.models.Project obj...t at 0x000001382AB61360>, input_type=Project]
    |     For further information visit https://errors.pydantic.dev/2.5/v/model_type
    +------------------------------------

During handling of the above exception, another exception occurred:

Traceback (most recent call last):
  File "D:\Project\Automated_Testing_FastApi\.venv\lib\site-packages\uvicorn\protocols\http\httptools_impl.py", line 426, in run_asgi
    result = await app(  # type: ignore[func-returns-value]
  File "D:\Project\Automated_Testing_FastApi\.venv\lib\site-packages\uvicorn\middleware\proxy_headers.py", line 84, in __call__
    return await self.app(scope, receive, send)
  File "D:\Project\Automated_Testing_FastApi\.venv\lib\site-packages\fastapi\applications.py", line 1054, in __call__
    await super().__call__(scope, receive, send)
  File "D:\Project\Automated_Testing_FastApi\.venv\lib\site-packages\starlette\applications.py", line 116, in __call__
    await self.middleware_stack(scope, receive, send)
  File "D:\Project\Automated_Testing_FastApi\.venv\lib\site-packages\starlette\middleware\errors.py", line 186, in __call__
    raise exc
  File "D:\Project\Automated_Testing_FastApi\.venv\lib\site-packages\starlette\middleware\errors.py", line 164, in __call__
    await self.app(scope, receive, _send)
  File "D:\Project\Automated_Testing_FastApi\.venv\lib\site-packages\starlette\middleware\cors.py", line 83, in __call__
    await self.app(scope, receive, send)
  File "D:\Project\Automated_Testing_FastApi\.venv\lib\site-packages\starlette\middleware\base.py", line 189, in __call__
    with collapse_excgroups():
  File "C:\Users\Thinkpad\AppData\Local\Programs\Python\Python310\lib\contextlib.py", line 153, in __exit__
    self.gen.throw(typ, value, traceback)
  File "D:\Project\Automated_Testing_FastApi\.venv\lib\site-packages\starlette\_utils.py", line 88, in collapse_excgroups
    raise exc
  File "D:\Project\Automated_Testing_FastApi\.venv\lib\site-packages\starlette\middleware\base.py", line 191, in __call__
    response = await self.dispatch_func(request, call_next)
  File "D:\Project\Automated_Testing_FastApi\main.py", line 27, in db_session_middleware
    response = await call_next(request)
  File "D:\Project\Automated_Testing_FastApi\.venv\lib\site-packages\starlette\middleware\base.py", line 165, in call_next
    raise app_exc
  File "D:\Project\Automated_Testing_FastApi\.venv\lib\site-packages\starlette\middleware\base.py", line 151, in coro
    await self.app(scope, receive_or_disconnect, send_no_error)
  File "D:\Project\Automated_Testing_FastApi\.venv\lib\site-packages\starlette\middleware\exceptions.py", line 62, in __call__
    await wrap_app_handling_exceptions(self.app, conn)(scope, receive, send)
  File "D:\Project\Automated_Testing_FastApi\.venv\lib\site-packages\starlette\_exception_handler.py", line 55, in wrapped_app
    raise exc
  File "D:\Project\Automated_Testing_FastApi\.venv\lib\site-packages\starlette\_exception_handler.py", line 44, in wrapped_app
    await app(scope, receive, sender)
  File "D:\Project\Automated_Testing_FastApi\.venv\lib\site-packages\starlette\routing.py", line 746, in __call__
    await route.handle(scope, receive, send)
  File "D:\Project\Automated_Testing_FastApi\.venv\lib\site-packages\starlette\routing.py", line 288, in handle
    await self.app(scope, receive, send)
  File "D:\Project\Automated_Testing_FastApi\.venv\lib\site-packages\starlette\routing.py", line 75, in app
    await wrap_app_handling_exceptions(app, request)(scope, receive, send)
  File "D:\Project\Automated_Testing_FastApi\.venv\lib\site-packages\starlette\_exception_handler.py", line 55, in wrapped_app
    raise exc
  File "D:\Project\Automated_Testing_FastApi\.venv\lib\site-packages\starlette\_exception_handler.py", line 44, in wrapped_app
    await app(scope, receive, sender)
  File "D:\Project\Automated_Testing_FastApi\.venv\lib\site-packages\starlette\routing.py", line 70, in app
    response = await func(request)
  File "D:\Project\Automated_Testing_FastApi\.venv\lib\site-packages\fastapi\routing.py", line 299, in app
    raise e
  File "D:\Project\Automated_Testing_FastApi\.venv\lib\site-packages\fastapi\routing.py", line 294, in app
    raw_response = await run_endpoint_function(
  File "D:\Project\Automated_Testing_FastApi\.venv\lib\site-packages\fastapi\routing.py", line 193, in run_endpoint_function
    return await run_in_threadpool(dependant.call, **values)
  File "D:\Project\Automated_Testing_FastApi\.venv\lib\site-packages\starlette\concurrency.py", line 35, in run_in_threadpool
    return await anyio.to_thread.run_sync(func, *args)
  File "D:\Project\Automated_Testing_FastApi\.venv\lib\site-packages\anyio\to_thread.py", line 56, in run_sync
    return await get_async_backend().run_sync_in_worker_thread(
  File "D:\Project\Automated_Testing_FastApi\.venv\lib\site-packages\anyio\_backends\_asyncio.py", line 2134, in run_sync_in_worker_thread
    return await future
  File "D:\Project\Automated_Testing_FastApi\.venv\lib\site-packages\anyio\_backends\_asyncio.py", line 851, in run
    result = context.run(func, *args)
  File "D:\Project\Automated_Testing_FastApi\routers\Project.py", line 21, in get_all_projects
    return ProjectsResponse(projects=db_projects, message="≥…π¶≤È—ØµΩÀ˘”–œÓƒø–≈œ¢")
  File "D:\Project\Automated_Testing_FastApi\.venv\lib\site-packages\pydantic\main.py", line 164, in __init__
    __pydantic_self__.__pydantic_validator__.validate_python(data, self_instance=__pydantic_self__)
pydantic_core._pydantic_core.ValidationError: 3 validation errors for ProjectsResponse
projects.0
  Input should be a valid dictionary or instance of Project [type=model_type, input_value=<model.models.Project obj...t at 0x000001382AB63C40>, input_type=Project]
    For further information visit https://errors.pydantic.dev/2.5/v/model_type
projects.1
  Input should be a valid dictionary or instance of Project [type=model_type, input_value=<model.models.Project obj...t at 0x000001382AB612A0>, input_type=Project]
    For further information visit https://errors.pydantic.dev/2.5/v/model_type
projects.2
  Input should be a valid dictionary or instance of Project [type=model_type, input_value=<model.models.Project obj...t at 0x000001382AB61360>, input_type=Project]
    For further information visit https://errors.pydantic.dev/2.5/v/model_type
[2023-12-29 12:09:36] INFO uvicorn.error shutdown() L264  call_trace=D:\Project\Automated_Testing_FastApi\.venv\lib\site-packages\uvicorn\server.py L264  in server: Shutting down
[2023-12-29 12:09:36] INFO uvicorn.error shutdown() L65   call_trace=D:\Project\Automated_Testing_FastApi\.venv\lib\site-packages\uvicorn\lifespan\on.py L65   in on: Waiting for application shutdown.
[2023-12-29 12:09:36] INFO uvicorn.error shutdown() L76   call_trace=D:\Project\Automated_Testing_FastApi\.venv\lib\site-packages\uvicorn\lifespan\on.py L76   in on: Application shutdown complete.
[2023-12-29 12:09:36] INFO uvicorn.error serve() L86   call_trace=D:\Project\Automated_Testing_FastApi\.venv\lib\site-packages\uvicorn\server.py L86   in server: Finished server process [14020]
[2023-12-29 12:09:40] INFO uvicorn.error serve() L76   call_trace=D:\Project\Automated_Testing_FastApi\.venv\lib\site-packages\uvicorn\server.py L76   in server: Started server process [904]
[2023-12-29 12:09:40] INFO uvicorn.error startup() L46   call_trace=D:\Project\Automated_Testing_FastApi\.venv\lib\site-packages\uvicorn\lifespan\on.py L46   in on: Waiting for application startup.
[2023-12-29 12:09:40] INFO uvicorn.error startup() L60   call_trace=D:\Project\Automated_Testing_FastApi\.venv\lib\site-packages\uvicorn\lifespan\on.py L60   in on: Application startup complete.
[2023-12-29 12:10:00] INFO uvicorn.error shutdown() L264  call_trace=D:\Project\Automated_Testing_FastApi\.venv\lib\site-packages\uvicorn\server.py L264  in server: Shutting down
[2023-12-29 12:10:01] INFO uvicorn.error shutdown() L65   call_trace=D:\Project\Automated_Testing_FastApi\.venv\lib\site-packages\uvicorn\lifespan\on.py L65   in on: Waiting for application shutdown.
[2023-12-29 12:10:01] INFO uvicorn.error shutdown() L76   call_trace=D:\Project\Automated_Testing_FastApi\.venv\lib\site-packages\uvicorn\lifespan\on.py L76   in on: Application shutdown complete.
[2023-12-29 12:10:01] INFO uvicorn.error serve() L86   call_trace=D:\Project\Automated_Testing_FastApi\.venv\lib\site-packages\uvicorn\server.py L86   in server: Finished server process [904]
[2023-12-29 12:10:02] INFO uvicorn.error serve() L76   call_trace=D:\Project\Automated_Testing_FastApi\.venv\lib\site-packages\uvicorn\server.py L76   in server: Started server process [4628]
[2023-12-29 12:10:02] INFO uvicorn.error startup() L46   call_trace=D:\Project\Automated_Testing_FastApi\.venv\lib\site-packages\uvicorn\lifespan\on.py L46   in on: Waiting for application startup.
[2023-12-29 12:10:02] INFO uvicorn.error startup() L60   call_trace=D:\Project\Automated_Testing_FastApi\.venv\lib\site-packages\uvicorn\lifespan\on.py L60   in on: Application startup complete.
[2023-12-29 12:10:48] INFO uvicorn.error shutdown() L264  call_trace=D:\Project\Automated_Testing_FastApi\.venv\lib\site-packages\uvicorn\server.py L264  in server: Shutting down
[2023-12-29 12:10:49] INFO uvicorn.error shutdown() L65   call_trace=D:\Project\Automated_Testing_FastApi\.venv\lib\site-packages\uvicorn\lifespan\on.py L65   in on: Waiting for application shutdown.
[2023-12-29 12:10:49] INFO uvicorn.error shutdown() L76   call_trace=D:\Project\Automated_Testing_FastApi\.venv\lib\site-packages\uvicorn\lifespan\on.py L76   in on: Application shutdown complete.
[2023-12-29 12:10:49] INFO uvicorn.error serve() L86   call_trace=D:\Project\Automated_Testing_FastApi\.venv\lib\site-packages\uvicorn\server.py L86   in server: Finished server process [4628]
[2023-12-29 12:10:50] INFO uvicorn.error serve() L76   call_trace=D:\Project\Automated_Testing_FastApi\.venv\lib\site-packages\uvicorn\server.py L76   in server: Started server process [10136]
[2023-12-29 12:10:50] INFO uvicorn.error startup() L46   call_trace=D:\Project\Automated_Testing_FastApi\.venv\lib\site-packages\uvicorn\lifespan\on.py L46   in on: Waiting for application startup.
[2023-12-29 12:10:50] INFO uvicorn.error startup() L60   call_trace=D:\Project\Automated_Testing_FastApi\.venv\lib\site-packages\uvicorn\lifespan\on.py L60   in on: Application startup complete.
[2023-12-29 12:10:55] ERROR uvicorn.error run_asgi() L431  call_trace=D:\Project\Automated_Testing_FastApi\.venv\lib\site-packages\uvicorn\protocols\http\httptools_impl.py L431  in httptools_impl: Exception in ASGI application
  + Exception Group Traceback (most recent call last):
  |   File "D:\Project\Automated_Testing_FastApi\.venv\lib\site-packages\starlette\_utils.py", line 82, in collapse_excgroups
  |     yield
  |   File "D:\Project\Automated_Testing_FastApi\.venv\lib\site-packages\starlette\middleware\base.py", line 190, in __call__
  |     async with anyio.create_task_group() as task_group:
  |   File "D:\Project\Automated_Testing_FastApi\.venv\lib\site-packages\anyio\_backends\_asyncio.py", line 678, in __aexit__
  |     raise BaseExceptionGroup(
  | exceptiongroup.ExceptionGroup: unhandled errors in a TaskGroup (1 sub-exception)
  +-+---------------- 1 ----------------
    | Traceback (most recent call last):
    |   File "D:\Project\Automated_Testing_FastApi\.venv\lib\site-packages\uvicorn\protocols\http\httptools_impl.py", line 426, in run_asgi
    |     result = await app(  # type: ignore[func-returns-value]
    |   File "D:\Project\Automated_Testing_FastApi\.venv\lib\site-packages\uvicorn\middleware\proxy_headers.py", line 84, in __call__
    |     return await self.app(scope, receive, send)
    |   File "D:\Project\Automated_Testing_FastApi\.venv\lib\site-packages\fastapi\applications.py", line 1054, in __call__
    |     await super().__call__(scope, receive, send)
    |   File "D:\Project\Automated_Testing_FastApi\.venv\lib\site-packages\starlette\applications.py", line 116, in __call__
    |     await self.middleware_stack(scope, receive, send)
    |   File "D:\Project\Automated_Testing_FastApi\.venv\lib\site-packages\starlette\middleware\errors.py", line 186, in __call__
    |     raise exc
    |   File "D:\Project\Automated_Testing_FastApi\.venv\lib\site-packages\starlette\middleware\errors.py", line 164, in __call__
    |     await self.app(scope, receive, _send)
    |   File "D:\Project\Automated_Testing_FastApi\.venv\lib\site-packages\starlette\middleware\cors.py", line 83, in __call__
    |     await self.app(scope, receive, send)
    |   File "D:\Project\Automated_Testing_FastApi\.venv\lib\site-packages\starlette\middleware\base.py", line 189, in __call__
    |     with collapse_excgroups():
    |   File "C:\Users\Thinkpad\AppData\Local\Programs\Python\Python310\lib\contextlib.py", line 153, in __exit__
    |     self.gen.throw(typ, value, traceback)
    |   File "D:\Project\Automated_Testing_FastApi\.venv\lib\site-packages\starlette\_utils.py", line 88, in collapse_excgroups
    |     raise exc
    |   File "D:\Project\Automated_Testing_FastApi\.venv\lib\site-packages\starlette\middleware\base.py", line 191, in __call__
    |     response = await self.dispatch_func(request, call_next)
    |   File "D:\Project\Automated_Testing_FastApi\main.py", line 27, in db_session_middleware
    |     response = await call_next(request)
    |   File "D:\Project\Automated_Testing_FastApi\.venv\lib\site-packages\starlette\middleware\base.py", line 165, in call_next
    |     raise app_exc
    |   File "D:\Project\Automated_Testing_FastApi\.venv\lib\site-packages\starlette\middleware\base.py", line 151, in coro
    |     await self.app(scope, receive_or_disconnect, send_no_error)
    |   File "D:\Project\Automated_Testing_FastApi\.venv\lib\site-packages\starlette\middleware\exceptions.py", line 62, in __call__
    |     await wrap_app_handling_exceptions(self.app, conn)(scope, receive, send)
    |   File "D:\Project\Automated_Testing_FastApi\.venv\lib\site-packages\starlette\_exception_handler.py", line 55, in wrapped_app
    |     raise exc
    |   File "D:\Project\Automated_Testing_FastApi\.venv\lib\site-packages\starlette\_exception_handler.py", line 44, in wrapped_app
    |     await app(scope, receive, sender)
    |   File "D:\Project\Automated_Testing_FastApi\.venv\lib\site-packages\starlette\routing.py", line 746, in __call__
    |     await route.handle(scope, receive, send)
    |   File "D:\Project\Automated_Testing_FastApi\.venv\lib\site-packages\starlette\routing.py", line 288, in handle
    |     await self.app(scope, receive, send)
    |   File "D:\Project\Automated_Testing_FastApi\.venv\lib\site-packages\starlette\routing.py", line 75, in app
    |     await wrap_app_handling_exceptions(app, request)(scope, receive, send)
    |   File "D:\Project\Automated_Testing_FastApi\.venv\lib\site-packages\starlette\_exception_handler.py", line 55, in wrapped_app
    |     raise exc
    |   File "D:\Project\Automated_Testing_FastApi\.venv\lib\site-packages\starlette\_exception_handler.py", line 44, in wrapped_app
    |     await app(scope, receive, sender)
    |   File "D:\Project\Automated_Testing_FastApi\.venv\lib\site-packages\starlette\routing.py", line 70, in app
    |     response = await func(request)
    |   File "D:\Project\Automated_Testing_FastApi\.venv\lib\site-packages\fastapi\routing.py", line 299, in app
    |     raise e
    |   File "D:\Project\Automated_Testing_FastApi\.venv\lib\site-packages\fastapi\routing.py", line 294, in app
    |     raw_response = await run_endpoint_function(
    |   File "D:\Project\Automated_Testing_FastApi\.venv\lib\site-packages\fastapi\routing.py", line 193, in run_endpoint_function
    |     return await run_in_threadpool(dependant.call, **values)
    |   File "D:\Project\Automated_Testing_FastApi\.venv\lib\site-packages\starlette\concurrency.py", line 35, in run_in_threadpool
    |     return await anyio.to_thread.run_sync(func, *args)
    |   File "D:\Project\Automated_Testing_FastApi\.venv\lib\site-packages\anyio\to_thread.py", line 56, in run_sync
    |     return await get_async_backend().run_sync_in_worker_thread(
    |   File "D:\Project\Automated_Testing_FastApi\.venv\lib\site-packages\anyio\_backends\_asyncio.py", line 2134, in run_sync_in_worker_thread
    |     return await future
    |   File "D:\Project\Automated_Testing_FastApi\.venv\lib\site-packages\anyio\_backends\_asyncio.py", line 851, in run
    |     result = context.run(func, *args)
    |   File "D:\Project\Automated_Testing_FastApi\routers\Project.py", line 22, in get_all_projects
    |     return ProjectsResponse(projects=db_projects, message="≥…π¶≤È—ØµΩÀ˘”–œÓƒø–≈œ¢")
    |   File "D:\Project\Automated_Testing_FastApi\.venv\lib\site-packages\pydantic\main.py", line 164, in __init__
    |     __pydantic_self__.__pydantic_validator__.validate_python(data, self_instance=__pydantic_self__)
    | pydantic_core._pydantic_core.ValidationError: 3 validation errors for ProjectsResponse
    | projects.0
    |   Input should be a valid dictionary or instance of Project [type=model_type, input_value=<model.models.Project obj...t at 0x000001ACEE6084C0>, input_type=Project]
    |     For further information visit https://errors.pydantic.dev/2.5/v/model_type
    | projects.1
    |   Input should be a valid dictionary or instance of Project [type=model_type, input_value=<model.models.Project obj...t at 0x000001ACEE608BB0>, input_type=Project]
    |     For further information visit https://errors.pydantic.dev/2.5/v/model_type
    | projects.2
    |   Input should be a valid dictionary or instance of Project [type=model_type, input_value=<model.models.Project obj...t at 0x000001ACEE608C70>, input_type=Project]
    |     For further information visit https://errors.pydantic.dev/2.5/v/model_type
    +------------------------------------

During handling of the above exception, another exception occurred:

Traceback (most recent call last):
  File "D:\Project\Automated_Testing_FastApi\.venv\lib\site-packages\uvicorn\protocols\http\httptools_impl.py", line 426, in run_asgi
    result = await app(  # type: ignore[func-returns-value]
  File "D:\Project\Automated_Testing_FastApi\.venv\lib\site-packages\uvicorn\middleware\proxy_headers.py", line 84, in __call__
    return await self.app(scope, receive, send)
  File "D:\Project\Automated_Testing_FastApi\.venv\lib\site-packages\fastapi\applications.py", line 1054, in __call__
    await super().__call__(scope, receive, send)
  File "D:\Project\Automated_Testing_FastApi\.venv\lib\site-packages\starlette\applications.py", line 116, in __call__
    await self.middleware_stack(scope, receive, send)
  File "D:\Project\Automated_Testing_FastApi\.venv\lib\site-packages\starlette\middleware\errors.py", line 186, in __call__
    raise exc
  File "D:\Project\Automated_Testing_FastApi\.venv\lib\site-packages\starlette\middleware\errors.py", line 164, in __call__
    await self.app(scope, receive, _send)
  File "D:\Project\Automated_Testing_FastApi\.venv\lib\site-packages\starlette\middleware\cors.py", line 83, in __call__
    await self.app(scope, receive, send)
  File "D:\Project\Automated_Testing_FastApi\.venv\lib\site-packages\starlette\middleware\base.py", line 189, in __call__
    with collapse_excgroups():
  File "C:\Users\Thinkpad\AppData\Local\Programs\Python\Python310\lib\contextlib.py", line 153, in __exit__
    self.gen.throw(typ, value, traceback)
  File "D:\Project\Automated_Testing_FastApi\.venv\lib\site-packages\starlette\_utils.py", line 88, in collapse_excgroups
    raise exc
  File "D:\Project\Automated_Testing_FastApi\.venv\lib\site-packages\starlette\middleware\base.py", line 191, in __call__
    response = await self.dispatch_func(request, call_next)
  File "D:\Project\Automated_Testing_FastApi\main.py", line 27, in db_session_middleware
    response = await call_next(request)
  File "D:\Project\Automated_Testing_FastApi\.venv\lib\site-packages\starlette\middleware\base.py", line 165, in call_next
    raise app_exc
  File "D:\Project\Automated_Testing_FastApi\.venv\lib\site-packages\starlette\middleware\base.py", line 151, in coro
    await self.app(scope, receive_or_disconnect, send_no_error)
  File "D:\Project\Automated_Testing_FastApi\.venv\lib\site-packages\starlette\middleware\exceptions.py", line 62, in __call__
    await wrap_app_handling_exceptions(self.app, conn)(scope, receive, send)
  File "D:\Project\Automated_Testing_FastApi\.venv\lib\site-packages\starlette\_exception_handler.py", line 55, in wrapped_app
    raise exc
  File "D:\Project\Automated_Testing_FastApi\.venv\lib\site-packages\starlette\_exception_handler.py", line 44, in wrapped_app
    await app(scope, receive, sender)
  File "D:\Project\Automated_Testing_FastApi\.venv\lib\site-packages\starlette\routing.py", line 746, in __call__
    await route.handle(scope, receive, send)
  File "D:\Project\Automated_Testing_FastApi\.venv\lib\site-packages\starlette\routing.py", line 288, in handle
    await self.app(scope, receive, send)
  File "D:\Project\Automated_Testing_FastApi\.venv\lib\site-packages\starlette\routing.py", line 75, in app
    await wrap_app_handling_exceptions(app, request)(scope, receive, send)
  File "D:\Project\Automated_Testing_FastApi\.venv\lib\site-packages\starlette\_exception_handler.py", line 55, in wrapped_app
    raise exc
  File "D:\Project\Automated_Testing_FastApi\.venv\lib\site-packages\starlette\_exception_handler.py", line 44, in wrapped_app
    await app(scope, receive, sender)
  File "D:\Project\Automated_Testing_FastApi\.venv\lib\site-packages\starlette\routing.py", line 70, in app
    response = await func(request)
  File "D:\Project\Automated_Testing_FastApi\.venv\lib\site-packages\fastapi\routing.py", line 299, in app
    raise e
  File "D:\Project\Automated_Testing_FastApi\.venv\lib\site-packages\fastapi\routing.py", line 294, in app
    raw_response = await run_endpoint_function(
  File "D:\Project\Automated_Testing_FastApi\.venv\lib\site-packages\fastapi\routing.py", line 193, in run_endpoint_function
    return await run_in_threadpool(dependant.call, **values)
  File "D:\Project\Automated_Testing_FastApi\.venv\lib\site-packages\starlette\concurrency.py", line 35, in run_in_threadpool
    return await anyio.to_thread.run_sync(func, *args)
  File "D:\Project\Automated_Testing_FastApi\.venv\lib\site-packages\anyio\to_thread.py", line 56, in run_sync
    return await get_async_backend().run_sync_in_worker_thread(
  File "D:\Project\Automated_Testing_FastApi\.venv\lib\site-packages\anyio\_backends\_asyncio.py", line 2134, in run_sync_in_worker_thread
    return await future
  File "D:\Project\Automated_Testing_FastApi\.venv\lib\site-packages\anyio\_backends\_asyncio.py", line 851, in run
    result = context.run(func, *args)
  File "D:\Project\Automated_Testing_FastApi\routers\Project.py", line 22, in get_all_projects
    return ProjectsResponse(projects=db_projects, message="≥…π¶≤È—ØµΩÀ˘”–œÓƒø–≈œ¢")
  File "D:\Project\Automated_Testing_FastApi\.venv\lib\site-packages\pydantic\main.py", line 164, in __init__
    __pydantic_self__.__pydantic_validator__.validate_python(data, self_instance=__pydantic_self__)
pydantic_core._pydantic_core.ValidationError: 3 validation errors for ProjectsResponse
projects.0
  Input should be a valid dictionary or instance of Project [type=model_type, input_value=<model.models.Project obj...t at 0x000001ACEE6084C0>, input_type=Project]
    For further information visit https://errors.pydantic.dev/2.5/v/model_type
projects.1
  Input should be a valid dictionary or instance of Project [type=model_type, input_value=<model.models.Project obj...t at 0x000001ACEE608BB0>, input_type=Project]
    For further information visit https://errors.pydantic.dev/2.5/v/model_type
projects.2
  Input should be a valid dictionary or instance of Project [type=model_type, input_value=<model.models.Project obj...t at 0x000001ACEE608C70>, input_type=Project]
    For further information visit https://errors.pydantic.dev/2.5/v/model_type
[2023-12-29 12:12:31] INFO uvicorn.error serve() L76   call_trace=D:\Project\Automated_Testing_FastApi\.venv\lib\site-packages\uvicorn\server.py L76   in server: Started server process [2512]
[2023-12-29 12:12:31] INFO uvicorn.error startup() L46   call_trace=D:\Project\Automated_Testing_FastApi\.venv\lib\site-packages\uvicorn\lifespan\on.py L46   in on: Waiting for application startup.
[2023-12-29 12:12:31] INFO uvicorn.error startup() L60   call_trace=D:\Project\Automated_Testing_FastApi\.venv\lib\site-packages\uvicorn\lifespan\on.py L60   in on: Application startup complete.
[2023-12-29 12:12:31] INFO uvicorn.error shutdown() L264  call_trace=D:\Project\Automated_Testing_FastApi\.venv\lib\site-packages\uvicorn\server.py L264  in server: Shutting down
[2023-12-29 12:12:34] INFO uvicorn.error serve() L76   call_trace=D:\Project\Automated_Testing_FastApi\.venv\lib\site-packages\uvicorn\server.py L76   in server: Started server process [23984]
[2023-12-29 12:12:34] INFO uvicorn.error startup() L46   call_trace=D:\Project\Automated_Testing_FastApi\.venv\lib\site-packages\uvicorn\lifespan\on.py L46   in on: Waiting for application startup.
[2023-12-29 12:12:34] INFO uvicorn.error startup() L60   call_trace=D:\Project\Automated_Testing_FastApi\.venv\lib\site-packages\uvicorn\lifespan\on.py L60   in on: Application startup complete.
[2023-12-29 12:12:41] ERROR uvicorn.error run_asgi() L431  call_trace=D:\Project\Automated_Testing_FastApi\.venv\lib\site-packages\uvicorn\protocols\http\httptools_impl.py L431  in httptools_impl: Exception in ASGI application
  + Exception Group Traceback (most recent call last):
  |   File "D:\Project\Automated_Testing_FastApi\.venv\lib\site-packages\starlette\_utils.py", line 82, in collapse_excgroups
  |     yield
  |   File "D:\Project\Automated_Testing_FastApi\.venv\lib\site-packages\starlette\middleware\base.py", line 190, in __call__
  |     async with anyio.create_task_group() as task_group:
  |   File "D:\Project\Automated_Testing_FastApi\.venv\lib\site-packages\anyio\_backends\_asyncio.py", line 678, in __aexit__
  |     raise BaseExceptionGroup(
  | exceptiongroup.ExceptionGroup: unhandled errors in a TaskGroup (1 sub-exception)
  +-+---------------- 1 ----------------
    | Traceback (most recent call last):
    |   File "D:\Project\Automated_Testing_FastApi\.venv\lib\site-packages\uvicorn\protocols\http\httptools_impl.py", line 426, in run_asgi
    |     result = await app(  # type: ignore[func-returns-value]
    |   File "D:\Project\Automated_Testing_FastApi\.venv\lib\site-packages\uvicorn\middleware\proxy_headers.py", line 84, in __call__
    |     return await self.app(scope, receive, send)
    |   File "D:\Project\Automated_Testing_FastApi\.venv\lib\site-packages\fastapi\applications.py", line 1054, in __call__
    |     await super().__call__(scope, receive, send)
    |   File "D:\Project\Automated_Testing_FastApi\.venv\lib\site-packages\starlette\applications.py", line 116, in __call__
    |     await self.middleware_stack(scope, receive, send)
    |   File "D:\Project\Automated_Testing_FastApi\.venv\lib\site-packages\starlette\middleware\errors.py", line 186, in __call__
    |     raise exc
    |   File "D:\Project\Automated_Testing_FastApi\.venv\lib\site-packages\starlette\middleware\errors.py", line 164, in __call__
    |     await self.app(scope, receive, _send)
    |   File "D:\Project\Automated_Testing_FastApi\.venv\lib\site-packages\starlette\middleware\cors.py", line 83, in __call__
    |     await self.app(scope, receive, send)
    |   File "D:\Project\Automated_Testing_FastApi\.venv\lib\site-packages\starlette\middleware\base.py", line 189, in __call__
    |     with collapse_excgroups():
    |   File "C:\Users\Thinkpad\AppData\Local\Programs\Python\Python310\lib\contextlib.py", line 153, in __exit__
    |     self.gen.throw(typ, value, traceback)
    |   File "D:\Project\Automated_Testing_FastApi\.venv\lib\site-packages\starlette\_utils.py", line 88, in collapse_excgroups
    |     raise exc
    |   File "D:\Project\Automated_Testing_FastApi\.venv\lib\site-packages\starlette\middleware\base.py", line 191, in __call__
    |     response = await self.dispatch_func(request, call_next)
    |   File "D:\Project\Automated_Testing_FastApi\main.py", line 27, in db_session_middleware
    |     response = await call_next(request)
    |   File "D:\Project\Automated_Testing_FastApi\.venv\lib\site-packages\starlette\middleware\base.py", line 165, in call_next
    |     raise app_exc
    |   File "D:\Project\Automated_Testing_FastApi\.venv\lib\site-packages\starlette\middleware\base.py", line 151, in coro
    |     await self.app(scope, receive_or_disconnect, send_no_error)
    |   File "D:\Project\Automated_Testing_FastApi\.venv\lib\site-packages\starlette\middleware\exceptions.py", line 62, in __call__
    |     await wrap_app_handling_exceptions(self.app, conn)(scope, receive, send)
    |   File "D:\Project\Automated_Testing_FastApi\.venv\lib\site-packages\starlette\_exception_handler.py", line 55, in wrapped_app
    |     raise exc
    |   File "D:\Project\Automated_Testing_FastApi\.venv\lib\site-packages\starlette\_exception_handler.py", line 44, in wrapped_app
    |     await app(scope, receive, sender)
    |   File "D:\Project\Automated_Testing_FastApi\.venv\lib\site-packages\starlette\routing.py", line 746, in __call__
    |     await route.handle(scope, receive, send)
    |   File "D:\Project\Automated_Testing_FastApi\.venv\lib\site-packages\starlette\routing.py", line 288, in handle
    |     await self.app(scope, receive, send)
    |   File "D:\Project\Automated_Testing_FastApi\.venv\lib\site-packages\starlette\routing.py", line 75, in app
    |     await wrap_app_handling_exceptions(app, request)(scope, receive, send)
    |   File "D:\Project\Automated_Testing_FastApi\.venv\lib\site-packages\starlette\_exception_handler.py", line 55, in wrapped_app
    |     raise exc
    |   File "D:\Project\Automated_Testing_FastApi\.venv\lib\site-packages\starlette\_exception_handler.py", line 44, in wrapped_app
    |     await app(scope, receive, sender)
    |   File "D:\Project\Automated_Testing_FastApi\.venv\lib\site-packages\starlette\routing.py", line 70, in app
    |     response = await func(request)
    |   File "D:\Project\Automated_Testing_FastApi\.venv\lib\site-packages\fastapi\routing.py", line 299, in app
    |     raise e
    |   File "D:\Project\Automated_Testing_FastApi\.venv\lib\site-packages\fastapi\routing.py", line 294, in app
    |     raw_response = await run_endpoint_function(
    |   File "D:\Project\Automated_Testing_FastApi\.venv\lib\site-packages\fastapi\routing.py", line 193, in run_endpoint_function
    |     return await run_in_threadpool(dependant.call, **values)
    |   File "D:\Project\Automated_Testing_FastApi\.venv\lib\site-packages\starlette\concurrency.py", line 35, in run_in_threadpool
    |     return await anyio.to_thread.run_sync(func, *args)
    |   File "D:\Project\Automated_Testing_FastApi\.venv\lib\site-packages\anyio\to_thread.py", line 56, in run_sync
    |     return await get_async_backend().run_sync_in_worker_thread(
    |   File "D:\Project\Automated_Testing_FastApi\.venv\lib\site-packages\anyio\_backends\_asyncio.py", line 2134, in run_sync_in_worker_thread
    |     return await future
    |   File "D:\Project\Automated_Testing_FastApi\.venv\lib\site-packages\anyio\_backends\_asyncio.py", line 851, in run
    |     result = context.run(func, *args)
    |   File "D:\Project\Automated_Testing_FastApi\routers\Project.py", line 22, in get_all_projects
    |     return ProjectsResponse(projects=db_projects, message="≥…π¶≤È—ØµΩÀ˘”–œÓƒø–≈œ¢")
    |   File "D:\Project\Automated_Testing_FastApi\.venv\lib\site-packages\pydantic\main.py", line 164, in __init__
    |     __pydantic_self__.__pydantic_validator__.validate_python(data, self_instance=__pydantic_self__)
    | pydantic_core._pydantic_core.ValidationError: 3 validation errors for ProjectsResponse
    | projects.0
    |   Input should be a valid dictionary or instance of Project [type=model_type, input_value=<model.models.Project obj...t at 0x00000218A02E84C0>, input_type=Project]
    |     For further information visit https://errors.pydantic.dev/2.5/v/model_type
    | projects.1
    |   Input should be a valid dictionary or instance of Project [type=model_type, input_value=<model.models.Project obj...t at 0x00000218A02E8BB0>, input_type=Project]
    |     For further information visit https://errors.pydantic.dev/2.5/v/model_type
    | projects.2
    |   Input should be a valid dictionary or instance of Project [type=model_type, input_value=<model.models.Project obj...t at 0x00000218A02E8C70>, input_type=Project]
    |     For further information visit https://errors.pydantic.dev/2.5/v/model_type
    +------------------------------------

During handling of the above exception, another exception occurred:

Traceback (most recent call last):
  File "D:\Project\Automated_Testing_FastApi\.venv\lib\site-packages\uvicorn\protocols\http\httptools_impl.py", line 426, in run_asgi
    result = await app(  # type: ignore[func-returns-value]
  File "D:\Project\Automated_Testing_FastApi\.venv\lib\site-packages\uvicorn\middleware\proxy_headers.py", line 84, in __call__
    return await self.app(scope, receive, send)
  File "D:\Project\Automated_Testing_FastApi\.venv\lib\site-packages\fastapi\applications.py", line 1054, in __call__
    await super().__call__(scope, receive, send)
  File "D:\Project\Automated_Testing_FastApi\.venv\lib\site-packages\starlette\applications.py", line 116, in __call__
    await self.middleware_stack(scope, receive, send)
  File "D:\Project\Automated_Testing_FastApi\.venv\lib\site-packages\starlette\middleware\errors.py", line 186, in __call__
    raise exc
  File "D:\Project\Automated_Testing_FastApi\.venv\lib\site-packages\starlette\middleware\errors.py", line 164, in __call__
    await self.app(scope, receive, _send)
  File "D:\Project\Automated_Testing_FastApi\.venv\lib\site-packages\starlette\middleware\cors.py", line 83, in __call__
    await self.app(scope, receive, send)
  File "D:\Project\Automated_Testing_FastApi\.venv\lib\site-packages\starlette\middleware\base.py", line 189, in __call__
    with collapse_excgroups():
  File "C:\Users\Thinkpad\AppData\Local\Programs\Python\Python310\lib\contextlib.py", line 153, in __exit__
    self.gen.throw(typ, value, traceback)
  File "D:\Project\Automated_Testing_FastApi\.venv\lib\site-packages\starlette\_utils.py", line 88, in collapse_excgroups
    raise exc
  File "D:\Project\Automated_Testing_FastApi\.venv\lib\site-packages\starlette\middleware\base.py", line 191, in __call__
    response = await self.dispatch_func(request, call_next)
  File "D:\Project\Automated_Testing_FastApi\main.py", line 27, in db_session_middleware
    response = await call_next(request)
  File "D:\Project\Automated_Testing_FastApi\.venv\lib\site-packages\starlette\middleware\base.py", line 165, in call_next
    raise app_exc
  File "D:\Project\Automated_Testing_FastApi\.venv\lib\site-packages\starlette\middleware\base.py", line 151, in coro
    await self.app(scope, receive_or_disconnect, send_no_error)
  File "D:\Project\Automated_Testing_FastApi\.venv\lib\site-packages\starlette\middleware\exceptions.py", line 62, in __call__
    await wrap_app_handling_exceptions(self.app, conn)(scope, receive, send)
  File "D:\Project\Automated_Testing_FastApi\.venv\lib\site-packages\starlette\_exception_handler.py", line 55, in wrapped_app
    raise exc
  File "D:\Project\Automated_Testing_FastApi\.venv\lib\site-packages\starlette\_exception_handler.py", line 44, in wrapped_app
    await app(scope, receive, sender)
  File "D:\Project\Automated_Testing_FastApi\.venv\lib\site-packages\starlette\routing.py", line 746, in __call__
    await route.handle(scope, receive, send)
  File "D:\Project\Automated_Testing_FastApi\.venv\lib\site-packages\starlette\routing.py", line 288, in handle
    await self.app(scope, receive, send)
  File "D:\Project\Automated_Testing_FastApi\.venv\lib\site-packages\starlette\routing.py", line 75, in app
    await wrap_app_handling_exceptions(app, request)(scope, receive, send)
  File "D:\Project\Automated_Testing_FastApi\.venv\lib\site-packages\starlette\_exception_handler.py", line 55, in wrapped_app
    raise exc
  File "D:\Project\Automated_Testing_FastApi\.venv\lib\site-packages\starlette\_exception_handler.py", line 44, in wrapped_app
    await app(scope, receive, sender)
  File "D:\Project\Automated_Testing_FastApi\.venv\lib\site-packages\starlette\routing.py", line 70, in app
    response = await func(request)
  File "D:\Project\Automated_Testing_FastApi\.venv\lib\site-packages\fastapi\routing.py", line 299, in app
    raise e
  File "D:\Project\Automated_Testing_FastApi\.venv\lib\site-packages\fastapi\routing.py", line 294, in app
    raw_response = await run_endpoint_function(
  File "D:\Project\Automated_Testing_FastApi\.venv\lib\site-packages\fastapi\routing.py", line 193, in run_endpoint_function
    return await run_in_threadpool(dependant.call, **values)
  File "D:\Project\Automated_Testing_FastApi\.venv\lib\site-packages\starlette\concurrency.py", line 35, in run_in_threadpool
    return await anyio.to_thread.run_sync(func, *args)
  File "D:\Project\Automated_Testing_FastApi\.venv\lib\site-packages\anyio\to_thread.py", line 56, in run_sync
    return await get_async_backend().run_sync_in_worker_thread(
  File "D:\Project\Automated_Testing_FastApi\.venv\lib\site-packages\anyio\_backends\_asyncio.py", line 2134, in run_sync_in_worker_thread
    return await future
  File "D:\Project\Automated_Testing_FastApi\.venv\lib\site-packages\anyio\_backends\_asyncio.py", line 851, in run
    result = context.run(func, *args)
  File "D:\Project\Automated_Testing_FastApi\routers\Project.py", line 22, in get_all_projects
    return ProjectsResponse(projects=db_projects, message="≥…π¶≤È—ØµΩÀ˘”–œÓƒø–≈œ¢")
  File "D:\Project\Automated_Testing_FastApi\.venv\lib\site-packages\pydantic\main.py", line 164, in __init__
    __pydantic_self__.__pydantic_validator__.validate_python(data, self_instance=__pydantic_self__)
pydantic_core._pydantic_core.ValidationError: 3 validation errors for ProjectsResponse
projects.0
  Input should be a valid dictionary or instance of Project [type=model_type, input_value=<model.models.Project obj...t at 0x00000218A02E84C0>, input_type=Project]
    For further information visit https://errors.pydantic.dev/2.5/v/model_type
projects.1
  Input should be a valid dictionary or instance of Project [type=model_type, input_value=<model.models.Project obj...t at 0x00000218A02E8BB0>, input_type=Project]
    For further information visit https://errors.pydantic.dev/2.5/v/model_type
projects.2
  Input should be a valid dictionary or instance of Project [type=model_type, input_value=<model.models.Project obj...t at 0x00000218A02E8C70>, input_type=Project]
    For further information visit https://errors.pydantic.dev/2.5/v/model_type
[2023-12-29 12:13:13] INFO uvicorn.error shutdown() L264  call_trace=D:\Project\Automated_Testing_FastApi\.venv\lib\site-packages\uvicorn\server.py L264  in server: Shutting down
[2023-12-29 12:13:17] INFO uvicorn.error serve() L76   call_trace=D:\Project\Automated_Testing_FastApi\.venv\lib\site-packages\uvicorn\server.py L76   in server: Started server process [11296]
[2023-12-29 12:13:17] INFO uvicorn.error startup() L46   call_trace=D:\Project\Automated_Testing_FastApi\.venv\lib\site-packages\uvicorn\lifespan\on.py L46   in on: Waiting for application startup.
[2023-12-29 12:13:17] INFO uvicorn.error startup() L60   call_trace=D:\Project\Automated_Testing_FastApi\.venv\lib\site-packages\uvicorn\lifespan\on.py L60   in on: Application startup complete.
[2023-12-29 12:13:38] INFO uvicorn.error shutdown() L264  call_trace=D:\Project\Automated_Testing_FastApi\.venv\lib\site-packages\uvicorn\server.py L264  in server: Shutting down
[2023-12-29 12:13:38] INFO uvicorn.error shutdown() L65   call_trace=D:\Project\Automated_Testing_FastApi\.venv\lib\site-packages\uvicorn\lifespan\on.py L65   in on: Waiting for application shutdown.
[2023-12-29 12:13:38] INFO uvicorn.error shutdown() L76   call_trace=D:\Project\Automated_Testing_FastApi\.venv\lib\site-packages\uvicorn\lifespan\on.py L76   in on: Application shutdown complete.
[2023-12-29 12:13:38] INFO uvicorn.error serve() L86   call_trace=D:\Project\Automated_Testing_FastApi\.venv\lib\site-packages\uvicorn\server.py L86   in server: Finished server process [11296]
[2023-12-29 12:13:40] INFO uvicorn.error serve() L76   call_trace=D:\Project\Automated_Testing_FastApi\.venv\lib\site-packages\uvicorn\server.py L76   in server: Started server process [23020]
[2023-12-29 12:13:40] INFO uvicorn.error startup() L46   call_trace=D:\Project\Automated_Testing_FastApi\.venv\lib\site-packages\uvicorn\lifespan\on.py L46   in on: Waiting for application startup.
[2023-12-29 12:13:40] INFO uvicorn.error startup() L60   call_trace=D:\Project\Automated_Testing_FastApi\.venv\lib\site-packages\uvicorn\lifespan\on.py L60   in on: Application startup complete.
[2023-12-29 13:07:19] INFO uvicorn.error shutdown() L264  call_trace=D:\Project\Automated_Testing_FastApi\.venv\lib\site-packages\uvicorn\server.py L264  in server: Shutting down
[2023-12-29 13:07:19] INFO uvicorn.error shutdown() L65   call_trace=D:\Project\Automated_Testing_FastApi\.venv\lib\site-packages\uvicorn\lifespan\on.py L65   in on: Waiting for application shutdown.
[2023-12-29 13:07:19] INFO uvicorn.error shutdown() L76   call_trace=D:\Project\Automated_Testing_FastApi\.venv\lib\site-packages\uvicorn\lifespan\on.py L76   in on: Application shutdown complete.
[2023-12-29 13:07:19] INFO uvicorn.error serve() L86   call_trace=D:\Project\Automated_Testing_FastApi\.venv\lib\site-packages\uvicorn\server.py L86   in server: Finished server process [23020]
[2023-12-29 13:07:22] INFO uvicorn.error serve() L76   call_trace=D:\Project\Automated_Testing_FastApi\.venv\lib\site-packages\uvicorn\server.py L76   in server: Started server process [8292]
[2023-12-29 13:07:22] INFO uvicorn.error startup() L46   call_trace=D:\Project\Automated_Testing_FastApi\.venv\lib\site-packages\uvicorn\lifespan\on.py L46   in on: Waiting for application startup.
[2023-12-29 13:07:22] INFO uvicorn.error startup() L60   call_trace=D:\Project\Automated_Testing_FastApi\.venv\lib\site-packages\uvicorn\lifespan\on.py L60   in on: Application startup complete.
[2023-12-29 13:07:35] ERROR uvicorn.error run_asgi() L431  call_trace=D:\Project\Automated_Testing_FastApi\.venv\lib\site-packages\uvicorn\protocols\http\httptools_impl.py L431  in httptools_impl: Exception in ASGI application
  + Exception Group Traceback (most recent call last):
  |   File "D:\Project\Automated_Testing_FastApi\.venv\lib\site-packages\starlette\_utils.py", line 82, in collapse_excgroups
  |     yield
  |   File "D:\Project\Automated_Testing_FastApi\.venv\lib\site-packages\starlette\middleware\base.py", line 190, in __call__
  |     async with anyio.create_task_group() as task_group:
  |   File "D:\Project\Automated_Testing_FastApi\.venv\lib\site-packages\anyio\_backends\_asyncio.py", line 678, in __aexit__
  |     raise BaseExceptionGroup(
  | exceptiongroup.ExceptionGroup: unhandled errors in a TaskGroup (1 sub-exception)
  +-+---------------- 1 ----------------
    | Traceback (most recent call last):
    |   File "D:\Project\Automated_Testing_FastApi\.venv\lib\site-packages\uvicorn\protocols\http\httptools_impl.py", line 426, in run_asgi
    |     result = await app(  # type: ignore[func-returns-value]
    |   File "D:\Project\Automated_Testing_FastApi\.venv\lib\site-packages\uvicorn\middleware\proxy_headers.py", line 84, in __call__
    |     return await self.app(scope, receive, send)
    |   File "D:\Project\Automated_Testing_FastApi\.venv\lib\site-packages\fastapi\applications.py", line 1054, in __call__
    |     await super().__call__(scope, receive, send)
    |   File "D:\Project\Automated_Testing_FastApi\.venv\lib\site-packages\starlette\applications.py", line 116, in __call__
    |     await self.middleware_stack(scope, receive, send)
    |   File "D:\Project\Automated_Testing_FastApi\.venv\lib\site-packages\starlette\middleware\errors.py", line 186, in __call__
    |     raise exc
    |   File "D:\Project\Automated_Testing_FastApi\.venv\lib\site-packages\starlette\middleware\errors.py", line 164, in __call__
    |     await self.app(scope, receive, _send)
    |   File "D:\Project\Automated_Testing_FastApi\.venv\lib\site-packages\starlette\middleware\cors.py", line 83, in __call__
    |     await self.app(scope, receive, send)
    |   File "D:\Project\Automated_Testing_FastApi\.venv\lib\site-packages\starlette\middleware\base.py", line 189, in __call__
    |     with collapse_excgroups():
    |   File "C:\Users\Thinkpad\AppData\Local\Programs\Python\Python310\lib\contextlib.py", line 153, in __exit__
    |     self.gen.throw(typ, value, traceback)
    |   File "D:\Project\Automated_Testing_FastApi\.venv\lib\site-packages\starlette\_utils.py", line 88, in collapse_excgroups
    |     raise exc
    |   File "D:\Project\Automated_Testing_FastApi\.venv\lib\site-packages\starlette\middleware\base.py", line 191, in __call__
    |     response = await self.dispatch_func(request, call_next)
    |   File "D:\Project\Automated_Testing_FastApi\main.py", line 27, in db_session_middleware
    |     response = await call_next(request)
    |   File "D:\Project\Automated_Testing_FastApi\.venv\lib\site-packages\starlette\middleware\base.py", line 165, in call_next
    |     raise app_exc
    |   File "D:\Project\Automated_Testing_FastApi\.venv\lib\site-packages\starlette\middleware\base.py", line 151, in coro
    |     await self.app(scope, receive_or_disconnect, send_no_error)
    |   File "D:\Project\Automated_Testing_FastApi\.venv\lib\site-packages\starlette\middleware\exceptions.py", line 62, in __call__
    |     await wrap_app_handling_exceptions(self.app, conn)(scope, receive, send)
    |   File "D:\Project\Automated_Testing_FastApi\.venv\lib\site-packages\starlette\_exception_handler.py", line 55, in wrapped_app
    |     raise exc
    |   File "D:\Project\Automated_Testing_FastApi\.venv\lib\site-packages\starlette\_exception_handler.py", line 44, in wrapped_app
    |     await app(scope, receive, sender)
    |   File "D:\Project\Automated_Testing_FastApi\.venv\lib\site-packages\starlette\routing.py", line 746, in __call__
    |     await route.handle(scope, receive, send)
    |   File "D:\Project\Automated_Testing_FastApi\.venv\lib\site-packages\starlette\routing.py", line 288, in handle
    |     await self.app(scope, receive, send)
    |   File "D:\Project\Automated_Testing_FastApi\.venv\lib\site-packages\starlette\routing.py", line 75, in app
    |     await wrap_app_handling_exceptions(app, request)(scope, receive, send)
    |   File "D:\Project\Automated_Testing_FastApi\.venv\lib\site-packages\starlette\_exception_handler.py", line 55, in wrapped_app
    |     raise exc
    |   File "D:\Project\Automated_Testing_FastApi\.venv\lib\site-packages\starlette\_exception_handler.py", line 44, in wrapped_app
    |     await app(scope, receive, sender)
    |   File "D:\Project\Automated_Testing_FastApi\.venv\lib\site-packages\starlette\routing.py", line 70, in app
    |     response = await func(request)
    |   File "D:\Project\Automated_Testing_FastApi\.venv\lib\site-packages\fastapi\routing.py", line 299, in app
    |     raise e
    |   File "D:\Project\Automated_Testing_FastApi\.venv\lib\site-packages\fastapi\routing.py", line 294, in app
    |     raw_response = await run_endpoint_function(
    |   File "D:\Project\Automated_Testing_FastApi\.venv\lib\site-packages\fastapi\routing.py", line 193, in run_endpoint_function
    |     return await run_in_threadpool(dependant.call, **values)
    |   File "D:\Project\Automated_Testing_FastApi\.venv\lib\site-packages\starlette\concurrency.py", line 35, in run_in_threadpool
    |     return await anyio.to_thread.run_sync(func, *args)
    |   File "D:\Project\Automated_Testing_FastApi\.venv\lib\site-packages\anyio\to_thread.py", line 56, in run_sync
    |     return await get_async_backend().run_sync_in_worker_thread(
    |   File "D:\Project\Automated_Testing_FastApi\.venv\lib\site-packages\anyio\_backends\_asyncio.py", line 2134, in run_sync_in_worker_thread
    |     return await future
    |   File "D:\Project\Automated_Testing_FastApi\.venv\lib\site-packages\anyio\_backends\_asyncio.py", line 851, in run
    |     result = context.run(func, *args)
    |   File "D:\Project\Automated_Testing_FastApi\routers\Project.py", line 32, in get_projects_id
    |     db_project = get_project(project_id)
    | TypeError: get_project() missing 1 required positional argument: 'project_id'
    +------------------------------------

During handling of the above exception, another exception occurred:

Traceback (most recent call last):
  File "D:\Project\Automated_Testing_FastApi\.venv\lib\site-packages\uvicorn\protocols\http\httptools_impl.py", line 426, in run_asgi
    result = await app(  # type: ignore[func-returns-value]
  File "D:\Project\Automated_Testing_FastApi\.venv\lib\site-packages\uvicorn\middleware\proxy_headers.py", line 84, in __call__
    return await self.app(scope, receive, send)
  File "D:\Project\Automated_Testing_FastApi\.venv\lib\site-packages\fastapi\applications.py", line 1054, in __call__
    await super().__call__(scope, receive, send)
  File "D:\Project\Automated_Testing_FastApi\.venv\lib\site-packages\starlette\applications.py", line 116, in __call__
    await self.middleware_stack(scope, receive, send)
  File "D:\Project\Automated_Testing_FastApi\.venv\lib\site-packages\starlette\middleware\errors.py", line 186, in __call__
    raise exc
  File "D:\Project\Automated_Testing_FastApi\.venv\lib\site-packages\starlette\middleware\errors.py", line 164, in __call__
    await self.app(scope, receive, _send)
  File "D:\Project\Automated_Testing_FastApi\.venv\lib\site-packages\starlette\middleware\cors.py", line 83, in __call__
    await self.app(scope, receive, send)
  File "D:\Project\Automated_Testing_FastApi\.venv\lib\site-packages\starlette\middleware\base.py", line 189, in __call__
    with collapse_excgroups():
  File "C:\Users\Thinkpad\AppData\Local\Programs\Python\Python310\lib\contextlib.py", line 153, in __exit__
    self.gen.throw(typ, value, traceback)
  File "D:\Project\Automated_Testing_FastApi\.venv\lib\site-packages\starlette\_utils.py", line 88, in collapse_excgroups
    raise exc
  File "D:\Project\Automated_Testing_FastApi\.venv\lib\site-packages\starlette\middleware\base.py", line 191, in __call__
    response = await self.dispatch_func(request, call_next)
  File "D:\Project\Automated_Testing_FastApi\main.py", line 27, in db_session_middleware
    response = await call_next(request)
  File "D:\Project\Automated_Testing_FastApi\.venv\lib\site-packages\starlette\middleware\base.py", line 165, in call_next
    raise app_exc
  File "D:\Project\Automated_Testing_FastApi\.venv\lib\site-packages\starlette\middleware\base.py", line 151, in coro
    await self.app(scope, receive_or_disconnect, send_no_error)
  File "D:\Project\Automated_Testing_FastApi\.venv\lib\site-packages\starlette\middleware\exceptions.py", line 62, in __call__
    await wrap_app_handling_exceptions(self.app, conn)(scope, receive, send)
  File "D:\Project\Automated_Testing_FastApi\.venv\lib\site-packages\starlette\_exception_handler.py", line 55, in wrapped_app
    raise exc
  File "D:\Project\Automated_Testing_FastApi\.venv\lib\site-packages\starlette\_exception_handler.py", line 44, in wrapped_app
    await app(scope, receive, sender)
  File "D:\Project\Automated_Testing_FastApi\.venv\lib\site-packages\starlette\routing.py", line 746, in __call__
    await route.handle(scope, receive, send)
  File "D:\Project\Automated_Testing_FastApi\.venv\lib\site-packages\starlette\routing.py", line 288, in handle
    await self.app(scope, receive, send)
  File "D:\Project\Automated_Testing_FastApi\.venv\lib\site-packages\starlette\routing.py", line 75, in app
    await wrap_app_handling_exceptions(app, request)(scope, receive, send)
  File "D:\Project\Automated_Testing_FastApi\.venv\lib\site-packages\starlette\_exception_handler.py", line 55, in wrapped_app
    raise exc
  File "D:\Project\Automated_Testing_FastApi\.venv\lib\site-packages\starlette\_exception_handler.py", line 44, in wrapped_app
    await app(scope, receive, sender)
  File "D:\Project\Automated_Testing_FastApi\.venv\lib\site-packages\starlette\routing.py", line 70, in app
    response = await func(request)
  File "D:\Project\Automated_Testing_FastApi\.venv\lib\site-packages\fastapi\routing.py", line 299, in app
    raise e
  File "D:\Project\Automated_Testing_FastApi\.venv\lib\site-packages\fastapi\routing.py", line 294, in app
    raw_response = await run_endpoint_function(
  File "D:\Project\Automated_Testing_FastApi\.venv\lib\site-packages\fastapi\routing.py", line 193, in run_endpoint_function
    return await run_in_threadpool(dependant.call, **values)
  File "D:\Project\Automated_Testing_FastApi\.venv\lib\site-packages\starlette\concurrency.py", line 35, in run_in_threadpool
    return await anyio.to_thread.run_sync(func, *args)
  File "D:\Project\Automated_Testing_FastApi\.venv\lib\site-packages\anyio\to_thread.py", line 56, in run_sync
    return await get_async_backend().run_sync_in_worker_thread(
  File "D:\Project\Automated_Testing_FastApi\.venv\lib\site-packages\anyio\_backends\_asyncio.py", line 2134, in run_sync_in_worker_thread
    return await future
  File "D:\Project\Automated_Testing_FastApi\.venv\lib\site-packages\anyio\_backends\_asyncio.py", line 851, in run
    result = context.run(func, *args)
  File "D:\Project\Automated_Testing_FastApi\routers\Project.py", line 32, in get_projects_id
    db_project = get_project(project_id)
TypeError: get_project() missing 1 required positional argument: 'project_id'
[2023-12-29 13:08:32] INFO uvicorn.error shutdown() L264  call_trace=D:\Project\Automated_Testing_FastApi\.venv\lib\site-packages\uvicorn\server.py L264  in server: Shutting down
[2023-12-29 13:08:35] INFO uvicorn.error serve() L76   call_trace=D:\Project\Automated_Testing_FastApi\.venv\lib\site-packages\uvicorn\server.py L76   in server: Started server process [23640]
[2023-12-29 13:08:35] INFO uvicorn.error startup() L46   call_trace=D:\Project\Automated_Testing_FastApi\.venv\lib\site-packages\uvicorn\lifespan\on.py L46   in on: Waiting for application startup.
[2023-12-29 13:08:35] INFO uvicorn.error startup() L60   call_trace=D:\Project\Automated_Testing_FastApi\.venv\lib\site-packages\uvicorn\lifespan\on.py L60   in on: Application startup complete.
[2023-12-29 13:08:39] ERROR uvicorn.error run_asgi() L431  call_trace=D:\Project\Automated_Testing_FastApi\.venv\lib\site-packages\uvicorn\protocols\http\httptools_impl.py L431  in httptools_impl: Exception in ASGI application
  + Exception Group Traceback (most recent call last):
  |   File "D:\Project\Automated_Testing_FastApi\.venv\lib\site-packages\starlette\_utils.py", line 82, in collapse_excgroups
  |     yield
  |   File "D:\Project\Automated_Testing_FastApi\.venv\lib\site-packages\starlette\middleware\base.py", line 190, in __call__
  |     async with anyio.create_task_group() as task_group:
  |   File "D:\Project\Automated_Testing_FastApi\.venv\lib\site-packages\anyio\_backends\_asyncio.py", line 678, in __aexit__
  |     raise BaseExceptionGroup(
  | exceptiongroup.ExceptionGroup: unhandled errors in a TaskGroup (1 sub-exception)
  +-+---------------- 1 ----------------
    | Traceback (most recent call last):
    |   File "D:\Project\Automated_Testing_FastApi\.venv\lib\site-packages\uvicorn\protocols\http\httptools_impl.py", line 426, in run_asgi
    |     result = await app(  # type: ignore[func-returns-value]
    |   File "D:\Project\Automated_Testing_FastApi\.venv\lib\site-packages\uvicorn\middleware\proxy_headers.py", line 84, in __call__
    |     return await self.app(scope, receive, send)
    |   File "D:\Project\Automated_Testing_FastApi\.venv\lib\site-packages\fastapi\applications.py", line 1054, in __call__
    |     await super().__call__(scope, receive, send)
    |   File "D:\Project\Automated_Testing_FastApi\.venv\lib\site-packages\starlette\applications.py", line 116, in __call__
    |     await self.middleware_stack(scope, receive, send)
    |   File "D:\Project\Automated_Testing_FastApi\.venv\lib\site-packages\starlette\middleware\errors.py", line 186, in __call__
    |     raise exc
    |   File "D:\Project\Automated_Testing_FastApi\.venv\lib\site-packages\starlette\middleware\errors.py", line 164, in __call__
    |     await self.app(scope, receive, _send)
    |   File "D:\Project\Automated_Testing_FastApi\.venv\lib\site-packages\starlette\middleware\cors.py", line 83, in __call__
    |     await self.app(scope, receive, send)
    |   File "D:\Project\Automated_Testing_FastApi\.venv\lib\site-packages\starlette\middleware\base.py", line 189, in __call__
    |     with collapse_excgroups():
    |   File "C:\Users\Thinkpad\AppData\Local\Programs\Python\Python310\lib\contextlib.py", line 153, in __exit__
    |     self.gen.throw(typ, value, traceback)
    |   File "D:\Project\Automated_Testing_FastApi\.venv\lib\site-packages\starlette\_utils.py", line 88, in collapse_excgroups
    |     raise exc
    |   File "D:\Project\Automated_Testing_FastApi\.venv\lib\site-packages\starlette\middleware\base.py", line 191, in __call__
    |     response = await self.dispatch_func(request, call_next)
    |   File "D:\Project\Automated_Testing_FastApi\main.py", line 27, in db_session_middleware
    |     response = await call_next(request)
    |   File "D:\Project\Automated_Testing_FastApi\.venv\lib\site-packages\starlette\middleware\base.py", line 165, in call_next
    |     raise app_exc
    |   File "D:\Project\Automated_Testing_FastApi\.venv\lib\site-packages\starlette\middleware\base.py", line 151, in coro
    |     await self.app(scope, receive_or_disconnect, send_no_error)
    |   File "D:\Project\Automated_Testing_FastApi\.venv\lib\site-packages\starlette\middleware\exceptions.py", line 62, in __call__
    |     await wrap_app_handling_exceptions(self.app, conn)(scope, receive, send)
    |   File "D:\Project\Automated_Testing_FastApi\.venv\lib\site-packages\starlette\_exception_handler.py", line 55, in wrapped_app
    |     raise exc
    |   File "D:\Project\Automated_Testing_FastApi\.venv\lib\site-packages\starlette\_exception_handler.py", line 44, in wrapped_app
    |     await app(scope, receive, sender)
    |   File "D:\Project\Automated_Testing_FastApi\.venv\lib\site-packages\starlette\routing.py", line 746, in __call__
    |     await route.handle(scope, receive, send)
    |   File "D:\Project\Automated_Testing_FastApi\.venv\lib\site-packages\starlette\routing.py", line 288, in handle
    |     await self.app(scope, receive, send)
    |   File "D:\Project\Automated_Testing_FastApi\.venv\lib\site-packages\starlette\routing.py", line 75, in app
    |     await wrap_app_handling_exceptions(app, request)(scope, receive, send)
    |   File "D:\Project\Automated_Testing_FastApi\.venv\lib\site-packages\starlette\_exception_handler.py", line 55, in wrapped_app
    |     raise exc
    |   File "D:\Project\Automated_Testing_FastApi\.venv\lib\site-packages\starlette\_exception_handler.py", line 44, in wrapped_app
    |     await app(scope, receive, sender)
    |   File "D:\Project\Automated_Testing_FastApi\.venv\lib\site-packages\starlette\routing.py", line 70, in app
    |     response = await func(request)
    |   File "D:\Project\Automated_Testing_FastApi\.venv\lib\site-packages\fastapi\routing.py", line 299, in app
    |     raise e
    |   File "D:\Project\Automated_Testing_FastApi\.venv\lib\site-packages\fastapi\routing.py", line 294, in app
    |     raw_response = await run_endpoint_function(
    |   File "D:\Project\Automated_Testing_FastApi\.venv\lib\site-packages\fastapi\routing.py", line 193, in run_endpoint_function
    |     return await run_in_threadpool(dependant.call, **values)
    |   File "D:\Project\Automated_Testing_FastApi\.venv\lib\site-packages\starlette\concurrency.py", line 35, in run_in_threadpool
    |     return await anyio.to_thread.run_sync(func, *args)
    |   File "D:\Project\Automated_Testing_FastApi\.venv\lib\site-packages\anyio\to_thread.py", line 56, in run_sync
    |     return await get_async_backend().run_sync_in_worker_thread(
    |   File "D:\Project\Automated_Testing_FastApi\.venv\lib\site-packages\anyio\_backends\_asyncio.py", line 2134, in run_sync_in_worker_thread
    |     return await future
    |   File "D:\Project\Automated_Testing_FastApi\.venv\lib\site-packages\anyio\_backends\_asyncio.py", line 851, in run
    |     result = context.run(func, *args)
    |   File "D:\Project\Automated_Testing_FastApi\routers\Project.py", line 32, in get_projects_id
    |     db_project = get_project(project_id, db)
    |   File "D:\Project\Automated_Testing_FastApi\model\curd.py", line 21, in get_project
    |     return db.query(models.Project).filter(models.Project.id == project_id).first()
    | AttributeError: 'str' object has no attribute 'query'
    +------------------------------------

During handling of the above exception, another exception occurred:

Traceback (most recent call last):
  File "D:\Project\Automated_Testing_FastApi\.venv\lib\site-packages\uvicorn\protocols\http\httptools_impl.py", line 426, in run_asgi
    result = await app(  # type: ignore[func-returns-value]
  File "D:\Project\Automated_Testing_FastApi\.venv\lib\site-packages\uvicorn\middleware\proxy_headers.py", line 84, in __call__
    return await self.app(scope, receive, send)
  File "D:\Project\Automated_Testing_FastApi\.venv\lib\site-packages\fastapi\applications.py", line 1054, in __call__
    await super().__call__(scope, receive, send)
  File "D:\Project\Automated_Testing_FastApi\.venv\lib\site-packages\starlette\applications.py", line 116, in __call__
    await self.middleware_stack(scope, receive, send)
  File "D:\Project\Automated_Testing_FastApi\.venv\lib\site-packages\starlette\middleware\errors.py", line 186, in __call__
    raise exc
  File "D:\Project\Automated_Testing_FastApi\.venv\lib\site-packages\starlette\middleware\errors.py", line 164, in __call__
    await self.app(scope, receive, _send)
  File "D:\Project\Automated_Testing_FastApi\.venv\lib\site-packages\starlette\middleware\cors.py", line 83, in __call__
    await self.app(scope, receive, send)
  File "D:\Project\Automated_Testing_FastApi\.venv\lib\site-packages\starlette\middleware\base.py", line 189, in __call__
    with collapse_excgroups():
  File "C:\Users\Thinkpad\AppData\Local\Programs\Python\Python310\lib\contextlib.py", line 153, in __exit__
    self.gen.throw(typ, value, traceback)
  File "D:\Project\Automated_Testing_FastApi\.venv\lib\site-packages\starlette\_utils.py", line 88, in collapse_excgroups
    raise exc
  File "D:\Project\Automated_Testing_FastApi\.venv\lib\site-packages\starlette\middleware\base.py", line 191, in __call__
    response = await self.dispatch_func(request, call_next)
  File "D:\Project\Automated_Testing_FastApi\main.py", line 27, in db_session_middleware
    response = await call_next(request)
  File "D:\Project\Automated_Testing_FastApi\.venv\lib\site-packages\starlette\middleware\base.py", line 165, in call_next
    raise app_exc
  File "D:\Project\Automated_Testing_FastApi\.venv\lib\site-packages\starlette\middleware\base.py", line 151, in coro
    await self.app(scope, receive_or_disconnect, send_no_error)
  File "D:\Project\Automated_Testing_FastApi\.venv\lib\site-packages\starlette\middleware\exceptions.py", line 62, in __call__
    await wrap_app_handling_exceptions(self.app, conn)(scope, receive, send)
  File "D:\Project\Automated_Testing_FastApi\.venv\lib\site-packages\starlette\_exception_handler.py", line 55, in wrapped_app
    raise exc
  File "D:\Project\Automated_Testing_FastApi\.venv\lib\site-packages\starlette\_exception_handler.py", line 44, in wrapped_app
    await app(scope, receive, sender)
  File "D:\Project\Automated_Testing_FastApi\.venv\lib\site-packages\starlette\routing.py", line 746, in __call__
    await route.handle(scope, receive, send)
  File "D:\Project\Automated_Testing_FastApi\.venv\lib\site-packages\starlette\routing.py", line 288, in handle
    await self.app(scope, receive, send)
  File "D:\Project\Automated_Testing_FastApi\.venv\lib\site-packages\starlette\routing.py", line 75, in app
    await wrap_app_handling_exceptions(app, request)(scope, receive, send)
  File "D:\Project\Automated_Testing_FastApi\.venv\lib\site-packages\starlette\_exception_handler.py", line 55, in wrapped_app
    raise exc
  File "D:\Project\Automated_Testing_FastApi\.venv\lib\site-packages\starlette\_exception_handler.py", line 44, in wrapped_app
    await app(scope, receive, sender)
  File "D:\Project\Automated_Testing_FastApi\.venv\lib\site-packages\starlette\routing.py", line 70, in app
    response = await func(request)
  File "D:\Project\Automated_Testing_FastApi\.venv\lib\site-packages\fastapi\routing.py", line 299, in app
    raise e
  File "D:\Project\Automated_Testing_FastApi\.venv\lib\site-packages\fastapi\routing.py", line 294, in app
    raw_response = await run_endpoint_function(
  File "D:\Project\Automated_Testing_FastApi\.venv\lib\site-packages\fastapi\routing.py", line 193, in run_endpoint_function
    return await run_in_threadpool(dependant.call, **values)
  File "D:\Project\Automated_Testing_FastApi\.venv\lib\site-packages\starlette\concurrency.py", line 35, in run_in_threadpool
    return await anyio.to_thread.run_sync(func, *args)
  File "D:\Project\Automated_Testing_FastApi\.venv\lib\site-packages\anyio\to_thread.py", line 56, in run_sync
    return await get_async_backend().run_sync_in_worker_thread(
  File "D:\Project\Automated_Testing_FastApi\.venv\lib\site-packages\anyio\_backends\_asyncio.py", line 2134, in run_sync_in_worker_thread
    return await future
  File "D:\Project\Automated_Testing_FastApi\.venv\lib\site-packages\anyio\_backends\_asyncio.py", line 851, in run
    result = context.run(func, *args)
  File "D:\Project\Automated_Testing_FastApi\routers\Project.py", line 32, in get_projects_id
    db_project = get_project(project_id, db)
  File "D:\Project\Automated_Testing_FastApi\model\curd.py", line 21, in get_project
    return db.query(models.Project).filter(models.Project.id == project_id).first()
AttributeError: 'str' object has no attribute 'query'
[2023-12-29 13:09:46] INFO uvicorn.error shutdown() L264  call_trace=D:\Project\Automated_Testing_FastApi\.venv\lib\site-packages\uvicorn\server.py L264  in server: Shutting down
[2023-12-29 13:09:50] INFO uvicorn.error serve() L76   call_trace=D:\Project\Automated_Testing_FastApi\.venv\lib\site-packages\uvicorn\server.py L76   in server: Started server process [11824]
[2023-12-29 13:09:50] INFO uvicorn.error startup() L46   call_trace=D:\Project\Automated_Testing_FastApi\.venv\lib\site-packages\uvicorn\lifespan\on.py L46   in on: Waiting for application startup.
[2023-12-29 13:09:50] INFO uvicorn.error startup() L60   call_trace=D:\Project\Automated_Testing_FastApi\.venv\lib\site-packages\uvicorn\lifespan\on.py L60   in on: Application startup complete.
[2023-12-29 13:10:40] INFO uvicorn.error shutdown() L264  call_trace=D:\Project\Automated_Testing_FastApi\.venv\lib\site-packages\uvicorn\server.py L264  in server: Shutting down
[2023-12-29 13:10:44] INFO uvicorn.error serve() L76   call_trace=D:\Project\Automated_Testing_FastApi\.venv\lib\site-packages\uvicorn\server.py L76   in server: Started server process [16772]
[2023-12-29 13:10:44] INFO uvicorn.error startup() L46   call_trace=D:\Project\Automated_Testing_FastApi\.venv\lib\site-packages\uvicorn\lifespan\on.py L46   in on: Waiting for application startup.
[2023-12-29 13:10:44] INFO uvicorn.error startup() L60   call_trace=D:\Project\Automated_Testing_FastApi\.venv\lib\site-packages\uvicorn\lifespan\on.py L60   in on: Application startup complete.
[2023-12-29 13:10:49] ERROR uvicorn.error run_asgi() L431  call_trace=D:\Project\Automated_Testing_FastApi\.venv\lib\site-packages\uvicorn\protocols\http\httptools_impl.py L431  in httptools_impl: Exception in ASGI application
  + Exception Group Traceback (most recent call last):
  |   File "D:\Project\Automated_Testing_FastApi\.venv\lib\site-packages\starlette\_utils.py", line 82, in collapse_excgroups
  |     yield
  |   File "D:\Project\Automated_Testing_FastApi\.venv\lib\site-packages\starlette\middleware\base.py", line 190, in __call__
  |     async with anyio.create_task_group() as task_group:
  |   File "D:\Project\Automated_Testing_FastApi\.venv\lib\site-packages\anyio\_backends\_asyncio.py", line 678, in __aexit__
  |     raise BaseExceptionGroup(
  | exceptiongroup.ExceptionGroup: unhandled errors in a TaskGroup (1 sub-exception)
  +-+---------------- 1 ----------------
    | Traceback (most recent call last):
    |   File "D:\Project\Automated_Testing_FastApi\.venv\lib\site-packages\uvicorn\protocols\http\httptools_impl.py", line 426, in run_asgi
    |     result = await app(  # type: ignore[func-returns-value]
    |   File "D:\Project\Automated_Testing_FastApi\.venv\lib\site-packages\uvicorn\middleware\proxy_headers.py", line 84, in __call__
    |     return await self.app(scope, receive, send)
    |   File "D:\Project\Automated_Testing_FastApi\.venv\lib\site-packages\fastapi\applications.py", line 1054, in __call__
    |     await super().__call__(scope, receive, send)
    |   File "D:\Project\Automated_Testing_FastApi\.venv\lib\site-packages\starlette\applications.py", line 116, in __call__
    |     await self.middleware_stack(scope, receive, send)
    |   File "D:\Project\Automated_Testing_FastApi\.venv\lib\site-packages\starlette\middleware\errors.py", line 186, in __call__
    |     raise exc
    |   File "D:\Project\Automated_Testing_FastApi\.venv\lib\site-packages\starlette\middleware\errors.py", line 164, in __call__
    |     await self.app(scope, receive, _send)
    |   File "D:\Project\Automated_Testing_FastApi\.venv\lib\site-packages\starlette\middleware\cors.py", line 83, in __call__
    |     await self.app(scope, receive, send)
    |   File "D:\Project\Automated_Testing_FastApi\.venv\lib\site-packages\starlette\middleware\base.py", line 189, in __call__
    |     with collapse_excgroups():
    |   File "C:\Users\Thinkpad\AppData\Local\Programs\Python\Python310\lib\contextlib.py", line 153, in __exit__
    |     self.gen.throw(typ, value, traceback)
    |   File "D:\Project\Automated_Testing_FastApi\.venv\lib\site-packages\starlette\_utils.py", line 88, in collapse_excgroups
    |     raise exc
    |   File "D:\Project\Automated_Testing_FastApi\.venv\lib\site-packages\starlette\middleware\base.py", line 191, in __call__
    |     response = await self.dispatch_func(request, call_next)
    |   File "D:\Project\Automated_Testing_FastApi\main.py", line 27, in db_session_middleware
    |     response = await call_next(request)
    |   File "D:\Project\Automated_Testing_FastApi\.venv\lib\site-packages\starlette\middleware\base.py", line 165, in call_next
    |     raise app_exc
    |   File "D:\Project\Automated_Testing_FastApi\.venv\lib\site-packages\starlette\middleware\base.py", line 151, in coro
    |     await self.app(scope, receive_or_disconnect, send_no_error)
    |   File "D:\Project\Automated_Testing_FastApi\.venv\lib\site-packages\starlette\middleware\exceptions.py", line 62, in __call__
    |     await wrap_app_handling_exceptions(self.app, conn)(scope, receive, send)
    |   File "D:\Project\Automated_Testing_FastApi\.venv\lib\site-packages\starlette\_exception_handler.py", line 55, in wrapped_app
    |     raise exc
    |   File "D:\Project\Automated_Testing_FastApi\.venv\lib\site-packages\starlette\_exception_handler.py", line 44, in wrapped_app
    |     await app(scope, receive, sender)
    |   File "D:\Project\Automated_Testing_FastApi\.venv\lib\site-packages\starlette\routing.py", line 746, in __call__
    |     await route.handle(scope, receive, send)
    |   File "D:\Project\Automated_Testing_FastApi\.venv\lib\site-packages\starlette\routing.py", line 288, in handle
    |     await self.app(scope, receive, send)
    |   File "D:\Project\Automated_Testing_FastApi\.venv\lib\site-packages\starlette\routing.py", line 75, in app
    |     await wrap_app_handling_exceptions(app, request)(scope, receive, send)
    |   File "D:\Project\Automated_Testing_FastApi\.venv\lib\site-packages\starlette\_exception_handler.py", line 55, in wrapped_app
    |     raise exc
    |   File "D:\Project\Automated_Testing_FastApi\.venv\lib\site-packages\starlette\_exception_handler.py", line 44, in wrapped_app
    |     await app(scope, receive, sender)
    |   File "D:\Project\Automated_Testing_FastApi\.venv\lib\site-packages\starlette\routing.py", line 70, in app
    |     response = await func(request)
    |   File "D:\Project\Automated_Testing_FastApi\.venv\lib\site-packages\fastapi\routing.py", line 299, in app
    |     raise e
    |   File "D:\Project\Automated_Testing_FastApi\.venv\lib\site-packages\fastapi\routing.py", line 294, in app
    |     raw_response = await run_endpoint_function(
    |   File "D:\Project\Automated_Testing_FastApi\.venv\lib\site-packages\fastapi\routing.py", line 193, in run_endpoint_function
    |     return await run_in_threadpool(dependant.call, **values)
    |   File "D:\Project\Automated_Testing_FastApi\.venv\lib\site-packages\starlette\concurrency.py", line 35, in run_in_threadpool
    |     return await anyio.to_thread.run_sync(func, *args)
    |   File "D:\Project\Automated_Testing_FastApi\.venv\lib\site-packages\anyio\to_thread.py", line 56, in run_sync
    |     return await get_async_backend().run_sync_in_worker_thread(
    |   File "D:\Project\Automated_Testing_FastApi\.venv\lib\site-packages\anyio\_backends\_asyncio.py", line 2134, in run_sync_in_worker_thread
    |     return await future
    |   File "D:\Project\Automated_Testing_FastApi\.venv\lib\site-packages\anyio\_backends\_asyncio.py", line 851, in run
    |     result = context.run(func, *args)
    |   File "D:\Project\Automated_Testing_FastApi\routers\Project.py", line 32, in get_projects_id
    |     db_project = get_project(project_id)
    |   File "D:\Project\Automated_Testing_FastApi\model\curd.py", line 22, in get_project
    |     return db.query(models.Project).filter(models.Project.id == project_id).first()
    | AttributeError: 'Depends' object has no attribute 'query'
    +------------------------------------

During handling of the above exception, another exception occurred:

Traceback (most recent call last):
  File "D:\Project\Automated_Testing_FastApi\.venv\lib\site-packages\uvicorn\protocols\http\httptools_impl.py", line 426, in run_asgi
    result = await app(  # type: ignore[func-returns-value]
  File "D:\Project\Automated_Testing_FastApi\.venv\lib\site-packages\uvicorn\middleware\proxy_headers.py", line 84, in __call__
    return await self.app(scope, receive, send)
  File "D:\Project\Automated_Testing_FastApi\.venv\lib\site-packages\fastapi\applications.py", line 1054, in __call__
    await super().__call__(scope, receive, send)
  File "D:\Project\Automated_Testing_FastApi\.venv\lib\site-packages\starlette\applications.py", line 116, in __call__
    await self.middleware_stack(scope, receive, send)
  File "D:\Project\Automated_Testing_FastApi\.venv\lib\site-packages\starlette\middleware\errors.py", line 186, in __call__
    raise exc
  File "D:\Project\Automated_Testing_FastApi\.venv\lib\site-packages\starlette\middleware\errors.py", line 164, in __call__
    await self.app(scope, receive, _send)
  File "D:\Project\Automated_Testing_FastApi\.venv\lib\site-packages\starlette\middleware\cors.py", line 83, in __call__
    await self.app(scope, receive, send)
  File "D:\Project\Automated_Testing_FastApi\.venv\lib\site-packages\starlette\middleware\base.py", line 189, in __call__
    with collapse_excgroups():
  File "C:\Users\Thinkpad\AppData\Local\Programs\Python\Python310\lib\contextlib.py", line 153, in __exit__
    self.gen.throw(typ, value, traceback)
  File "D:\Project\Automated_Testing_FastApi\.venv\lib\site-packages\starlette\_utils.py", line 88, in collapse_excgroups
    raise exc
  File "D:\Project\Automated_Testing_FastApi\.venv\lib\site-packages\starlette\middleware\base.py", line 191, in __call__
    response = await self.dispatch_func(request, call_next)
  File "D:\Project\Automated_Testing_FastApi\main.py", line 27, in db_session_middleware
    response = await call_next(request)
  File "D:\Project\Automated_Testing_FastApi\.venv\lib\site-packages\starlette\middleware\base.py", line 165, in call_next
    raise app_exc
  File "D:\Project\Automated_Testing_FastApi\.venv\lib\site-packages\starlette\middleware\base.py", line 151, in coro
    await self.app(scope, receive_or_disconnect, send_no_error)
  File "D:\Project\Automated_Testing_FastApi\.venv\lib\site-packages\starlette\middleware\exceptions.py", line 62, in __call__
    await wrap_app_handling_exceptions(self.app, conn)(scope, receive, send)
  File "D:\Project\Automated_Testing_FastApi\.venv\lib\site-packages\starlette\_exception_handler.py", line 55, in wrapped_app
    raise exc
  File "D:\Project\Automated_Testing_FastApi\.venv\lib\site-packages\starlette\_exception_handler.py", line 44, in wrapped_app
    await app(scope, receive, sender)
  File "D:\Project\Automated_Testing_FastApi\.venv\lib\site-packages\starlette\routing.py", line 746, in __call__
    await route.handle(scope, receive, send)
  File "D:\Project\Automated_Testing_FastApi\.venv\lib\site-packages\starlette\routing.py", line 288, in handle
    await self.app(scope, receive, send)
  File "D:\Project\Automated_Testing_FastApi\.venv\lib\site-packages\starlette\routing.py", line 75, in app
    await wrap_app_handling_exceptions(app, request)(scope, receive, send)
  File "D:\Project\Automated_Testing_FastApi\.venv\lib\site-packages\starlette\_exception_handler.py", line 55, in wrapped_app
    raise exc
  File "D:\Project\Automated_Testing_FastApi\.venv\lib\site-packages\starlette\_exception_handler.py", line 44, in wrapped_app
    await app(scope, receive, sender)
  File "D:\Project\Automated_Testing_FastApi\.venv\lib\site-packages\starlette\routing.py", line 70, in app
    response = await func(request)
  File "D:\Project\Automated_Testing_FastApi\.venv\lib\site-packages\fastapi\routing.py", line 299, in app
    raise e
  File "D:\Project\Automated_Testing_FastApi\.venv\lib\site-packages\fastapi\routing.py", line 294, in app
    raw_response = await run_endpoint_function(
  File "D:\Project\Automated_Testing_FastApi\.venv\lib\site-packages\fastapi\routing.py", line 193, in run_endpoint_function
    return await run_in_threadpool(dependant.call, **values)
  File "D:\Project\Automated_Testing_FastApi\.venv\lib\site-packages\starlette\concurrency.py", line 35, in run_in_threadpool
    return await anyio.to_thread.run_sync(func, *args)
  File "D:\Project\Automated_Testing_FastApi\.venv\lib\site-packages\anyio\to_thread.py", line 56, in run_sync
    return await get_async_backend().run_sync_in_worker_thread(
  File "D:\Project\Automated_Testing_FastApi\.venv\lib\site-packages\anyio\_backends\_asyncio.py", line 2134, in run_sync_in_worker_thread
    return await future
  File "D:\Project\Automated_Testing_FastApi\.venv\lib\site-packages\anyio\_backends\_asyncio.py", line 851, in run
    result = context.run(func, *args)
  File "D:\Project\Automated_Testing_FastApi\routers\Project.py", line 32, in get_projects_id
    db_project = get_project(project_id)
  File "D:\Project\Automated_Testing_FastApi\model\curd.py", line 22, in get_project
    return db.query(models.Project).filter(models.Project.id == project_id).first()
AttributeError: 'Depends' object has no attribute 'query'
[2023-12-29 13:11:06] INFO uvicorn.error shutdown() L264  call_trace=D:\Project\Automated_Testing_FastApi\.venv\lib\site-packages\uvicorn\server.py L264  in server: Shutting down
[2023-12-29 13:18:34] INFO uvicorn.error serve() L76   call_trace=D:\Project\Automated_Testing_FastApi\.venv\lib\site-packages\uvicorn\server.py L76   in server: Started server process [23328]
[2023-12-29 13:18:34] INFO uvicorn.error startup() L46   call_trace=D:\Project\Automated_Testing_FastApi\.venv\lib\site-packages\uvicorn\lifespan\on.py L46   in on: Waiting for application startup.
[2023-12-29 13:18:34] INFO uvicorn.error startup() L60   call_trace=D:\Project\Automated_Testing_FastApi\.venv\lib\site-packages\uvicorn\lifespan\on.py L60   in on: Application startup complete.
[2023-12-29 13:18:42] ERROR uvicorn.error run_asgi() L431  call_trace=D:\Project\Automated_Testing_FastApi\.venv\lib\site-packages\uvicorn\protocols\http\httptools_impl.py L431  in httptools_impl: Exception in ASGI application
  + Exception Group Traceback (most recent call last):
  |   File "D:\Project\Automated_Testing_FastApi\.venv\lib\site-packages\starlette\_utils.py", line 82, in collapse_excgroups
  |     yield
  |   File "D:\Project\Automated_Testing_FastApi\.venv\lib\site-packages\starlette\middleware\base.py", line 190, in __call__
  |     async with anyio.create_task_group() as task_group:
  |   File "D:\Project\Automated_Testing_FastApi\.venv\lib\site-packages\anyio\_backends\_asyncio.py", line 678, in __aexit__
  |     raise BaseExceptionGroup(
  | exceptiongroup.ExceptionGroup: unhandled errors in a TaskGroup (1 sub-exception)
  +-+---------------- 1 ----------------
    | Traceback (most recent call last):
    |   File "D:\Project\Automated_Testing_FastApi\.venv\lib\site-packages\uvicorn\protocols\http\httptools_impl.py", line 426, in run_asgi
    |     result = await app(  # type: ignore[func-returns-value]
    |   File "D:\Project\Automated_Testing_FastApi\.venv\lib\site-packages\uvicorn\middleware\proxy_headers.py", line 84, in __call__
    |     return await self.app(scope, receive, send)
    |   File "D:\Project\Automated_Testing_FastApi\.venv\lib\site-packages\fastapi\applications.py", line 1054, in __call__
    |     await super().__call__(scope, receive, send)
    |   File "D:\Project\Automated_Testing_FastApi\.venv\lib\site-packages\starlette\applications.py", line 116, in __call__
    |     await self.middleware_stack(scope, receive, send)
    |   File "D:\Project\Automated_Testing_FastApi\.venv\lib\site-packages\starlette\middleware\errors.py", line 186, in __call__
    |     raise exc
    |   File "D:\Project\Automated_Testing_FastApi\.venv\lib\site-packages\starlette\middleware\errors.py", line 164, in __call__
    |     await self.app(scope, receive, _send)
    |   File "D:\Project\Automated_Testing_FastApi\.venv\lib\site-packages\starlette\middleware\cors.py", line 83, in __call__
    |     await self.app(scope, receive, send)
    |   File "D:\Project\Automated_Testing_FastApi\.venv\lib\site-packages\starlette\middleware\base.py", line 189, in __call__
    |     with collapse_excgroups():
    |   File "C:\Users\Thinkpad\AppData\Local\Programs\Python\Python310\lib\contextlib.py", line 153, in __exit__
    |     self.gen.throw(typ, value, traceback)
    |   File "D:\Project\Automated_Testing_FastApi\.venv\lib\site-packages\starlette\_utils.py", line 88, in collapse_excgroups
    |     raise exc
    |   File "D:\Project\Automated_Testing_FastApi\.venv\lib\site-packages\starlette\middleware\base.py", line 191, in __call__
    |     response = await self.dispatch_func(request, call_next)
    |   File "D:\Project\Automated_Testing_FastApi\main.py", line 27, in db_session_middleware
    |     response = await call_next(request)
    |   File "D:\Project\Automated_Testing_FastApi\.venv\lib\site-packages\starlette\middleware\base.py", line 165, in call_next
    |     raise app_exc
    |   File "D:\Project\Automated_Testing_FastApi\.venv\lib\site-packages\starlette\middleware\base.py", line 151, in coro
    |     await self.app(scope, receive_or_disconnect, send_no_error)
    |   File "D:\Project\Automated_Testing_FastApi\.venv\lib\site-packages\starlette\middleware\exceptions.py", line 62, in __call__
    |     await wrap_app_handling_exceptions(self.app, conn)(scope, receive, send)
    |   File "D:\Project\Automated_Testing_FastApi\.venv\lib\site-packages\starlette\_exception_handler.py", line 55, in wrapped_app
    |     raise exc
    |   File "D:\Project\Automated_Testing_FastApi\.venv\lib\site-packages\starlette\_exception_handler.py", line 44, in wrapped_app
    |     await app(scope, receive, sender)
    |   File "D:\Project\Automated_Testing_FastApi\.venv\lib\site-packages\starlette\routing.py", line 746, in __call__
    |     await route.handle(scope, receive, send)
    |   File "D:\Project\Automated_Testing_FastApi\.venv\lib\site-packages\starlette\routing.py", line 288, in handle
    |     await self.app(scope, receive, send)
    |   File "D:\Project\Automated_Testing_FastApi\.venv\lib\site-packages\starlette\routing.py", line 75, in app
    |     await wrap_app_handling_exceptions(app, request)(scope, receive, send)
    |   File "D:\Project\Automated_Testing_FastApi\.venv\lib\site-packages\starlette\_exception_handler.py", line 55, in wrapped_app
    |     raise exc
    |   File "D:\Project\Automated_Testing_FastApi\.venv\lib\site-packages\starlette\_exception_handler.py", line 44, in wrapped_app
    |     await app(scope, receive, sender)
    |   File "D:\Project\Automated_Testing_FastApi\.venv\lib\site-packages\starlette\routing.py", line 70, in app
    |     response = await func(request)
    |   File "D:\Project\Automated_Testing_FastApi\.venv\lib\site-packages\fastapi\routing.py", line 299, in app
    |     raise e
    |   File "D:\Project\Automated_Testing_FastApi\.venv\lib\site-packages\fastapi\routing.py", line 294, in app
    |     raw_response = await run_endpoint_function(
    |   File "D:\Project\Automated_Testing_FastApi\.venv\lib\site-packages\fastapi\routing.py", line 193, in run_endpoint_function
    |     return await run_in_threadpool(dependant.call, **values)
    |   File "D:\Project\Automated_Testing_FastApi\.venv\lib\site-packages\starlette\concurrency.py", line 35, in run_in_threadpool
    |     return await anyio.to_thread.run_sync(func, *args)
    |   File "D:\Project\Automated_Testing_FastApi\.venv\lib\site-packages\anyio\to_thread.py", line 56, in run_sync
    |     return await get_async_backend().run_sync_in_worker_thread(
    |   File "D:\Project\Automated_Testing_FastApi\.venv\lib\site-packages\anyio\_backends\_asyncio.py", line 2134, in run_sync_in_worker_thread
    |     return await future
    |   File "D:\Project\Automated_Testing_FastApi\.venv\lib\site-packages\anyio\_backends\_asyncio.py", line 851, in run
    |     result = context.run(func, *args)
    |   File "D:\Project\Automated_Testing_FastApi\routers\Project.py", line 32, in get_projects_id
    |     db_project = get_project(project_id, db)
    |   File "D:\Project\Automated_Testing_FastApi\model\curd.py", line 21, in get_project
    |     return db.query(models.Project).get(project_id)
    | AttributeError: 'str' object has no attribute 'query'
    +------------------------------------

During handling of the above exception, another exception occurred:

Traceback (most recent call last):
  File "D:\Project\Automated_Testing_FastApi\.venv\lib\site-packages\uvicorn\protocols\http\httptools_impl.py", line 426, in run_asgi
    result = await app(  # type: ignore[func-returns-value]
  File "D:\Project\Automated_Testing_FastApi\.venv\lib\site-packages\uvicorn\middleware\proxy_headers.py", line 84, in __call__
    return await self.app(scope, receive, send)
  File "D:\Project\Automated_Testing_FastApi\.venv\lib\site-packages\fastapi\applications.py", line 1054, in __call__
    await super().__call__(scope, receive, send)
  File "D:\Project\Automated_Testing_FastApi\.venv\lib\site-packages\starlette\applications.py", line 116, in __call__
    await self.middleware_stack(scope, receive, send)
  File "D:\Project\Automated_Testing_FastApi\.venv\lib\site-packages\starlette\middleware\errors.py", line 186, in __call__
    raise exc
  File "D:\Project\Automated_Testing_FastApi\.venv\lib\site-packages\starlette\middleware\errors.py", line 164, in __call__
    await self.app(scope, receive, _send)
  File "D:\Project\Automated_Testing_FastApi\.venv\lib\site-packages\starlette\middleware\cors.py", line 83, in __call__
    await self.app(scope, receive, send)
  File "D:\Project\Automated_Testing_FastApi\.venv\lib\site-packages\starlette\middleware\base.py", line 189, in __call__
    with collapse_excgroups():
  File "C:\Users\Thinkpad\AppData\Local\Programs\Python\Python310\lib\contextlib.py", line 153, in __exit__
    self.gen.throw(typ, value, traceback)
  File "D:\Project\Automated_Testing_FastApi\.venv\lib\site-packages\starlette\_utils.py", line 88, in collapse_excgroups
    raise exc
  File "D:\Project\Automated_Testing_FastApi\.venv\lib\site-packages\starlette\middleware\base.py", line 191, in __call__
    response = await self.dispatch_func(request, call_next)
  File "D:\Project\Automated_Testing_FastApi\main.py", line 27, in db_session_middleware
    response = await call_next(request)
  File "D:\Project\Automated_Testing_FastApi\.venv\lib\site-packages\starlette\middleware\base.py", line 165, in call_next
    raise app_exc
  File "D:\Project\Automated_Testing_FastApi\.venv\lib\site-packages\starlette\middleware\base.py", line 151, in coro
    await self.app(scope, receive_or_disconnect, send_no_error)
  File "D:\Project\Automated_Testing_FastApi\.venv\lib\site-packages\starlette\middleware\exceptions.py", line 62, in __call__
    await wrap_app_handling_exceptions(self.app, conn)(scope, receive, send)
  File "D:\Project\Automated_Testing_FastApi\.venv\lib\site-packages\starlette\_exception_handler.py", line 55, in wrapped_app
    raise exc
  File "D:\Project\Automated_Testing_FastApi\.venv\lib\site-packages\starlette\_exception_handler.py", line 44, in wrapped_app
    await app(scope, receive, sender)
  File "D:\Project\Automated_Testing_FastApi\.venv\lib\site-packages\starlette\routing.py", line 746, in __call__
    await route.handle(scope, receive, send)
  File "D:\Project\Automated_Testing_FastApi\.venv\lib\site-packages\starlette\routing.py", line 288, in handle
    await self.app(scope, receive, send)
  File "D:\Project\Automated_Testing_FastApi\.venv\lib\site-packages\starlette\routing.py", line 75, in app
    await wrap_app_handling_exceptions(app, request)(scope, receive, send)
  File "D:\Project\Automated_Testing_FastApi\.venv\lib\site-packages\starlette\_exception_handler.py", line 55, in wrapped_app
    raise exc
  File "D:\Project\Automated_Testing_FastApi\.venv\lib\site-packages\starlette\_exception_handler.py", line 44, in wrapped_app
    await app(scope, receive, sender)
  File "D:\Project\Automated_Testing_FastApi\.venv\lib\site-packages\starlette\routing.py", line 70, in app
    response = await func(request)
  File "D:\Project\Automated_Testing_FastApi\.venv\lib\site-packages\fastapi\routing.py", line 299, in app
    raise e
  File "D:\Project\Automated_Testing_FastApi\.venv\lib\site-packages\fastapi\routing.py", line 294, in app
    raw_response = await run_endpoint_function(
  File "D:\Project\Automated_Testing_FastApi\.venv\lib\site-packages\fastapi\routing.py", line 193, in run_endpoint_function
    return await run_in_threadpool(dependant.call, **values)
  File "D:\Project\Automated_Testing_FastApi\.venv\lib\site-packages\starlette\concurrency.py", line 35, in run_in_threadpool
    return await anyio.to_thread.run_sync(func, *args)
  File "D:\Project\Automated_Testing_FastApi\.venv\lib\site-packages\anyio\to_thread.py", line 56, in run_sync
    return await get_async_backend().run_sync_in_worker_thread(
  File "D:\Project\Automated_Testing_FastApi\.venv\lib\site-packages\anyio\_backends\_asyncio.py", line 2134, in run_sync_in_worker_thread
    return await future
  File "D:\Project\Automated_Testing_FastApi\.venv\lib\site-packages\anyio\_backends\_asyncio.py", line 851, in run
    result = context.run(func, *args)
  File "D:\Project\Automated_Testing_FastApi\routers\Project.py", line 32, in get_projects_id
    db_project = get_project(project_id, db)
  File "D:\Project\Automated_Testing_FastApi\model\curd.py", line 21, in get_project
    return db.query(models.Project).get(project_id)
AttributeError: 'str' object has no attribute 'query'
[2023-12-29 13:19:51] ERROR uvicorn.error run_asgi() L431  call_trace=D:\Project\Automated_Testing_FastApi\.venv\lib\site-packages\uvicorn\protocols\http\httptools_impl.py L431  in httptools_impl: Exception in ASGI application
  + Exception Group Traceback (most recent call last):
  |   File "D:\Project\Automated_Testing_FastApi\.venv\lib\site-packages\starlette\_utils.py", line 82, in collapse_excgroups
  |     yield
  |   File "D:\Project\Automated_Testing_FastApi\.venv\lib\site-packages\starlette\middleware\base.py", line 190, in __call__
  |     async with anyio.create_task_group() as task_group:
  |   File "D:\Project\Automated_Testing_FastApi\.venv\lib\site-packages\anyio\_backends\_asyncio.py", line 678, in __aexit__
  |     raise BaseExceptionGroup(
  | exceptiongroup.ExceptionGroup: unhandled errors in a TaskGroup (1 sub-exception)
  +-+---------------- 1 ----------------
    | Traceback (most recent call last):
    |   File "D:\Project\Automated_Testing_FastApi\.venv\lib\site-packages\uvicorn\protocols\http\httptools_impl.py", line 426, in run_asgi
    |     result = await app(  # type: ignore[func-returns-value]
    |   File "D:\Project\Automated_Testing_FastApi\.venv\lib\site-packages\uvicorn\middleware\proxy_headers.py", line 84, in __call__
    |     return await self.app(scope, receive, send)
    |   File "D:\Project\Automated_Testing_FastApi\.venv\lib\site-packages\fastapi\applications.py", line 1054, in __call__
    |     await super().__call__(scope, receive, send)
    |   File "D:\Project\Automated_Testing_FastApi\.venv\lib\site-packages\starlette\applications.py", line 116, in __call__
    |     await self.middleware_stack(scope, receive, send)
    |   File "D:\Project\Automated_Testing_FastApi\.venv\lib\site-packages\starlette\middleware\errors.py", line 186, in __call__
    |     raise exc
    |   File "D:\Project\Automated_Testing_FastApi\.venv\lib\site-packages\starlette\middleware\errors.py", line 164, in __call__
    |     await self.app(scope, receive, _send)
    |   File "D:\Project\Automated_Testing_FastApi\.venv\lib\site-packages\starlette\middleware\cors.py", line 83, in __call__
    |     await self.app(scope, receive, send)
    |   File "D:\Project\Automated_Testing_FastApi\.venv\lib\site-packages\starlette\middleware\base.py", line 189, in __call__
    |     with collapse_excgroups():
    |   File "C:\Users\Thinkpad\AppData\Local\Programs\Python\Python310\lib\contextlib.py", line 153, in __exit__
    |     self.gen.throw(typ, value, traceback)
    |   File "D:\Project\Automated_Testing_FastApi\.venv\lib\site-packages\starlette\_utils.py", line 88, in collapse_excgroups
    |     raise exc
    |   File "D:\Project\Automated_Testing_FastApi\.venv\lib\site-packages\starlette\middleware\base.py", line 191, in __call__
    |     response = await self.dispatch_func(request, call_next)
    |   File "D:\Project\Automated_Testing_FastApi\main.py", line 27, in db_session_middleware
    |     response = await call_next(request)
    |   File "D:\Project\Automated_Testing_FastApi\.venv\lib\site-packages\starlette\middleware\base.py", line 165, in call_next
    |     raise app_exc
    |   File "D:\Project\Automated_Testing_FastApi\.venv\lib\site-packages\starlette\middleware\base.py", line 151, in coro
    |     await self.app(scope, receive_or_disconnect, send_no_error)
    |   File "D:\Project\Automated_Testing_FastApi\.venv\lib\site-packages\starlette\middleware\exceptions.py", line 62, in __call__
    |     await wrap_app_handling_exceptions(self.app, conn)(scope, receive, send)
    |   File "D:\Project\Automated_Testing_FastApi\.venv\lib\site-packages\starlette\_exception_handler.py", line 55, in wrapped_app
    |     raise exc
    |   File "D:\Project\Automated_Testing_FastApi\.venv\lib\site-packages\starlette\_exception_handler.py", line 44, in wrapped_app
    |     await app(scope, receive, sender)
    |   File "D:\Project\Automated_Testing_FastApi\.venv\lib\site-packages\starlette\routing.py", line 746, in __call__
    |     await route.handle(scope, receive, send)
    |   File "D:\Project\Automated_Testing_FastApi\.venv\lib\site-packages\starlette\routing.py", line 288, in handle
    |     await self.app(scope, receive, send)
    |   File "D:\Project\Automated_Testing_FastApi\.venv\lib\site-packages\starlette\routing.py", line 75, in app
    |     await wrap_app_handling_exceptions(app, request)(scope, receive, send)
    |   File "D:\Project\Automated_Testing_FastApi\.venv\lib\site-packages\starlette\_exception_handler.py", line 55, in wrapped_app
    |     raise exc
    |   File "D:\Project\Automated_Testing_FastApi\.venv\lib\site-packages\starlette\_exception_handler.py", line 44, in wrapped_app
    |     await app(scope, receive, sender)
    |   File "D:\Project\Automated_Testing_FastApi\.venv\lib\site-packages\starlette\routing.py", line 70, in app
    |     response = await func(request)
    |   File "D:\Project\Automated_Testing_FastApi\.venv\lib\site-packages\fastapi\routing.py", line 299, in app
    |     raise e
    |   File "D:\Project\Automated_Testing_FastApi\.venv\lib\site-packages\fastapi\routing.py", line 294, in app
    |     raw_response = await run_endpoint_function(
    |   File "D:\Project\Automated_Testing_FastApi\.venv\lib\site-packages\fastapi\routing.py", line 193, in run_endpoint_function
    |     return await run_in_threadpool(dependant.call, **values)
    |   File "D:\Project\Automated_Testing_FastApi\.venv\lib\site-packages\starlette\concurrency.py", line 35, in run_in_threadpool
    |     return await anyio.to_thread.run_sync(func, *args)
    |   File "D:\Project\Automated_Testing_FastApi\.venv\lib\site-packages\anyio\to_thread.py", line 56, in run_sync
    |     return await get_async_backend().run_sync_in_worker_thread(
    |   File "D:\Project\Automated_Testing_FastApi\.venv\lib\site-packages\anyio\_backends\_asyncio.py", line 2134, in run_sync_in_worker_thread
    |     return await future
    |   File "D:\Project\Automated_Testing_FastApi\.venv\lib\site-packages\anyio\_backends\_asyncio.py", line 851, in run
    |     result = context.run(func, *args)
    |   File "D:\Project\Automated_Testing_FastApi\routers\Project.py", line 32, in get_projects_id
    |     db_project = get_project(project_id, db)
    |   File "D:\Project\Automated_Testing_FastApi\model\curd.py", line 21, in get_project
    | AttributeError: 'str' object has no attribute 'query'
    +------------------------------------

During handling of the above exception, another exception occurred:

Traceback (most recent call last):
  File "D:\Project\Automated_Testing_FastApi\.venv\lib\site-packages\uvicorn\protocols\http\httptools_impl.py", line 426, in run_asgi
    result = await app(  # type: ignore[func-returns-value]
  File "D:\Project\Automated_Testing_FastApi\.venv\lib\site-packages\uvicorn\middleware\proxy_headers.py", line 84, in __call__
    return await self.app(scope, receive, send)
  File "D:\Project\Automated_Testing_FastApi\.venv\lib\site-packages\fastapi\applications.py", line 1054, in __call__
    await super().__call__(scope, receive, send)
  File "D:\Project\Automated_Testing_FastApi\.venv\lib\site-packages\starlette\applications.py", line 116, in __call__
    await self.middleware_stack(scope, receive, send)
  File "D:\Project\Automated_Testing_FastApi\.venv\lib\site-packages\starlette\middleware\errors.py", line 186, in __call__
    raise exc
  File "D:\Project\Automated_Testing_FastApi\.venv\lib\site-packages\starlette\middleware\errors.py", line 164, in __call__
    await self.app(scope, receive, _send)
  File "D:\Project\Automated_Testing_FastApi\.venv\lib\site-packages\starlette\middleware\cors.py", line 83, in __call__
    await self.app(scope, receive, send)
  File "D:\Project\Automated_Testing_FastApi\.venv\lib\site-packages\starlette\middleware\base.py", line 189, in __call__
    with collapse_excgroups():
  File "C:\Users\Thinkpad\AppData\Local\Programs\Python\Python310\lib\contextlib.py", line 153, in __exit__
    self.gen.throw(typ, value, traceback)
  File "D:\Project\Automated_Testing_FastApi\.venv\lib\site-packages\starlette\_utils.py", line 88, in collapse_excgroups
    raise exc
  File "D:\Project\Automated_Testing_FastApi\.venv\lib\site-packages\starlette\middleware\base.py", line 191, in __call__
    response = await self.dispatch_func(request, call_next)
  File "D:\Project\Automated_Testing_FastApi\main.py", line 27, in db_session_middleware
    response = await call_next(request)
  File "D:\Project\Automated_Testing_FastApi\.venv\lib\site-packages\starlette\middleware\base.py", line 165, in call_next
    raise app_exc
  File "D:\Project\Automated_Testing_FastApi\.venv\lib\site-packages\starlette\middleware\base.py", line 151, in coro
    await self.app(scope, receive_or_disconnect, send_no_error)
  File "D:\Project\Automated_Testing_FastApi\.venv\lib\site-packages\starlette\middleware\exceptions.py", line 62, in __call__
    await wrap_app_handling_exceptions(self.app, conn)(scope, receive, send)
  File "D:\Project\Automated_Testing_FastApi\.venv\lib\site-packages\starlette\_exception_handler.py", line 55, in wrapped_app
    raise exc
  File "D:\Project\Automated_Testing_FastApi\.venv\lib\site-packages\starlette\_exception_handler.py", line 44, in wrapped_app
    await app(scope, receive, sender)
  File "D:\Project\Automated_Testing_FastApi\.venv\lib\site-packages\starlette\routing.py", line 746, in __call__
    await route.handle(scope, receive, send)
  File "D:\Project\Automated_Testing_FastApi\.venv\lib\site-packages\starlette\routing.py", line 288, in handle
    await self.app(scope, receive, send)
  File "D:\Project\Automated_Testing_FastApi\.venv\lib\site-packages\starlette\routing.py", line 75, in app
    await wrap_app_handling_exceptions(app, request)(scope, receive, send)
  File "D:\Project\Automated_Testing_FastApi\.venv\lib\site-packages\starlette\_exception_handler.py", line 55, in wrapped_app
    raise exc
  File "D:\Project\Automated_Testing_FastApi\.venv\lib\site-packages\starlette\_exception_handler.py", line 44, in wrapped_app
    await app(scope, receive, sender)
  File "D:\Project\Automated_Testing_FastApi\.venv\lib\site-packages\starlette\routing.py", line 70, in app
    response = await func(request)
  File "D:\Project\Automated_Testing_FastApi\.venv\lib\site-packages\fastapi\routing.py", line 299, in app
    raise e
  File "D:\Project\Automated_Testing_FastApi\.venv\lib\site-packages\fastapi\routing.py", line 294, in app
    raw_response = await run_endpoint_function(
  File "D:\Project\Automated_Testing_FastApi\.venv\lib\site-packages\fastapi\routing.py", line 193, in run_endpoint_function
    return await run_in_threadpool(dependant.call, **values)
  File "D:\Project\Automated_Testing_FastApi\.venv\lib\site-packages\starlette\concurrency.py", line 35, in run_in_threadpool
    return await anyio.to_thread.run_sync(func, *args)
  File "D:\Project\Automated_Testing_FastApi\.venv\lib\site-packages\anyio\to_thread.py", line 56, in run_sync
    return await get_async_backend().run_sync_in_worker_thread(
  File "D:\Project\Automated_Testing_FastApi\.venv\lib\site-packages\anyio\_backends\_asyncio.py", line 2134, in run_sync_in_worker_thread
    return await future
  File "D:\Project\Automated_Testing_FastApi\.venv\lib\site-packages\anyio\_backends\_asyncio.py", line 851, in run
    result = context.run(func, *args)
  File "D:\Project\Automated_Testing_FastApi\routers\Project.py", line 32, in get_projects_id
    db_project = get_project(project_id, db)
  File "D:\Project\Automated_Testing_FastApi\model\curd.py", line 21, in get_project
AttributeError: 'str' object has no attribute 'query'
[2023-12-29 13:19:53] ERROR uvicorn.error run_asgi() L431  call_trace=D:\Project\Automated_Testing_FastApi\.venv\lib\site-packages\uvicorn\protocols\http\httptools_impl.py L431  in httptools_impl: Exception in ASGI application
  + Exception Group Traceback (most recent call last):
  |   File "D:\Project\Automated_Testing_FastApi\.venv\lib\site-packages\starlette\_utils.py", line 82, in collapse_excgroups
  |     yield
  |   File "D:\Project\Automated_Testing_FastApi\.venv\lib\site-packages\starlette\middleware\base.py", line 190, in __call__
  |     async with anyio.create_task_group() as task_group:
  |   File "D:\Project\Automated_Testing_FastApi\.venv\lib\site-packages\anyio\_backends\_asyncio.py", line 678, in __aexit__
  |     raise BaseExceptionGroup(
  | exceptiongroup.ExceptionGroup: unhandled errors in a TaskGroup (1 sub-exception)
  +-+---------------- 1 ----------------
    | Traceback (most recent call last):
    |   File "D:\Project\Automated_Testing_FastApi\.venv\lib\site-packages\uvicorn\protocols\http\httptools_impl.py", line 426, in run_asgi
    |     result = await app(  # type: ignore[func-returns-value]
    |   File "D:\Project\Automated_Testing_FastApi\.venv\lib\site-packages\uvicorn\middleware\proxy_headers.py", line 84, in __call__
    |     return await self.app(scope, receive, send)
    |   File "D:\Project\Automated_Testing_FastApi\.venv\lib\site-packages\fastapi\applications.py", line 1054, in __call__
    |     await super().__call__(scope, receive, send)
    |   File "D:\Project\Automated_Testing_FastApi\.venv\lib\site-packages\starlette\applications.py", line 116, in __call__
    |     await self.middleware_stack(scope, receive, send)
    |   File "D:\Project\Automated_Testing_FastApi\.venv\lib\site-packages\starlette\middleware\errors.py", line 186, in __call__
    |     raise exc
    |   File "D:\Project\Automated_Testing_FastApi\.venv\lib\site-packages\starlette\middleware\errors.py", line 164, in __call__
    |     await self.app(scope, receive, _send)
    |   File "D:\Project\Automated_Testing_FastApi\.venv\lib\site-packages\starlette\middleware\cors.py", line 83, in __call__
    |     await self.app(scope, receive, send)
    |   File "D:\Project\Automated_Testing_FastApi\.venv\lib\site-packages\starlette\middleware\base.py", line 189, in __call__
    |     with collapse_excgroups():
    |   File "C:\Users\Thinkpad\AppData\Local\Programs\Python\Python310\lib\contextlib.py", line 153, in __exit__
    |     self.gen.throw(typ, value, traceback)
    |   File "D:\Project\Automated_Testing_FastApi\.venv\lib\site-packages\starlette\_utils.py", line 88, in collapse_excgroups
    |     raise exc
    |   File "D:\Project\Automated_Testing_FastApi\.venv\lib\site-packages\starlette\middleware\base.py", line 191, in __call__
    |     response = await self.dispatch_func(request, call_next)
    |   File "D:\Project\Automated_Testing_FastApi\main.py", line 27, in db_session_middleware
    |     response = await call_next(request)
    |   File "D:\Project\Automated_Testing_FastApi\.venv\lib\site-packages\starlette\middleware\base.py", line 165, in call_next
    |     raise app_exc
    |   File "D:\Project\Automated_Testing_FastApi\.venv\lib\site-packages\starlette\middleware\base.py", line 151, in coro
    |     await self.app(scope, receive_or_disconnect, send_no_error)
    |   File "D:\Project\Automated_Testing_FastApi\.venv\lib\site-packages\starlette\middleware\exceptions.py", line 62, in __call__
    |     await wrap_app_handling_exceptions(self.app, conn)(scope, receive, send)
    |   File "D:\Project\Automated_Testing_FastApi\.venv\lib\site-packages\starlette\_exception_handler.py", line 55, in wrapped_app
    |     raise exc
    |   File "D:\Project\Automated_Testing_FastApi\.venv\lib\site-packages\starlette\_exception_handler.py", line 44, in wrapped_app
    |     await app(scope, receive, sender)
    |   File "D:\Project\Automated_Testing_FastApi\.venv\lib\site-packages\starlette\routing.py", line 746, in __call__
    |     await route.handle(scope, receive, send)
    |   File "D:\Project\Automated_Testing_FastApi\.venv\lib\site-packages\starlette\routing.py", line 288, in handle
    |     await self.app(scope, receive, send)
    |   File "D:\Project\Automated_Testing_FastApi\.venv\lib\site-packages\starlette\routing.py", line 75, in app
    |     await wrap_app_handling_exceptions(app, request)(scope, receive, send)
    |   File "D:\Project\Automated_Testing_FastApi\.venv\lib\site-packages\starlette\_exception_handler.py", line 55, in wrapped_app
    |     raise exc
    |   File "D:\Project\Automated_Testing_FastApi\.venv\lib\site-packages\starlette\_exception_handler.py", line 44, in wrapped_app
    |     await app(scope, receive, sender)
    |   File "D:\Project\Automated_Testing_FastApi\.venv\lib\site-packages\starlette\routing.py", line 70, in app
    |     response = await func(request)
    |   File "D:\Project\Automated_Testing_FastApi\.venv\lib\site-packages\fastapi\routing.py", line 299, in app
    |     raise e
    |   File "D:\Project\Automated_Testing_FastApi\.venv\lib\site-packages\fastapi\routing.py", line 294, in app
    |     raw_response = await run_endpoint_function(
    |   File "D:\Project\Automated_Testing_FastApi\.venv\lib\site-packages\fastapi\routing.py", line 193, in run_endpoint_function
    |     return await run_in_threadpool(dependant.call, **values)
    |   File "D:\Project\Automated_Testing_FastApi\.venv\lib\site-packages\starlette\concurrency.py", line 35, in run_in_threadpool
    |     return await anyio.to_thread.run_sync(func, *args)
    |   File "D:\Project\Automated_Testing_FastApi\.venv\lib\site-packages\anyio\to_thread.py", line 56, in run_sync
    |     return await get_async_backend().run_sync_in_worker_thread(
    |   File "D:\Project\Automated_Testing_FastApi\.venv\lib\site-packages\anyio\_backends\_asyncio.py", line 2134, in run_sync_in_worker_thread
    |     return await future
    |   File "D:\Project\Automated_Testing_FastApi\.venv\lib\site-packages\anyio\_backends\_asyncio.py", line 851, in run
    |     result = context.run(func, *args)
    |   File "D:\Project\Automated_Testing_FastApi\routers\Project.py", line 32, in get_projects_id
    |     db_project = get_project(project_id, db)
    |   File "D:\Project\Automated_Testing_FastApi\model\curd.py", line 21, in get_project
    | AttributeError: 'str' object has no attribute 'query'
    +------------------------------------

During handling of the above exception, another exception occurred:

Traceback (most recent call last):
  File "D:\Project\Automated_Testing_FastApi\.venv\lib\site-packages\uvicorn\protocols\http\httptools_impl.py", line 426, in run_asgi
    result = await app(  # type: ignore[func-returns-value]
  File "D:\Project\Automated_Testing_FastApi\.venv\lib\site-packages\uvicorn\middleware\proxy_headers.py", line 84, in __call__
    return await self.app(scope, receive, send)
  File "D:\Project\Automated_Testing_FastApi\.venv\lib\site-packages\fastapi\applications.py", line 1054, in __call__
    await super().__call__(scope, receive, send)
  File "D:\Project\Automated_Testing_FastApi\.venv\lib\site-packages\starlette\applications.py", line 116, in __call__
    await self.middleware_stack(scope, receive, send)
  File "D:\Project\Automated_Testing_FastApi\.venv\lib\site-packages\starlette\middleware\errors.py", line 186, in __call__
    raise exc
  File "D:\Project\Automated_Testing_FastApi\.venv\lib\site-packages\starlette\middleware\errors.py", line 164, in __call__
    await self.app(scope, receive, _send)
  File "D:\Project\Automated_Testing_FastApi\.venv\lib\site-packages\starlette\middleware\cors.py", line 83, in __call__
    await self.app(scope, receive, send)
  File "D:\Project\Automated_Testing_FastApi\.venv\lib\site-packages\starlette\middleware\base.py", line 189, in __call__
    with collapse_excgroups():
  File "C:\Users\Thinkpad\AppData\Local\Programs\Python\Python310\lib\contextlib.py", line 153, in __exit__
    self.gen.throw(typ, value, traceback)
  File "D:\Project\Automated_Testing_FastApi\.venv\lib\site-packages\starlette\_utils.py", line 88, in collapse_excgroups
    raise exc
  File "D:\Project\Automated_Testing_FastApi\.venv\lib\site-packages\starlette\middleware\base.py", line 191, in __call__
    response = await self.dispatch_func(request, call_next)
  File "D:\Project\Automated_Testing_FastApi\main.py", line 27, in db_session_middleware
    response = await call_next(request)
  File "D:\Project\Automated_Testing_FastApi\.venv\lib\site-packages\starlette\middleware\base.py", line 165, in call_next
    raise app_exc
  File "D:\Project\Automated_Testing_FastApi\.venv\lib\site-packages\starlette\middleware\base.py", line 151, in coro
    await self.app(scope, receive_or_disconnect, send_no_error)
  File "D:\Project\Automated_Testing_FastApi\.venv\lib\site-packages\starlette\middleware\exceptions.py", line 62, in __call__
    await wrap_app_handling_exceptions(self.app, conn)(scope, receive, send)
  File "D:\Project\Automated_Testing_FastApi\.venv\lib\site-packages\starlette\_exception_handler.py", line 55, in wrapped_app
    raise exc
  File "D:\Project\Automated_Testing_FastApi\.venv\lib\site-packages\starlette\_exception_handler.py", line 44, in wrapped_app
    await app(scope, receive, sender)
  File "D:\Project\Automated_Testing_FastApi\.venv\lib\site-packages\starlette\routing.py", line 746, in __call__
    await route.handle(scope, receive, send)
  File "D:\Project\Automated_Testing_FastApi\.venv\lib\site-packages\starlette\routing.py", line 288, in handle
    await self.app(scope, receive, send)
  File "D:\Project\Automated_Testing_FastApi\.venv\lib\site-packages\starlette\routing.py", line 75, in app
    await wrap_app_handling_exceptions(app, request)(scope, receive, send)
  File "D:\Project\Automated_Testing_FastApi\.venv\lib\site-packages\starlette\_exception_handler.py", line 55, in wrapped_app
    raise exc
  File "D:\Project\Automated_Testing_FastApi\.venv\lib\site-packages\starlette\_exception_handler.py", line 44, in wrapped_app
    await app(scope, receive, sender)
  File "D:\Project\Automated_Testing_FastApi\.venv\lib\site-packages\starlette\routing.py", line 70, in app
    response = await func(request)
  File "D:\Project\Automated_Testing_FastApi\.venv\lib\site-packages\fastapi\routing.py", line 299, in app
    raise e
  File "D:\Project\Automated_Testing_FastApi\.venv\lib\site-packages\fastapi\routing.py", line 294, in app
    raw_response = await run_endpoint_function(
  File "D:\Project\Automated_Testing_FastApi\.venv\lib\site-packages\fastapi\routing.py", line 193, in run_endpoint_function
    return await run_in_threadpool(dependant.call, **values)
  File "D:\Project\Automated_Testing_FastApi\.venv\lib\site-packages\starlette\concurrency.py", line 35, in run_in_threadpool
    return await anyio.to_thread.run_sync(func, *args)
  File "D:\Project\Automated_Testing_FastApi\.venv\lib\site-packages\anyio\to_thread.py", line 56, in run_sync
    return await get_async_backend().run_sync_in_worker_thread(
  File "D:\Project\Automated_Testing_FastApi\.venv\lib\site-packages\anyio\_backends\_asyncio.py", line 2134, in run_sync_in_worker_thread
    return await future
  File "D:\Project\Automated_Testing_FastApi\.venv\lib\site-packages\anyio\_backends\_asyncio.py", line 851, in run
    result = context.run(func, *args)
  File "D:\Project\Automated_Testing_FastApi\routers\Project.py", line 32, in get_projects_id
    db_project = get_project(project_id, db)
  File "D:\Project\Automated_Testing_FastApi\model\curd.py", line 21, in get_project
AttributeError: 'str' object has no attribute 'query'
[2023-12-29 13:19:55] ERROR uvicorn.error run_asgi() L431  call_trace=D:\Project\Automated_Testing_FastApi\.venv\lib\site-packages\uvicorn\protocols\http\httptools_impl.py L431  in httptools_impl: Exception in ASGI application
  + Exception Group Traceback (most recent call last):
  |   File "D:\Project\Automated_Testing_FastApi\.venv\lib\site-packages\starlette\_utils.py", line 82, in collapse_excgroups
  |     yield
  |   File "D:\Project\Automated_Testing_FastApi\.venv\lib\site-packages\starlette\middleware\base.py", line 190, in __call__
  |     async with anyio.create_task_group() as task_group:
  |   File "D:\Project\Automated_Testing_FastApi\.venv\lib\site-packages\anyio\_backends\_asyncio.py", line 678, in __aexit__
  |     raise BaseExceptionGroup(
  | exceptiongroup.ExceptionGroup: unhandled errors in a TaskGroup (1 sub-exception)
  +-+---------------- 1 ----------------
    | Traceback (most recent call last):
    |   File "D:\Project\Automated_Testing_FastApi\.venv\lib\site-packages\uvicorn\protocols\http\httptools_impl.py", line 426, in run_asgi
    |     result = await app(  # type: ignore[func-returns-value]
    |   File "D:\Project\Automated_Testing_FastApi\.venv\lib\site-packages\uvicorn\middleware\proxy_headers.py", line 84, in __call__
    |     return await self.app(scope, receive, send)
    |   File "D:\Project\Automated_Testing_FastApi\.venv\lib\site-packages\fastapi\applications.py", line 1054, in __call__
    |     await super().__call__(scope, receive, send)
    |   File "D:\Project\Automated_Testing_FastApi\.venv\lib\site-packages\starlette\applications.py", line 116, in __call__
    |     await self.middleware_stack(scope, receive, send)
    |   File "D:\Project\Automated_Testing_FastApi\.venv\lib\site-packages\starlette\middleware\errors.py", line 186, in __call__
    |     raise exc
    |   File "D:\Project\Automated_Testing_FastApi\.venv\lib\site-packages\starlette\middleware\errors.py", line 164, in __call__
    |     await self.app(scope, receive, _send)
    |   File "D:\Project\Automated_Testing_FastApi\.venv\lib\site-packages\starlette\middleware\cors.py", line 83, in __call__
    |     await self.app(scope, receive, send)
    |   File "D:\Project\Automated_Testing_FastApi\.venv\lib\site-packages\starlette\middleware\base.py", line 189, in __call__
    |     with collapse_excgroups():
    |   File "C:\Users\Thinkpad\AppData\Local\Programs\Python\Python310\lib\contextlib.py", line 153, in __exit__
    |     self.gen.throw(typ, value, traceback)
    |   File "D:\Project\Automated_Testing_FastApi\.venv\lib\site-packages\starlette\_utils.py", line 88, in collapse_excgroups
    |     raise exc
    |   File "D:\Project\Automated_Testing_FastApi\.venv\lib\site-packages\starlette\middleware\base.py", line 191, in __call__
    |     response = await self.dispatch_func(request, call_next)
    |   File "D:\Project\Automated_Testing_FastApi\main.py", line 27, in db_session_middleware
    |     response = await call_next(request)
    |   File "D:\Project\Automated_Testing_FastApi\.venv\lib\site-packages\starlette\middleware\base.py", line 165, in call_next
    |     raise app_exc
    |   File "D:\Project\Automated_Testing_FastApi\.venv\lib\site-packages\starlette\middleware\base.py", line 151, in coro
    |     await self.app(scope, receive_or_disconnect, send_no_error)
    |   File "D:\Project\Automated_Testing_FastApi\.venv\lib\site-packages\starlette\middleware\exceptions.py", line 62, in __call__
    |     await wrap_app_handling_exceptions(self.app, conn)(scope, receive, send)
    |   File "D:\Project\Automated_Testing_FastApi\.venv\lib\site-packages\starlette\_exception_handler.py", line 55, in wrapped_app
    |     raise exc
    |   File "D:\Project\Automated_Testing_FastApi\.venv\lib\site-packages\starlette\_exception_handler.py", line 44, in wrapped_app
    |     await app(scope, receive, sender)
    |   File "D:\Project\Automated_Testing_FastApi\.venv\lib\site-packages\starlette\routing.py", line 746, in __call__
    |     await route.handle(scope, receive, send)
    |   File "D:\Project\Automated_Testing_FastApi\.venv\lib\site-packages\starlette\routing.py", line 288, in handle
    |     await self.app(scope, receive, send)
    |   File "D:\Project\Automated_Testing_FastApi\.venv\lib\site-packages\starlette\routing.py", line 75, in app
    |     await wrap_app_handling_exceptions(app, request)(scope, receive, send)
    |   File "D:\Project\Automated_Testing_FastApi\.venv\lib\site-packages\starlette\_exception_handler.py", line 55, in wrapped_app
    |     raise exc
    |   File "D:\Project\Automated_Testing_FastApi\.venv\lib\site-packages\starlette\_exception_handler.py", line 44, in wrapped_app
    |     await app(scope, receive, sender)
    |   File "D:\Project\Automated_Testing_FastApi\.venv\lib\site-packages\starlette\routing.py", line 70, in app
    |     response = await func(request)
    |   File "D:\Project\Automated_Testing_FastApi\.venv\lib\site-packages\fastapi\routing.py", line 299, in app
    |     raise e
    |   File "D:\Project\Automated_Testing_FastApi\.venv\lib\site-packages\fastapi\routing.py", line 294, in app
    |     raw_response = await run_endpoint_function(
    |   File "D:\Project\Automated_Testing_FastApi\.venv\lib\site-packages\fastapi\routing.py", line 193, in run_endpoint_function
    |     return await run_in_threadpool(dependant.call, **values)
    |   File "D:\Project\Automated_Testing_FastApi\.venv\lib\site-packages\starlette\concurrency.py", line 35, in run_in_threadpool
    |     return await anyio.to_thread.run_sync(func, *args)
    |   File "D:\Project\Automated_Testing_FastApi\.venv\lib\site-packages\anyio\to_thread.py", line 56, in run_sync
    |     return await get_async_backend().run_sync_in_worker_thread(
    |   File "D:\Project\Automated_Testing_FastApi\.venv\lib\site-packages\anyio\_backends\_asyncio.py", line 2134, in run_sync_in_worker_thread
    |     return await future
    |   File "D:\Project\Automated_Testing_FastApi\.venv\lib\site-packages\anyio\_backends\_asyncio.py", line 851, in run
    |     result = context.run(func, *args)
    |   File "D:\Project\Automated_Testing_FastApi\routers\Project.py", line 32, in get_projects_id
    |     db_project = get_project(project_id, db)
    |   File "D:\Project\Automated_Testing_FastApi\model\curd.py", line 21, in get_project
    | AttributeError: 'str' object has no attribute 'query'
    +------------------------------------

During handling of the above exception, another exception occurred:

Traceback (most recent call last):
  File "D:\Project\Automated_Testing_FastApi\.venv\lib\site-packages\uvicorn\protocols\http\httptools_impl.py", line 426, in run_asgi
    result = await app(  # type: ignore[func-returns-value]
  File "D:\Project\Automated_Testing_FastApi\.venv\lib\site-packages\uvicorn\middleware\proxy_headers.py", line 84, in __call__
    return await self.app(scope, receive, send)
  File "D:\Project\Automated_Testing_FastApi\.venv\lib\site-packages\fastapi\applications.py", line 1054, in __call__
    await super().__call__(scope, receive, send)
  File "D:\Project\Automated_Testing_FastApi\.venv\lib\site-packages\starlette\applications.py", line 116, in __call__
    await self.middleware_stack(scope, receive, send)
  File "D:\Project\Automated_Testing_FastApi\.venv\lib\site-packages\starlette\middleware\errors.py", line 186, in __call__
    raise exc
  File "D:\Project\Automated_Testing_FastApi\.venv\lib\site-packages\starlette\middleware\errors.py", line 164, in __call__
    await self.app(scope, receive, _send)
  File "D:\Project\Automated_Testing_FastApi\.venv\lib\site-packages\starlette\middleware\cors.py", line 83, in __call__
    await self.app(scope, receive, send)
  File "D:\Project\Automated_Testing_FastApi\.venv\lib\site-packages\starlette\middleware\base.py", line 189, in __call__
    with collapse_excgroups():
  File "C:\Users\Thinkpad\AppData\Local\Programs\Python\Python310\lib\contextlib.py", line 153, in __exit__
    self.gen.throw(typ, value, traceback)
  File "D:\Project\Automated_Testing_FastApi\.venv\lib\site-packages\starlette\_utils.py", line 88, in collapse_excgroups
    raise exc
  File "D:\Project\Automated_Testing_FastApi\.venv\lib\site-packages\starlette\middleware\base.py", line 191, in __call__
    response = await self.dispatch_func(request, call_next)
  File "D:\Project\Automated_Testing_FastApi\main.py", line 27, in db_session_middleware
    response = await call_next(request)
  File "D:\Project\Automated_Testing_FastApi\.venv\lib\site-packages\starlette\middleware\base.py", line 165, in call_next
    raise app_exc
  File "D:\Project\Automated_Testing_FastApi\.venv\lib\site-packages\starlette\middleware\base.py", line 151, in coro
    await self.app(scope, receive_or_disconnect, send_no_error)
  File "D:\Project\Automated_Testing_FastApi\.venv\lib\site-packages\starlette\middleware\exceptions.py", line 62, in __call__
    await wrap_app_handling_exceptions(self.app, conn)(scope, receive, send)
  File "D:\Project\Automated_Testing_FastApi\.venv\lib\site-packages\starlette\_exception_handler.py", line 55, in wrapped_app
    raise exc
  File "D:\Project\Automated_Testing_FastApi\.venv\lib\site-packages\starlette\_exception_handler.py", line 44, in wrapped_app
    await app(scope, receive, sender)
  File "D:\Project\Automated_Testing_FastApi\.venv\lib\site-packages\starlette\routing.py", line 746, in __call__
    await route.handle(scope, receive, send)
  File "D:\Project\Automated_Testing_FastApi\.venv\lib\site-packages\starlette\routing.py", line 288, in handle
    await self.app(scope, receive, send)
  File "D:\Project\Automated_Testing_FastApi\.venv\lib\site-packages\starlette\routing.py", line 75, in app
    await wrap_app_handling_exceptions(app, request)(scope, receive, send)
  File "D:\Project\Automated_Testing_FastApi\.venv\lib\site-packages\starlette\_exception_handler.py", line 55, in wrapped_app
    raise exc
  File "D:\Project\Automated_Testing_FastApi\.venv\lib\site-packages\starlette\_exception_handler.py", line 44, in wrapped_app
    await app(scope, receive, sender)
  File "D:\Project\Automated_Testing_FastApi\.venv\lib\site-packages\starlette\routing.py", line 70, in app
    response = await func(request)
  File "D:\Project\Automated_Testing_FastApi\.venv\lib\site-packages\fastapi\routing.py", line 299, in app
    raise e
  File "D:\Project\Automated_Testing_FastApi\.venv\lib\site-packages\fastapi\routing.py", line 294, in app
    raw_response = await run_endpoint_function(
  File "D:\Project\Automated_Testing_FastApi\.venv\lib\site-packages\fastapi\routing.py", line 193, in run_endpoint_function
    return await run_in_threadpool(dependant.call, **values)
  File "D:\Project\Automated_Testing_FastApi\.venv\lib\site-packages\starlette\concurrency.py", line 35, in run_in_threadpool
    return await anyio.to_thread.run_sync(func, *args)
  File "D:\Project\Automated_Testing_FastApi\.venv\lib\site-packages\anyio\to_thread.py", line 56, in run_sync
    return await get_async_backend().run_sync_in_worker_thread(
  File "D:\Project\Automated_Testing_FastApi\.venv\lib\site-packages\anyio\_backends\_asyncio.py", line 2134, in run_sync_in_worker_thread
    return await future
  File "D:\Project\Automated_Testing_FastApi\.venv\lib\site-packages\anyio\_backends\_asyncio.py", line 851, in run
    result = context.run(func, *args)
  File "D:\Project\Automated_Testing_FastApi\routers\Project.py", line 32, in get_projects_id
    db_project = get_project(project_id, db)
  File "D:\Project\Automated_Testing_FastApi\model\curd.py", line 21, in get_project
AttributeError: 'str' object has no attribute 'query'
[2023-12-29 13:20:37] INFO uvicorn.error shutdown() L264  call_trace=D:\Project\Automated_Testing_FastApi\.venv\lib\site-packages\uvicorn\server.py L264  in server: Shutting down
[2023-12-29 13:20:40] INFO uvicorn.error serve() L76   call_trace=D:\Project\Automated_Testing_FastApi\.venv\lib\site-packages\uvicorn\server.py L76   in server: Started server process [15288]
[2023-12-29 13:20:40] INFO uvicorn.error startup() L46   call_trace=D:\Project\Automated_Testing_FastApi\.venv\lib\site-packages\uvicorn\lifespan\on.py L46   in on: Waiting for application startup.
[2023-12-29 13:20:40] INFO uvicorn.error startup() L60   call_trace=D:\Project\Automated_Testing_FastApi\.venv\lib\site-packages\uvicorn\lifespan\on.py L60   in on: Application startup complete.
[2023-12-29 13:20:47] ERROR uvicorn.error run_asgi() L431  call_trace=D:\Project\Automated_Testing_FastApi\.venv\lib\site-packages\uvicorn\protocols\http\httptools_impl.py L431  in httptools_impl: Exception in ASGI application
  + Exception Group Traceback (most recent call last):
  |   File "D:\Project\Automated_Testing_FastApi\.venv\lib\site-packages\starlette\_utils.py", line 82, in collapse_excgroups
  |     yield
  |   File "D:\Project\Automated_Testing_FastApi\.venv\lib\site-packages\starlette\middleware\base.py", line 190, in __call__
  |     async with anyio.create_task_group() as task_group:
  |   File "D:\Project\Automated_Testing_FastApi\.venv\lib\site-packages\anyio\_backends\_asyncio.py", line 678, in __aexit__
  |     raise BaseExceptionGroup(
  | exceptiongroup.ExceptionGroup: unhandled errors in a TaskGroup (1 sub-exception)
  +-+---------------- 1 ----------------
    | Traceback (most recent call last):
    |   File "D:\Project\Automated_Testing_FastApi\.venv\lib\site-packages\uvicorn\protocols\http\httptools_impl.py", line 426, in run_asgi
    |     result = await app(  # type: ignore[func-returns-value]
    |   File "D:\Project\Automated_Testing_FastApi\.venv\lib\site-packages\uvicorn\middleware\proxy_headers.py", line 84, in __call__
    |     return await self.app(scope, receive, send)
    |   File "D:\Project\Automated_Testing_FastApi\.venv\lib\site-packages\fastapi\applications.py", line 1054, in __call__
    |     await super().__call__(scope, receive, send)
    |   File "D:\Project\Automated_Testing_FastApi\.venv\lib\site-packages\starlette\applications.py", line 116, in __call__
    |     await self.middleware_stack(scope, receive, send)
    |   File "D:\Project\Automated_Testing_FastApi\.venv\lib\site-packages\starlette\middleware\errors.py", line 186, in __call__
    |     raise exc
    |   File "D:\Project\Automated_Testing_FastApi\.venv\lib\site-packages\starlette\middleware\errors.py", line 164, in __call__
    |     await self.app(scope, receive, _send)
    |   File "D:\Project\Automated_Testing_FastApi\.venv\lib\site-packages\starlette\middleware\cors.py", line 83, in __call__
    |     await self.app(scope, receive, send)
    |   File "D:\Project\Automated_Testing_FastApi\.venv\lib\site-packages\starlette\middleware\base.py", line 189, in __call__
    |     with collapse_excgroups():
    |   File "C:\Users\Thinkpad\AppData\Local\Programs\Python\Python310\lib\contextlib.py", line 153, in __exit__
    |     self.gen.throw(typ, value, traceback)
    |   File "D:\Project\Automated_Testing_FastApi\.venv\lib\site-packages\starlette\_utils.py", line 88, in collapse_excgroups
    |     raise exc
    |   File "D:\Project\Automated_Testing_FastApi\.venv\lib\site-packages\starlette\middleware\base.py", line 191, in __call__
    |     response = await self.dispatch_func(request, call_next)
    |   File "D:\Project\Automated_Testing_FastApi\main.py", line 27, in db_session_middleware
    |     response = await call_next(request)
    |   File "D:\Project\Automated_Testing_FastApi\.venv\lib\site-packages\starlette\middleware\base.py", line 165, in call_next
    |     raise app_exc
    |   File "D:\Project\Automated_Testing_FastApi\.venv\lib\site-packages\starlette\middleware\base.py", line 151, in coro
    |     await self.app(scope, receive_or_disconnect, send_no_error)
    |   File "D:\Project\Automated_Testing_FastApi\.venv\lib\site-packages\starlette\middleware\exceptions.py", line 62, in __call__
    |     await wrap_app_handling_exceptions(self.app, conn)(scope, receive, send)
    |   File "D:\Project\Automated_Testing_FastApi\.venv\lib\site-packages\starlette\_exception_handler.py", line 55, in wrapped_app
    |     raise exc
    |   File "D:\Project\Automated_Testing_FastApi\.venv\lib\site-packages\starlette\_exception_handler.py", line 44, in wrapped_app
    |     await app(scope, receive, sender)
    |   File "D:\Project\Automated_Testing_FastApi\.venv\lib\site-packages\starlette\routing.py", line 746, in __call__
    |     await route.handle(scope, receive, send)
    |   File "D:\Project\Automated_Testing_FastApi\.venv\lib\site-packages\starlette\routing.py", line 288, in handle
    |     await self.app(scope, receive, send)
    |   File "D:\Project\Automated_Testing_FastApi\.venv\lib\site-packages\starlette\routing.py", line 75, in app
    |     await wrap_app_handling_exceptions(app, request)(scope, receive, send)
    |   File "D:\Project\Automated_Testing_FastApi\.venv\lib\site-packages\starlette\_exception_handler.py", line 55, in wrapped_app
    |     raise exc
    |   File "D:\Project\Automated_Testing_FastApi\.venv\lib\site-packages\starlette\_exception_handler.py", line 44, in wrapped_app
    |     await app(scope, receive, sender)
    |   File "D:\Project\Automated_Testing_FastApi\.venv\lib\site-packages\starlette\routing.py", line 70, in app
    |     response = await func(request)
    |   File "D:\Project\Automated_Testing_FastApi\.venv\lib\site-packages\fastapi\routing.py", line 299, in app
    |     raise e
    |   File "D:\Project\Automated_Testing_FastApi\.venv\lib\site-packages\fastapi\routing.py", line 294, in app
    |     raw_response = await run_endpoint_function(
    |   File "D:\Project\Automated_Testing_FastApi\.venv\lib\site-packages\fastapi\routing.py", line 193, in run_endpoint_function
    |     return await run_in_threadpool(dependant.call, **values)
    |   File "D:\Project\Automated_Testing_FastApi\.venv\lib\site-packages\starlette\concurrency.py", line 35, in run_in_threadpool
    |     return await anyio.to_thread.run_sync(func, *args)
    |   File "D:\Project\Automated_Testing_FastApi\.venv\lib\site-packages\anyio\to_thread.py", line 56, in run_sync
    |     return await get_async_backend().run_sync_in_worker_thread(
    |   File "D:\Project\Automated_Testing_FastApi\.venv\lib\site-packages\anyio\_backends\_asyncio.py", line 2134, in run_sync_in_worker_thread
    |     return await future
    |   File "D:\Project\Automated_Testing_FastApi\.venv\lib\site-packages\anyio\_backends\_asyncio.py", line 851, in run
    |     result = context.run(func, *args)
    |   File "D:\Project\Automated_Testing_FastApi\routers\Project.py", line 32, in get_projects_id
    |     db_project = get_project(project_id, db)
    |   File "D:\Project\Automated_Testing_FastApi\model\curd.py", line 20, in get_project
    |     return db.query(models.Project).get(id=project_id)
    | AttributeError: 'str' object has no attribute 'query'
    +------------------------------------

During handling of the above exception, another exception occurred:

Traceback (most recent call last):
  File "D:\Project\Automated_Testing_FastApi\.venv\lib\site-packages\uvicorn\protocols\http\httptools_impl.py", line 426, in run_asgi
    result = await app(  # type: ignore[func-returns-value]
  File "D:\Project\Automated_Testing_FastApi\.venv\lib\site-packages\uvicorn\middleware\proxy_headers.py", line 84, in __call__
    return await self.app(scope, receive, send)
  File "D:\Project\Automated_Testing_FastApi\.venv\lib\site-packages\fastapi\applications.py", line 1054, in __call__
    await super().__call__(scope, receive, send)
  File "D:\Project\Automated_Testing_FastApi\.venv\lib\site-packages\starlette\applications.py", line 116, in __call__
    await self.middleware_stack(scope, receive, send)
  File "D:\Project\Automated_Testing_FastApi\.venv\lib\site-packages\starlette\middleware\errors.py", line 186, in __call__
    raise exc
  File "D:\Project\Automated_Testing_FastApi\.venv\lib\site-packages\starlette\middleware\errors.py", line 164, in __call__
    await self.app(scope, receive, _send)
  File "D:\Project\Automated_Testing_FastApi\.venv\lib\site-packages\starlette\middleware\cors.py", line 83, in __call__
    await self.app(scope, receive, send)
  File "D:\Project\Automated_Testing_FastApi\.venv\lib\site-packages\starlette\middleware\base.py", line 189, in __call__
    with collapse_excgroups():
  File "C:\Users\Thinkpad\AppData\Local\Programs\Python\Python310\lib\contextlib.py", line 153, in __exit__
    self.gen.throw(typ, value, traceback)
  File "D:\Project\Automated_Testing_FastApi\.venv\lib\site-packages\starlette\_utils.py", line 88, in collapse_excgroups
    raise exc
  File "D:\Project\Automated_Testing_FastApi\.venv\lib\site-packages\starlette\middleware\base.py", line 191, in __call__
    response = await self.dispatch_func(request, call_next)
  File "D:\Project\Automated_Testing_FastApi\main.py", line 27, in db_session_middleware
    response = await call_next(request)
  File "D:\Project\Automated_Testing_FastApi\.venv\lib\site-packages\starlette\middleware\base.py", line 165, in call_next
    raise app_exc
  File "D:\Project\Automated_Testing_FastApi\.venv\lib\site-packages\starlette\middleware\base.py", line 151, in coro
    await self.app(scope, receive_or_disconnect, send_no_error)
  File "D:\Project\Automated_Testing_FastApi\.venv\lib\site-packages\starlette\middleware\exceptions.py", line 62, in __call__
    await wrap_app_handling_exceptions(self.app, conn)(scope, receive, send)
  File "D:\Project\Automated_Testing_FastApi\.venv\lib\site-packages\starlette\_exception_handler.py", line 55, in wrapped_app
    raise exc
  File "D:\Project\Automated_Testing_FastApi\.venv\lib\site-packages\starlette\_exception_handler.py", line 44, in wrapped_app
    await app(scope, receive, sender)
  File "D:\Project\Automated_Testing_FastApi\.venv\lib\site-packages\starlette\routing.py", line 746, in __call__
    await route.handle(scope, receive, send)
  File "D:\Project\Automated_Testing_FastApi\.venv\lib\site-packages\starlette\routing.py", line 288, in handle
    await self.app(scope, receive, send)
  File "D:\Project\Automated_Testing_FastApi\.venv\lib\site-packages\starlette\routing.py", line 75, in app
    await wrap_app_handling_exceptions(app, request)(scope, receive, send)
  File "D:\Project\Automated_Testing_FastApi\.venv\lib\site-packages\starlette\_exception_handler.py", line 55, in wrapped_app
    raise exc
  File "D:\Project\Automated_Testing_FastApi\.venv\lib\site-packages\starlette\_exception_handler.py", line 44, in wrapped_app
    await app(scope, receive, sender)
  File "D:\Project\Automated_Testing_FastApi\.venv\lib\site-packages\starlette\routing.py", line 70, in app
    response = await func(request)
  File "D:\Project\Automated_Testing_FastApi\.venv\lib\site-packages\fastapi\routing.py", line 299, in app
    raise e
  File "D:\Project\Automated_Testing_FastApi\.venv\lib\site-packages\fastapi\routing.py", line 294, in app
    raw_response = await run_endpoint_function(
  File "D:\Project\Automated_Testing_FastApi\.venv\lib\site-packages\fastapi\routing.py", line 193, in run_endpoint_function
    return await run_in_threadpool(dependant.call, **values)
  File "D:\Project\Automated_Testing_FastApi\.venv\lib\site-packages\starlette\concurrency.py", line 35, in run_in_threadpool
    return await anyio.to_thread.run_sync(func, *args)
  File "D:\Project\Automated_Testing_FastApi\.venv\lib\site-packages\anyio\to_thread.py", line 56, in run_sync
    return await get_async_backend().run_sync_in_worker_thread(
  File "D:\Project\Automated_Testing_FastApi\.venv\lib\site-packages\anyio\_backends\_asyncio.py", line 2134, in run_sync_in_worker_thread
    return await future
  File "D:\Project\Automated_Testing_FastApi\.venv\lib\site-packages\anyio\_backends\_asyncio.py", line 851, in run
    result = context.run(func, *args)
  File "D:\Project\Automated_Testing_FastApi\routers\Project.py", line 32, in get_projects_id
    db_project = get_project(project_id, db)
  File "D:\Project\Automated_Testing_FastApi\model\curd.py", line 20, in get_project
    return db.query(models.Project).get(id=project_id)
AttributeError: 'str' object has no attribute 'query'
[2023-12-29 13:21:45] INFO uvicorn.error shutdown() L264  call_trace=D:\Project\Automated_Testing_FastApi\.venv\lib\site-packages\uvicorn\server.py L264  in server: Shutting down
[2023-12-29 13:21:48] INFO uvicorn.error serve() L76   call_trace=D:\Project\Automated_Testing_FastApi\.venv\lib\site-packages\uvicorn\server.py L76   in server: Started server process [3088]
[2023-12-29 13:21:48] INFO uvicorn.error startup() L46   call_trace=D:\Project\Automated_Testing_FastApi\.venv\lib\site-packages\uvicorn\lifespan\on.py L46   in on: Waiting for application startup.
[2023-12-29 13:21:48] INFO uvicorn.error startup() L60   call_trace=D:\Project\Automated_Testing_FastApi\.venv\lib\site-packages\uvicorn\lifespan\on.py L60   in on: Application startup complete.
[2023-12-29 13:21:54] ERROR uvicorn.error run_asgi() L431  call_trace=D:\Project\Automated_Testing_FastApi\.venv\lib\site-packages\uvicorn\protocols\http\httptools_impl.py L431  in httptools_impl: Exception in ASGI application
  + Exception Group Traceback (most recent call last):
  |   File "D:\Project\Automated_Testing_FastApi\.venv\lib\site-packages\starlette\_utils.py", line 82, in collapse_excgroups
  |     yield
  |   File "D:\Project\Automated_Testing_FastApi\.venv\lib\site-packages\starlette\middleware\base.py", line 190, in __call__
  |     async with anyio.create_task_group() as task_group:
  |   File "D:\Project\Automated_Testing_FastApi\.venv\lib\site-packages\anyio\_backends\_asyncio.py", line 678, in __aexit__
  |     raise BaseExceptionGroup(
  | exceptiongroup.ExceptionGroup: unhandled errors in a TaskGroup (1 sub-exception)
  +-+---------------- 1 ----------------
    | Traceback (most recent call last):
    |   File "D:\Project\Automated_Testing_FastApi\.venv\lib\site-packages\uvicorn\protocols\http\httptools_impl.py", line 426, in run_asgi
    |     result = await app(  # type: ignore[func-returns-value]
    |   File "D:\Project\Automated_Testing_FastApi\.venv\lib\site-packages\uvicorn\middleware\proxy_headers.py", line 84, in __call__
    |     return await self.app(scope, receive, send)
    |   File "D:\Project\Automated_Testing_FastApi\.venv\lib\site-packages\fastapi\applications.py", line 1054, in __call__
    |     await super().__call__(scope, receive, send)
    |   File "D:\Project\Automated_Testing_FastApi\.venv\lib\site-packages\starlette\applications.py", line 116, in __call__
    |     await self.middleware_stack(scope, receive, send)
    |   File "D:\Project\Automated_Testing_FastApi\.venv\lib\site-packages\starlette\middleware\errors.py", line 186, in __call__
    |     raise exc
    |   File "D:\Project\Automated_Testing_FastApi\.venv\lib\site-packages\starlette\middleware\errors.py", line 164, in __call__
    |     await self.app(scope, receive, _send)
    |   File "D:\Project\Automated_Testing_FastApi\.venv\lib\site-packages\starlette\middleware\cors.py", line 83, in __call__
    |     await self.app(scope, receive, send)
    |   File "D:\Project\Automated_Testing_FastApi\.venv\lib\site-packages\starlette\middleware\base.py", line 189, in __call__
    |     with collapse_excgroups():
    |   File "C:\Users\Thinkpad\AppData\Local\Programs\Python\Python310\lib\contextlib.py", line 153, in __exit__
    |     self.gen.throw(typ, value, traceback)
    |   File "D:\Project\Automated_Testing_FastApi\.venv\lib\site-packages\starlette\_utils.py", line 88, in collapse_excgroups
    |     raise exc
    |   File "D:\Project\Automated_Testing_FastApi\.venv\lib\site-packages\starlette\middleware\base.py", line 191, in __call__
    |     response = await self.dispatch_func(request, call_next)
    |   File "D:\Project\Automated_Testing_FastApi\main.py", line 27, in db_session_middleware
    |     response = await call_next(request)
    |   File "D:\Project\Automated_Testing_FastApi\.venv\lib\site-packages\starlette\middleware\base.py", line 165, in call_next
    |     raise app_exc
    |   File "D:\Project\Automated_Testing_FastApi\.venv\lib\site-packages\starlette\middleware\base.py", line 151, in coro
    |     await self.app(scope, receive_or_disconnect, send_no_error)
    |   File "D:\Project\Automated_Testing_FastApi\.venv\lib\site-packages\starlette\middleware\exceptions.py", line 62, in __call__
    |     await wrap_app_handling_exceptions(self.app, conn)(scope, receive, send)
    |   File "D:\Project\Automated_Testing_FastApi\.venv\lib\site-packages\starlette\_exception_handler.py", line 55, in wrapped_app
    |     raise exc
    |   File "D:\Project\Automated_Testing_FastApi\.venv\lib\site-packages\starlette\_exception_handler.py", line 44, in wrapped_app
    |     await app(scope, receive, sender)
    |   File "D:\Project\Automated_Testing_FastApi\.venv\lib\site-packages\starlette\routing.py", line 746, in __call__
    |     await route.handle(scope, receive, send)
    |   File "D:\Project\Automated_Testing_FastApi\.venv\lib\site-packages\starlette\routing.py", line 288, in handle
    |     await self.app(scope, receive, send)
    |   File "D:\Project\Automated_Testing_FastApi\.venv\lib\site-packages\starlette\routing.py", line 75, in app
    |     await wrap_app_handling_exceptions(app, request)(scope, receive, send)
    |   File "D:\Project\Automated_Testing_FastApi\.venv\lib\site-packages\starlette\_exception_handler.py", line 55, in wrapped_app
    |     raise exc
    |   File "D:\Project\Automated_Testing_FastApi\.venv\lib\site-packages\starlette\_exception_handler.py", line 44, in wrapped_app
    |     await app(scope, receive, sender)
    |   File "D:\Project\Automated_Testing_FastApi\.venv\lib\site-packages\starlette\routing.py", line 70, in app
    |     response = await func(request)
    |   File "D:\Project\Automated_Testing_FastApi\.venv\lib\site-packages\fastapi\routing.py", line 299, in app
    |     raise e
    |   File "D:\Project\Automated_Testing_FastApi\.venv\lib\site-packages\fastapi\routing.py", line 294, in app
    |     raw_response = await run_endpoint_function(
    |   File "D:\Project\Automated_Testing_FastApi\.venv\lib\site-packages\fastapi\routing.py", line 193, in run_endpoint_function
    |     return await run_in_threadpool(dependant.call, **values)
    |   File "D:\Project\Automated_Testing_FastApi\.venv\lib\site-packages\starlette\concurrency.py", line 35, in run_in_threadpool
    |     return await anyio.to_thread.run_sync(func, *args)
    |   File "D:\Project\Automated_Testing_FastApi\.venv\lib\site-packages\anyio\to_thread.py", line 56, in run_sync
    |     return await get_async_backend().run_sync_in_worker_thread(
    |   File "D:\Project\Automated_Testing_FastApi\.venv\lib\site-packages\anyio\_backends\_asyncio.py", line 2134, in run_sync_in_worker_thread
    |     return await future
    |   File "D:\Project\Automated_Testing_FastApi\.venv\lib\site-packages\anyio\_backends\_asyncio.py", line 851, in run
    |     result = context.run(func, *args)
    |   File "D:\Project\Automated_Testing_FastApi\routers\Project.py", line 32, in get_projects_id
    |     db_project = get_project(project_id, db)
    |   File "D:\Project\Automated_Testing_FastApi\model\curd.py", line 21, in get_project
    |     return db.query(models.Project).get(id=project_id)
    | AttributeError: 'str' object has no attribute 'query'
    +------------------------------------

During handling of the above exception, another exception occurred:

Traceback (most recent call last):
  File "D:\Project\Automated_Testing_FastApi\.venv\lib\site-packages\uvicorn\protocols\http\httptools_impl.py", line 426, in run_asgi
    result = await app(  # type: ignore[func-returns-value]
  File "D:\Project\Automated_Testing_FastApi\.venv\lib\site-packages\uvicorn\middleware\proxy_headers.py", line 84, in __call__
    return await self.app(scope, receive, send)
  File "D:\Project\Automated_Testing_FastApi\.venv\lib\site-packages\fastapi\applications.py", line 1054, in __call__
    await super().__call__(scope, receive, send)
  File "D:\Project\Automated_Testing_FastApi\.venv\lib\site-packages\starlette\applications.py", line 116, in __call__
    await self.middleware_stack(scope, receive, send)
  File "D:\Project\Automated_Testing_FastApi\.venv\lib\site-packages\starlette\middleware\errors.py", line 186, in __call__
    raise exc
  File "D:\Project\Automated_Testing_FastApi\.venv\lib\site-packages\starlette\middleware\errors.py", line 164, in __call__
    await self.app(scope, receive, _send)
  File "D:\Project\Automated_Testing_FastApi\.venv\lib\site-packages\starlette\middleware\cors.py", line 83, in __call__
    await self.app(scope, receive, send)
  File "D:\Project\Automated_Testing_FastApi\.venv\lib\site-packages\starlette\middleware\base.py", line 189, in __call__
    with collapse_excgroups():
  File "C:\Users\Thinkpad\AppData\Local\Programs\Python\Python310\lib\contextlib.py", line 153, in __exit__
    self.gen.throw(typ, value, traceback)
  File "D:\Project\Automated_Testing_FastApi\.venv\lib\site-packages\starlette\_utils.py", line 88, in collapse_excgroups
    raise exc
  File "D:\Project\Automated_Testing_FastApi\.venv\lib\site-packages\starlette\middleware\base.py", line 191, in __call__
    response = await self.dispatch_func(request, call_next)
  File "D:\Project\Automated_Testing_FastApi\main.py", line 27, in db_session_middleware
    response = await call_next(request)
  File "D:\Project\Automated_Testing_FastApi\.venv\lib\site-packages\starlette\middleware\base.py", line 165, in call_next
    raise app_exc
  File "D:\Project\Automated_Testing_FastApi\.venv\lib\site-packages\starlette\middleware\base.py", line 151, in coro
    await self.app(scope, receive_or_disconnect, send_no_error)
  File "D:\Project\Automated_Testing_FastApi\.venv\lib\site-packages\starlette\middleware\exceptions.py", line 62, in __call__
    await wrap_app_handling_exceptions(self.app, conn)(scope, receive, send)
  File "D:\Project\Automated_Testing_FastApi\.venv\lib\site-packages\starlette\_exception_handler.py", line 55, in wrapped_app
    raise exc
  File "D:\Project\Automated_Testing_FastApi\.venv\lib\site-packages\starlette\_exception_handler.py", line 44, in wrapped_app
    await app(scope, receive, sender)
  File "D:\Project\Automated_Testing_FastApi\.venv\lib\site-packages\starlette\routing.py", line 746, in __call__
    await route.handle(scope, receive, send)
  File "D:\Project\Automated_Testing_FastApi\.venv\lib\site-packages\starlette\routing.py", line 288, in handle
    await self.app(scope, receive, send)
  File "D:\Project\Automated_Testing_FastApi\.venv\lib\site-packages\starlette\routing.py", line 75, in app
    await wrap_app_handling_exceptions(app, request)(scope, receive, send)
  File "D:\Project\Automated_Testing_FastApi\.venv\lib\site-packages\starlette\_exception_handler.py", line 55, in wrapped_app
    raise exc
  File "D:\Project\Automated_Testing_FastApi\.venv\lib\site-packages\starlette\_exception_handler.py", line 44, in wrapped_app
    await app(scope, receive, sender)
  File "D:\Project\Automated_Testing_FastApi\.venv\lib\site-packages\starlette\routing.py", line 70, in app
    response = await func(request)
  File "D:\Project\Automated_Testing_FastApi\.venv\lib\site-packages\fastapi\routing.py", line 299, in app
    raise e
  File "D:\Project\Automated_Testing_FastApi\.venv\lib\site-packages\fastapi\routing.py", line 294, in app
    raw_response = await run_endpoint_function(
  File "D:\Project\Automated_Testing_FastApi\.venv\lib\site-packages\fastapi\routing.py", line 193, in run_endpoint_function
    return await run_in_threadpool(dependant.call, **values)
  File "D:\Project\Automated_Testing_FastApi\.venv\lib\site-packages\starlette\concurrency.py", line 35, in run_in_threadpool
    return await anyio.to_thread.run_sync(func, *args)
  File "D:\Project\Automated_Testing_FastApi\.venv\lib\site-packages\anyio\to_thread.py", line 56, in run_sync
    return await get_async_backend().run_sync_in_worker_thread(
  File "D:\Project\Automated_Testing_FastApi\.venv\lib\site-packages\anyio\_backends\_asyncio.py", line 2134, in run_sync_in_worker_thread
    return await future
  File "D:\Project\Automated_Testing_FastApi\.venv\lib\site-packages\anyio\_backends\_asyncio.py", line 851, in run
    result = context.run(func, *args)
  File "D:\Project\Automated_Testing_FastApi\routers\Project.py", line 32, in get_projects_id
    db_project = get_project(project_id, db)
  File "D:\Project\Automated_Testing_FastApi\model\curd.py", line 21, in get_project
    return db.query(models.Project).get(id=project_id)
AttributeError: 'str' object has no attribute 'query'
[2023-12-29 13:24:18] INFO uvicorn.error shutdown() L264  call_trace=D:\Project\Automated_Testing_FastApi\.venv\lib\site-packages\uvicorn\server.py L264  in server: Shutting down
[2023-12-29 13:24:21] INFO uvicorn.error serve() L76   call_trace=D:\Project\Automated_Testing_FastApi\.venv\lib\site-packages\uvicorn\server.py L76   in server: Started server process [19372]
[2023-12-29 13:24:21] INFO uvicorn.error startup() L46   call_trace=D:\Project\Automated_Testing_FastApi\.venv\lib\site-packages\uvicorn\lifespan\on.py L46   in on: Waiting for application startup.
[2023-12-29 13:24:21] INFO uvicorn.error startup() L60   call_trace=D:\Project\Automated_Testing_FastApi\.venv\lib\site-packages\uvicorn\lifespan\on.py L60   in on: Application startup complete.
[2023-12-29 13:24:26] ERROR uvicorn.error run_asgi() L431  call_trace=D:\Project\Automated_Testing_FastApi\.venv\lib\site-packages\uvicorn\protocols\http\httptools_impl.py L431  in httptools_impl: Exception in ASGI application
  + Exception Group Traceback (most recent call last):
  |   File "D:\Project\Automated_Testing_FastApi\.venv\lib\site-packages\starlette\_utils.py", line 82, in collapse_excgroups
  |     yield
  |   File "D:\Project\Automated_Testing_FastApi\.venv\lib\site-packages\starlette\middleware\base.py", line 190, in __call__
  |     async with anyio.create_task_group() as task_group:
  |   File "D:\Project\Automated_Testing_FastApi\.venv\lib\site-packages\anyio\_backends\_asyncio.py", line 678, in __aexit__
  |     raise BaseExceptionGroup(
  | exceptiongroup.ExceptionGroup: unhandled errors in a TaskGroup (1 sub-exception)
  +-+---------------- 1 ----------------
    | Traceback (most recent call last):
    |   File "D:\Project\Automated_Testing_FastApi\.venv\lib\site-packages\uvicorn\protocols\http\httptools_impl.py", line 426, in run_asgi
    |     result = await app(  # type: ignore[func-returns-value]
    |   File "D:\Project\Automated_Testing_FastApi\.venv\lib\site-packages\uvicorn\middleware\proxy_headers.py", line 84, in __call__
    |     return await self.app(scope, receive, send)
    |   File "D:\Project\Automated_Testing_FastApi\.venv\lib\site-packages\fastapi\applications.py", line 1054, in __call__
    |     await super().__call__(scope, receive, send)
    |   File "D:\Project\Automated_Testing_FastApi\.venv\lib\site-packages\starlette\applications.py", line 116, in __call__
    |     await self.middleware_stack(scope, receive, send)
    |   File "D:\Project\Automated_Testing_FastApi\.venv\lib\site-packages\starlette\middleware\errors.py", line 186, in __call__
    |     raise exc
    |   File "D:\Project\Automated_Testing_FastApi\.venv\lib\site-packages\starlette\middleware\errors.py", line 164, in __call__
    |     await self.app(scope, receive, _send)
    |   File "D:\Project\Automated_Testing_FastApi\.venv\lib\site-packages\starlette\middleware\cors.py", line 83, in __call__
    |     await self.app(scope, receive, send)
    |   File "D:\Project\Automated_Testing_FastApi\.venv\lib\site-packages\starlette\middleware\base.py", line 189, in __call__
    |     with collapse_excgroups():
    |   File "C:\Users\Thinkpad\AppData\Local\Programs\Python\Python310\lib\contextlib.py", line 153, in __exit__
    |     self.gen.throw(typ, value, traceback)
    |   File "D:\Project\Automated_Testing_FastApi\.venv\lib\site-packages\starlette\_utils.py", line 88, in collapse_excgroups
    |     raise exc
    |   File "D:\Project\Automated_Testing_FastApi\.venv\lib\site-packages\starlette\middleware\base.py", line 191, in __call__
    |     response = await self.dispatch_func(request, call_next)
    |   File "D:\Project\Automated_Testing_FastApi\main.py", line 27, in db_session_middleware
    |     response = await call_next(request)
    |   File "D:\Project\Automated_Testing_FastApi\.venv\lib\site-packages\starlette\middleware\base.py", line 165, in call_next
    |     raise app_exc
    |   File "D:\Project\Automated_Testing_FastApi\.venv\lib\site-packages\starlette\middleware\base.py", line 151, in coro
    |     await self.app(scope, receive_or_disconnect, send_no_error)
    |   File "D:\Project\Automated_Testing_FastApi\.venv\lib\site-packages\starlette\middleware\exceptions.py", line 62, in __call__
    |     await wrap_app_handling_exceptions(self.app, conn)(scope, receive, send)
    |   File "D:\Project\Automated_Testing_FastApi\.venv\lib\site-packages\starlette\_exception_handler.py", line 55, in wrapped_app
    |     raise exc
    |   File "D:\Project\Automated_Testing_FastApi\.venv\lib\site-packages\starlette\_exception_handler.py", line 44, in wrapped_app
    |     await app(scope, receive, sender)
    |   File "D:\Project\Automated_Testing_FastApi\.venv\lib\site-packages\starlette\routing.py", line 746, in __call__
    |     await route.handle(scope, receive, send)
    |   File "D:\Project\Automated_Testing_FastApi\.venv\lib\site-packages\starlette\routing.py", line 288, in handle
    |     await self.app(scope, receive, send)
    |   File "D:\Project\Automated_Testing_FastApi\.venv\lib\site-packages\starlette\routing.py", line 75, in app
    |     await wrap_app_handling_exceptions(app, request)(scope, receive, send)
    |   File "D:\Project\Automated_Testing_FastApi\.venv\lib\site-packages\starlette\_exception_handler.py", line 55, in wrapped_app
    |     raise exc
    |   File "D:\Project\Automated_Testing_FastApi\.venv\lib\site-packages\starlette\_exception_handler.py", line 44, in wrapped_app
    |     await app(scope, receive, sender)
    |   File "D:\Project\Automated_Testing_FastApi\.venv\lib\site-packages\starlette\routing.py", line 70, in app
    |     response = await func(request)
    |   File "D:\Project\Automated_Testing_FastApi\.venv\lib\site-packages\fastapi\routing.py", line 299, in app
    |     raise e
    |   File "D:\Project\Automated_Testing_FastApi\.venv\lib\site-packages\fastapi\routing.py", line 294, in app
    |     raw_response = await run_endpoint_function(
    |   File "D:\Project\Automated_Testing_FastApi\.venv\lib\site-packages\fastapi\routing.py", line 193, in run_endpoint_function
    |     return await run_in_threadpool(dependant.call, **values)
    |   File "D:\Project\Automated_Testing_FastApi\.venv\lib\site-packages\starlette\concurrency.py", line 35, in run_in_threadpool
    |     return await anyio.to_thread.run_sync(func, *args)
    |   File "D:\Project\Automated_Testing_FastApi\.venv\lib\site-packages\anyio\to_thread.py", line 56, in run_sync
    |     return await get_async_backend().run_sync_in_worker_thread(
    |   File "D:\Project\Automated_Testing_FastApi\.venv\lib\site-packages\anyio\_backends\_asyncio.py", line 2134, in run_sync_in_worker_thread
    |     return await future
    |   File "D:\Project\Automated_Testing_FastApi\.venv\lib\site-packages\anyio\_backends\_asyncio.py", line 851, in run
    |     result = context.run(func, *args)
    |   File "D:\Project\Automated_Testing_FastApi\routers\Project.py", line 32, in get_projects_id
    |     db_project = get_project(project_id, db)
    |   File "D:\Project\Automated_Testing_FastApi\model\curd.py", line 20, in get_project
    |     return db.query(models.Project).get(project_id)
    | AttributeError: 'str' object has no attribute 'query'
    +------------------------------------

During handling of the above exception, another exception occurred:

Traceback (most recent call last):
  File "D:\Project\Automated_Testing_FastApi\.venv\lib\site-packages\uvicorn\protocols\http\httptools_impl.py", line 426, in run_asgi
    result = await app(  # type: ignore[func-returns-value]
  File "D:\Project\Automated_Testing_FastApi\.venv\lib\site-packages\uvicorn\middleware\proxy_headers.py", line 84, in __call__
    return await self.app(scope, receive, send)
  File "D:\Project\Automated_Testing_FastApi\.venv\lib\site-packages\fastapi\applications.py", line 1054, in __call__
    await super().__call__(scope, receive, send)
  File "D:\Project\Automated_Testing_FastApi\.venv\lib\site-packages\starlette\applications.py", line 116, in __call__
    await self.middleware_stack(scope, receive, send)
  File "D:\Project\Automated_Testing_FastApi\.venv\lib\site-packages\starlette\middleware\errors.py", line 186, in __call__
    raise exc
  File "D:\Project\Automated_Testing_FastApi\.venv\lib\site-packages\starlette\middleware\errors.py", line 164, in __call__
    await self.app(scope, receive, _send)
  File "D:\Project\Automated_Testing_FastApi\.venv\lib\site-packages\starlette\middleware\cors.py", line 83, in __call__
    await self.app(scope, receive, send)
  File "D:\Project\Automated_Testing_FastApi\.venv\lib\site-packages\starlette\middleware\base.py", line 189, in __call__
    with collapse_excgroups():
  File "C:\Users\Thinkpad\AppData\Local\Programs\Python\Python310\lib\contextlib.py", line 153, in __exit__
    self.gen.throw(typ, value, traceback)
  File "D:\Project\Automated_Testing_FastApi\.venv\lib\site-packages\starlette\_utils.py", line 88, in collapse_excgroups
    raise exc
  File "D:\Project\Automated_Testing_FastApi\.venv\lib\site-packages\starlette\middleware\base.py", line 191, in __call__
    response = await self.dispatch_func(request, call_next)
  File "D:\Project\Automated_Testing_FastApi\main.py", line 27, in db_session_middleware
    response = await call_next(request)
  File "D:\Project\Automated_Testing_FastApi\.venv\lib\site-packages\starlette\middleware\base.py", line 165, in call_next
    raise app_exc
  File "D:\Project\Automated_Testing_FastApi\.venv\lib\site-packages\starlette\middleware\base.py", line 151, in coro
    await self.app(scope, receive_or_disconnect, send_no_error)
  File "D:\Project\Automated_Testing_FastApi\.venv\lib\site-packages\starlette\middleware\exceptions.py", line 62, in __call__
    await wrap_app_handling_exceptions(self.app, conn)(scope, receive, send)
  File "D:\Project\Automated_Testing_FastApi\.venv\lib\site-packages\starlette\_exception_handler.py", line 55, in wrapped_app
    raise exc
  File "D:\Project\Automated_Testing_FastApi\.venv\lib\site-packages\starlette\_exception_handler.py", line 44, in wrapped_app
    await app(scope, receive, sender)
  File "D:\Project\Automated_Testing_FastApi\.venv\lib\site-packages\starlette\routing.py", line 746, in __call__
    await route.handle(scope, receive, send)
  File "D:\Project\Automated_Testing_FastApi\.venv\lib\site-packages\starlette\routing.py", line 288, in handle
    await self.app(scope, receive, send)
  File "D:\Project\Automated_Testing_FastApi\.venv\lib\site-packages\starlette\routing.py", line 75, in app
    await wrap_app_handling_exceptions(app, request)(scope, receive, send)
  File "D:\Project\Automated_Testing_FastApi\.venv\lib\site-packages\starlette\_exception_handler.py", line 55, in wrapped_app
    raise exc
  File "D:\Project\Automated_Testing_FastApi\.venv\lib\site-packages\starlette\_exception_handler.py", line 44, in wrapped_app
    await app(scope, receive, sender)
  File "D:\Project\Automated_Testing_FastApi\.venv\lib\site-packages\starlette\routing.py", line 70, in app
    response = await func(request)
  File "D:\Project\Automated_Testing_FastApi\.venv\lib\site-packages\fastapi\routing.py", line 299, in app
    raise e
  File "D:\Project\Automated_Testing_FastApi\.venv\lib\site-packages\fastapi\routing.py", line 294, in app
    raw_response = await run_endpoint_function(
  File "D:\Project\Automated_Testing_FastApi\.venv\lib\site-packages\fastapi\routing.py", line 193, in run_endpoint_function
    return await run_in_threadpool(dependant.call, **values)
  File "D:\Project\Automated_Testing_FastApi\.venv\lib\site-packages\starlette\concurrency.py", line 35, in run_in_threadpool
    return await anyio.to_thread.run_sync(func, *args)
  File "D:\Project\Automated_Testing_FastApi\.venv\lib\site-packages\anyio\to_thread.py", line 56, in run_sync
    return await get_async_backend().run_sync_in_worker_thread(
  File "D:\Project\Automated_Testing_FastApi\.venv\lib\site-packages\anyio\_backends\_asyncio.py", line 2134, in run_sync_in_worker_thread
    return await future
  File "D:\Project\Automated_Testing_FastApi\.venv\lib\site-packages\anyio\_backends\_asyncio.py", line 851, in run
    result = context.run(func, *args)
  File "D:\Project\Automated_Testing_FastApi\routers\Project.py", line 32, in get_projects_id
    db_project = get_project(project_id, db)
  File "D:\Project\Automated_Testing_FastApi\model\curd.py", line 20, in get_project
    return db.query(models.Project).get(project_id)
AttributeError: 'str' object has no attribute 'query'
[2023-12-29 13:25:18] INFO uvicorn.error shutdown() L264  call_trace=D:\Project\Automated_Testing_FastApi\.venv\lib\site-packages\uvicorn\server.py L264  in server: Shutting down
[2023-12-29 13:25:22] INFO uvicorn.error serve() L76   call_trace=D:\Project\Automated_Testing_FastApi\.venv\lib\site-packages\uvicorn\server.py L76   in server: Started server process [22084]
[2023-12-29 13:25:22] INFO uvicorn.error startup() L46   call_trace=D:\Project\Automated_Testing_FastApi\.venv\lib\site-packages\uvicorn\lifespan\on.py L46   in on: Waiting for application startup.
[2023-12-29 13:25:22] INFO uvicorn.error startup() L60   call_trace=D:\Project\Automated_Testing_FastApi\.venv\lib\site-packages\uvicorn\lifespan\on.py L60   in on: Application startup complete.
[2023-12-29 13:35:30] INFO uvicorn.error shutdown() L264  call_trace=D:\Project\Automated_Testing_FastApi\.venv\lib\site-packages\uvicorn\server.py L264  in server: Shutting down
[2023-12-29 13:35:30] INFO uvicorn.error shutdown() L65   call_trace=D:\Project\Automated_Testing_FastApi\.venv\lib\site-packages\uvicorn\lifespan\on.py L65   in on: Waiting for application shutdown.
[2023-12-29 13:35:30] INFO uvicorn.error shutdown() L76   call_trace=D:\Project\Automated_Testing_FastApi\.venv\lib\site-packages\uvicorn\lifespan\on.py L76   in on: Application shutdown complete.
[2023-12-29 13:35:30] INFO uvicorn.error serve() L86   call_trace=D:\Project\Automated_Testing_FastApi\.venv\lib\site-packages\uvicorn\server.py L86   in server: Finished server process [22084]
[2023-12-29 13:35:34] INFO uvicorn.error serve() L76   call_trace=D:\Project\Automated_Testing_FastApi\.venv\lib\site-packages\uvicorn\server.py L76   in server: Started server process [16144]
[2023-12-29 13:35:34] INFO uvicorn.error startup() L46   call_trace=D:\Project\Automated_Testing_FastApi\.venv\lib\site-packages\uvicorn\lifespan\on.py L46   in on: Waiting for application startup.
[2023-12-29 13:35:34] INFO uvicorn.error startup() L60   call_trace=D:\Project\Automated_Testing_FastApi\.venv\lib\site-packages\uvicorn\lifespan\on.py L60   in on: Application startup complete.
[2023-12-29 13:37:06] INFO uvicorn.error shutdown() L264  call_trace=D:\Project\Automated_Testing_FastApi\.venv\lib\site-packages\uvicorn\server.py L264  in server: Shutting down
[2023-12-29 13:37:08] INFO uvicorn.error serve() L76   call_trace=D:\Project\Automated_Testing_FastApi\.venv\lib\site-packages\uvicorn\server.py L76   in server: Started server process [15800]
[2023-12-29 13:37:08] INFO uvicorn.error startup() L46   call_trace=D:\Project\Automated_Testing_FastApi\.venv\lib\site-packages\uvicorn\lifespan\on.py L46   in on: Waiting for application startup.
[2023-12-29 13:37:08] INFO uvicorn.error startup() L60   call_trace=D:\Project\Automated_Testing_FastApi\.venv\lib\site-packages\uvicorn\lifespan\on.py L60   in on: Application startup complete.
[2023-12-29 13:37:52] INFO uvicorn.error shutdown() L264  call_trace=D:\Project\Automated_Testing_FastApi\.venv\lib\site-packages\uvicorn\server.py L264  in server: Shutting down
[2023-12-29 13:38:00] INFO uvicorn.error serve() L76   call_trace=D:\Project\Automated_Testing_FastApi\.venv\lib\site-packages\uvicorn\server.py L76   in server: Started server process [4040]
[2023-12-29 13:38:00] INFO uvicorn.error startup() L46   call_trace=D:\Project\Automated_Testing_FastApi\.venv\lib\site-packages\uvicorn\lifespan\on.py L46   in on: Waiting for application startup.
[2023-12-29 13:38:00] INFO uvicorn.error startup() L60   call_trace=D:\Project\Automated_Testing_FastApi\.venv\lib\site-packages\uvicorn\lifespan\on.py L60   in on: Application startup complete.
[2023-12-29 13:38:13] INFO uvicorn.error shutdown() L264  call_trace=D:\Project\Automated_Testing_FastApi\.venv\lib\site-packages\uvicorn\server.py L264  in server: Shutting down
[2023-12-29 13:38:13] INFO uvicorn.error shutdown() L65   call_trace=D:\Project\Automated_Testing_FastApi\.venv\lib\site-packages\uvicorn\lifespan\on.py L65   in on: Waiting for application shutdown.
[2023-12-29 13:38:13] INFO uvicorn.error shutdown() L76   call_trace=D:\Project\Automated_Testing_FastApi\.venv\lib\site-packages\uvicorn\lifespan\on.py L76   in on: Application shutdown complete.
[2023-12-29 13:38:13] INFO uvicorn.error serve() L86   call_trace=D:\Project\Automated_Testing_FastApi\.venv\lib\site-packages\uvicorn\server.py L86   in server: Finished server process [4040]
[2023-12-29 13:38:14] INFO uvicorn.error serve() L76   call_trace=D:\Project\Automated_Testing_FastApi\.venv\lib\site-packages\uvicorn\server.py L76   in server: Started server process [16232]
[2023-12-29 13:38:14] INFO uvicorn.error startup() L46   call_trace=D:\Project\Automated_Testing_FastApi\.venv\lib\site-packages\uvicorn\lifespan\on.py L46   in on: Waiting for application startup.
[2023-12-29 13:38:14] INFO uvicorn.error startup() L60   call_trace=D:\Project\Automated_Testing_FastApi\.venv\lib\site-packages\uvicorn\lifespan\on.py L60   in on: Application startup complete.
[2023-12-29 13:43:54] INFO uvicorn.error shutdown() L264  call_trace=D:\Project\Automated_Testing_FastApi\.venv\lib\site-packages\uvicorn\server.py L264  in server: Shutting down
[2023-12-29 13:43:57] INFO uvicorn.error serve() L76   call_trace=D:\Project\Automated_Testing_FastApi\.venv\lib\site-packages\uvicorn\server.py L76   in server: Started server process [22508]
[2023-12-29 13:43:57] INFO uvicorn.error startup() L46   call_trace=D:\Project\Automated_Testing_FastApi\.venv\lib\site-packages\uvicorn\lifespan\on.py L46   in on: Waiting for application startup.
[2023-12-29 13:43:57] INFO uvicorn.error startup() L60   call_trace=D:\Project\Automated_Testing_FastApi\.venv\lib\site-packages\uvicorn\lifespan\on.py L60   in on: Application startup complete.
[2023-12-29 13:47:19] INFO uvicorn.error shutdown() L264  call_trace=D:\Project\Automated_Testing_FastApi\.venv\lib\site-packages\uvicorn\server.py L264  in server: Shutting down
[2023-12-29 13:47:19] INFO uvicorn.error shutdown() L65   call_trace=D:\Project\Automated_Testing_FastApi\.venv\lib\site-packages\uvicorn\lifespan\on.py L65   in on: Waiting for application shutdown.
[2023-12-29 13:47:19] INFO uvicorn.error shutdown() L76   call_trace=D:\Project\Automated_Testing_FastApi\.venv\lib\site-packages\uvicorn\lifespan\on.py L76   in on: Application shutdown complete.
[2023-12-29 13:47:19] INFO uvicorn.error serve() L86   call_trace=D:\Project\Automated_Testing_FastApi\.venv\lib\site-packages\uvicorn\server.py L86   in server: Finished server process [22508]
